2026-07-07 17:17:00,658 - INFO: 开始创建LSTM模型对象:LSTMModel(
  (lstm): LSTM(6, 64, num_layers=3, batch_first=True, dropout=0.3)
  (fc): Sequential(
    (0): Linear(in_features=64, out_features=64, bias=True)
    (1): ReLU()
    (2): Dropout(p=0.3, inplace=False)
    (3): Linear(in_features=64, out_features=32, bias=True)
    (4): ReLU()
    (5): Dropout(p=0.2, inplace=False)
    (6): Linear(in_features=32, out_features=2, bias=True)
  )
)
2026-07-07 17:17:03,057 - INFO: 当前轮数:0，当前轮的平均损失:0.6944,当前轮测试集的正确率(Accuracy):51.4957%,当前轮验证集的正确率为:52.5253%,耗时：0.5651s
2026-07-07 17:17:03,489 - INFO: 当前轮数:1，当前轮的平均损失:0.6934,当前轮测试集的正确率(Accuracy):51.4957%,当前轮验证集的正确率为:52.5253%,耗时：0.4261s
2026-07-07 17:17:03,879 - INFO: 当前轮数:2，当前轮的平均损失:0.6928,当前轮测试集的正确率(Accuracy):50.8547%,当前轮验证集的正确率为:52.5253%,耗时：0.3900s
2026-07-07 17:17:04,250 - INFO: 当前轮数:3，当前轮的平均损失:0.6928,当前轮测试集的正确率(Accuracy):50.8547%,当前轮验证集的正确率为:52.5253%,耗时：0.3702s
2026-07-07 17:17:04,642 - INFO: 当前轮数:4，当前轮的平均损失:0.6931,当前轮测试集的正确率(Accuracy):51.3889%,当前轮验证集的正确率为:52.5253%,耗时：0.3911s
2026-07-07 17:17:05,068 - INFO: 当前轮数:5，当前轮的平均损失:0.6927,当前轮测试集的正确率(Accuracy):51.7094%,当前轮验证集的正确率为:47.4747%,耗时：0.4269s
2026-07-07 17:17:05,484 - INFO: 当前轮数:6，当前轮的平均损失:0.6921,当前轮测试集的正确率(Accuracy):53.2051%,当前轮验证集的正确率为:47.4747%,耗时：0.4151s
2026-07-07 17:17:05,857 - INFO: 当前轮数:7，当前轮的平均损失:0.6924,当前轮测试集的正确率(Accuracy):51.3889%,当前轮验证集的正确率为:50.5051%,耗时：0.3734s
2026-07-07 17:17:06,240 - INFO: 当前轮数:8，当前轮的平均损失:0.6905,当前轮测试集的正确率(Accuracy):54.4872%,当前轮验证集的正确率为:47.4747%,耗时：0.3834s
2026-07-07 17:17:06,597 - INFO: 当前轮数:9，当前轮的平均损失:0.6927,当前轮测试集的正确率(Accuracy):51.3889%,当前轮验证集的正确率为:47.4747%,耗时：0.3567s
2026-07-07 17:17:06,986 - INFO: 当前轮数:10，当前轮的平均损失:0.6930,当前轮测试集的正确率(Accuracy):53.3120%,当前轮验证集的正确率为:47.4747%,耗时：0.3894s
2026-07-07 17:17:07,389 - INFO: 当前轮数:11，当前轮的平均损失:0.6920,当前轮测试集的正确率(Accuracy):53.6325%,当前轮验证集的正确率为:47.4747%,耗时：0.4022s
2026-07-07 17:17:07,829 - INFO: 当前轮数:12，当前轮的平均损失:0.6907,当前轮测试集的正确率(Accuracy):53.3120%,当前轮验证集的正确率为:47.4747%,耗时：0.4397s
2026-07-07 17:17:08,279 - INFO: 当前轮数:13，当前轮的平均损失:0.6915,当前轮测试集的正确率(Accuracy):53.4188%,当前轮验证集的正确率为:47.4747%,耗时：0.4490s
2026-07-07 17:17:08,709 - INFO: 当前轮数:14，当前轮的平均损失:0.6920,当前轮测试集的正确率(Accuracy):52.8846%,当前轮验证集的正确率为:47.4747%,耗时：0.4304s
2026-07-07 17:17:09,151 - INFO: 当前轮数:15，当前轮的平均损失:0.6902,当前轮测试集的正确率(Accuracy):53.7393%,当前轮验证集的正确率为:47.4747%,耗时：0.4406s
2026-07-07 17:17:09,151 - INFO: 早停策略触发。当前训练轮数为:15
2026-07-07 17:17:09,151 - INFO: 模型训练结束,当前时间为:2026-07-07 17:17:09
2026-07-07 17:17:09,680 - INFO: 当前轮数:0，当前轮的平均损失:0.6944,当前轮测试集的正确率(Accuracy):51.7797%,当前轮验证集的正确率为:43.8776%,耗时：0.5141s
2026-07-07 17:17:10,165 - INFO: 当前轮数:1，当前轮的平均损失:0.6933,当前轮测试集的正确率(Accuracy):50.0847%,当前轮验证集的正确率为:56.1224%,耗时：0.4836s
2026-07-07 17:17:10,658 - INFO: 当前轮数:2，当前轮的平均损失:0.6932,当前轮测试集的正确率(Accuracy):51.1017%,当前轮验证集的正确率为:56.1224%,耗时：0.4925s
2026-07-07 17:17:11,181 - INFO: 当前轮数:3，当前轮的平均损失:0.6922,当前轮测试集的正确率(Accuracy):51.8644%,当前轮验证集的正确率为:43.8776%,耗时：0.5224s
2026-07-07 17:17:11,687 - INFO: 当前轮数:4，当前轮的平均损失:0.6926,当前轮测试集的正确率(Accuracy):51.5254%,当前轮验证集的正确率为:43.8776%,耗时：0.5051s
2026-07-07 17:17:12,277 - INFO: 当前轮数:5，当前轮的平均损失:0.6923,当前轮测试集的正确率(Accuracy):51.2712%,当前轮验证集的正确率为:43.8776%,耗时：0.5896s
2026-07-07 17:17:12,850 - INFO: 当前轮数:6，当前轮的平均损失:0.6923,当前轮测试集的正确率(Accuracy):51.8644%,当前轮验证集的正确率为:43.8776%,耗时：0.5727s
2026-07-07 17:17:13,366 - INFO: 当前轮数:7，当前轮的平均损失:0.6926,当前轮测试集的正确率(Accuracy):50.5932%,当前轮验证集的正确率为:43.8776%,耗时：0.5159s
2026-07-07 17:17:13,891 - INFO: 当前轮数:8，当前轮的平均损失:0.6919,当前轮测试集的正确率(Accuracy):51.3559%,当前轮验证集的正确率为:43.8776%,耗时：0.5251s
2026-07-07 17:17:14,424 - INFO: 当前轮数:9，当前轮的平均损失:0.6925,当前轮测试集的正确率(Accuracy):53.1356%,当前轮验证集的正确率为:43.8776%,耗时：0.5325s
2026-07-07 17:17:15,001 - INFO: 当前轮数:10，当前轮的平均损失:0.6920,当前轮测试集的正确率(Accuracy):51.8644%,当前轮验证集的正确率为:43.8776%,耗时：0.5774s
2026-07-07 17:17:15,594 - INFO: 当前轮数:11，当前轮的平均损失:0.6923,当前轮测试集的正确率(Accuracy):51.7797%,当前轮验证集的正确率为:43.8776%,耗时：0.5928s
2026-07-07 17:17:16,170 - INFO: 当前轮数:12，当前轮的平均损失:0.6930,当前轮测试集的正确率(Accuracy):51.1017%,当前轮验证集的正确率为:43.8776%,耗时：0.5750s
2026-07-07 17:17:16,698 - INFO: 当前轮数:13，当前轮的平均损失:0.6915,当前轮测试集的正确率(Accuracy):53.1356%,当前轮验证集的正确率为:43.8776%,耗时：0.5278s
2026-07-07 17:17:17,324 - INFO: 当前轮数:14，当前轮的平均损失:0.6918,当前轮测试集的正确率(Accuracy):52.2034%,当前轮验证集的正确率为:43.8776%,耗时：0.6260s
2026-07-07 17:17:17,912 - INFO: 当前轮数:15，当前轮的平均损失:0.6919,当前轮测试集的正确率(Accuracy):52.7966%,当前轮验证集的正确率为:43.8776%,耗时：0.5884s
2026-07-07 17:17:18,504 - INFO: 当前轮数:16，当前轮的平均损失:0.6921,当前轮测试集的正确率(Accuracy):52.2034%,当前轮验证集的正确率为:43.8776%,耗时：0.5908s
2026-07-07 17:17:18,504 - INFO: 早停策略触发。当前训练轮数为:16
2026-07-07 17:17:18,504 - INFO: 模型训练结束,当前时间为:2026-07-07 17:17:18
2026-07-07 17:17:19,271 - INFO: 当前轮数:0，当前轮的平均损失:0.6937,当前轮测试集的正确率(Accuracy):50.7379%,当前轮验证集的正确率为:50.5051%,耗时：0.7592s
2026-07-07 17:17:19,931 - INFO: 当前轮数:1，当前轮的平均损失:0.6924,当前轮测试集的正确率(Accuracy):52.0028%,当前轮验证集的正确率为:50.5051%,耗时：0.6577s
2026-07-07 17:17:20,623 - INFO: 当前轮数:2，当前轮的平均损失:0.6927,当前轮测试集的正确率(Accuracy):51.9325%,当前轮验证集的正确率为:50.5051%,耗时：0.6928s
2026-07-07 17:17:21,320 - INFO: 当前轮数:3，当前轮的平均损失:0.6924,当前轮测试集的正确率(Accuracy):52.0028%,当前轮验证集的正确率为:50.5051%,耗时：0.6967s
2026-07-07 17:17:22,166 - INFO: 当前轮数:4，当前轮的平均损失:0.6927,当前轮测试集的正确率(Accuracy):51.6514%,当前轮验证集的正确率为:50.5051%,耗时：0.8454s
2026-07-07 17:17:22,865 - INFO: 当前轮数:5，当前轮的平均损失:0.6924,当前轮测试集的正确率(Accuracy):51.8623%,当前轮验证集的正确率为:50.5051%,耗时：0.6988s
2026-07-07 17:17:23,589 - INFO: 当前轮数:6，当前轮的平均损失:0.6927,当前轮测试集的正确率(Accuracy):51.8623%,当前轮验证集的正确率为:50.5051%,耗时：0.7241s
2026-07-07 17:17:24,414 - INFO: 当前轮数:7，当前轮的平均损失:0.6922,当前轮测试集的正确率(Accuracy):51.5812%,当前轮验证集的正确率为:50.5051%,耗时：0.8231s
2026-07-07 17:17:25,167 - INFO: 当前轮数:8，当前轮的平均损失:0.6922,当前轮测试集的正确率(Accuracy):51.9325%,当前轮验证集的正确率为:50.5051%,耗时：0.7533s
2026-07-07 17:17:25,970 - INFO: 当前轮数:9，当前轮的平均损失:0.6921,当前轮测试集的正确率(Accuracy):51.8623%,当前轮验证集的正确率为:50.5051%,耗时：0.8034s
2026-07-07 17:17:26,792 - INFO: 当前轮数:10，当前轮的平均损失:0.6921,当前轮测试集的正确率(Accuracy):51.7217%,当前轮验证集的正确率为:50.5051%,耗时：0.8217s
2026-07-07 17:17:27,520 - INFO: 当前轮数:11，当前轮的平均损失:0.6923,当前轮测试集的正确率(Accuracy):51.7920%,当前轮验证集的正确率为:50.5051%,耗时：0.7283s
2026-07-07 17:17:28,254 - INFO: 当前轮数:12，当前轮的平均损失:0.6925,当前轮测试集的正确率(Accuracy):50.9487%,当前轮验证集的正确率为:50.5051%,耗时：0.7340s
2026-07-07 17:17:28,987 - INFO: 当前轮数:13，当前轮的平均损失:0.6927,当前轮测试集的正确率(Accuracy):51.5812%,当前轮验证集的正确率为:50.5051%,耗时：0.7327s
2026-07-07 17:17:29,698 - INFO: 当前轮数:14，当前轮的平均损失:0.6924,当前轮测试集的正确率(Accuracy):51.8623%,当前轮验证集的正确率为:50.5051%,耗时：0.7109s
2026-07-07 17:17:30,506 - INFO: 当前轮数:15，当前轮的平均损失:0.6924,当前轮测试集的正确率(Accuracy):51.7920%,当前轮验证集的正确率为:50.5051%,耗时：0.8083s
2026-07-07 17:17:30,511 - INFO: 早停策略触发。当前训练轮数为:15
2026-07-07 17:17:30,511 - INFO: 模型训练结束,当前时间为:2026-07-07 17:17:30
2026-07-07 17:17:31,389 - INFO: 当前轮数:0，当前轮的平均损失:0.6925,当前轮测试集的正确率(Accuracy):51.8607%,当前轮验证集的正确率为:47.9592%,耗时：0.8761s
2026-07-07 17:17:32,366 - INFO: 当前轮数:1，当前轮的平均损失:0.6926,当前轮测试集的正确率(Accuracy):51.3205%,当前轮验证集的正确率为:47.9592%,耗时：0.9757s
2026-07-07 17:17:33,252 - INFO: 当前轮数:2，当前轮的平均损失:0.6925,当前轮测试集的正确率(Accuracy):51.6807%,当前轮验证集的正确率为:47.9592%,耗时：0.8864s
2026-07-07 17:17:34,234 - INFO: 当前轮数:3，当前轮的平均损失:0.6925,当前轮测试集的正确率(Accuracy):51.3205%,当前轮验证集的正确率为:47.9592%,耗时：0.9805s
2026-07-07 17:17:35,233 - INFO: 当前轮数:4，当前轮的平均损失:0.6926,当前轮测试集的正确率(Accuracy):51.8007%,当前轮验证集的正确率为:47.9592%,耗时：0.9994s
2026-07-07 17:17:36,252 - INFO: 当前轮数:5，当前轮的平均损失:0.6927,当前轮测试集的正确率(Accuracy):51.8007%,当前轮验证集的正确率为:47.9592%,耗时：1.0186s
2026-07-07 17:17:37,423 - INFO: 当前轮数:6，当前轮的平均损失:0.6926,当前轮测试集的正确率(Accuracy):51.8007%,当前轮验证集的正确率为:47.9592%,耗时：1.1712s
2026-07-07 17:17:38,970 - INFO: 当前轮数:7，当前轮的平均损失:0.6928,当前轮测试集的正确率(Accuracy):51.8007%,当前轮验证集的正确率为:47.9592%,耗时：1.5472s
2026-07-07 17:17:40,630 - INFO: 当前轮数:8，当前轮的平均损失:0.6924,当前轮测试集的正确率(Accuracy):51.8007%,当前轮验证集的正确率为:47.9592%,耗时：1.6592s
2026-07-07 17:17:42,450 - INFO: 当前轮数:9，当前轮的平均损失:0.6924,当前轮测试集的正确率(Accuracy):51.8607%,当前轮验证集的正确率为:47.9592%,耗时：1.8198s
2026-07-07 17:17:44,216 - INFO: 当前轮数:10，当前轮的平均损失:0.6925,当前轮测试集的正确率(Accuracy):51.8007%,当前轮验证集的正确率为:47.9592%,耗时：1.7654s
2026-07-07 17:17:46,081 - INFO: 当前轮数:11，当前轮的平均损失:0.6924,当前轮测试集的正确率(Accuracy):51.8007%,当前轮验证集的正确率为:47.9592%,耗时：1.8655s
2026-07-07 17:17:48,087 - INFO: 当前轮数:12，当前轮的平均损失:0.6926,当前轮测试集的正确率(Accuracy):51.8007%,当前轮验证集的正确率为:47.9592%,耗时：2.0059s
2026-07-07 17:17:49,747 - INFO: 当前轮数:13，当前轮的平均损失:0.6928,当前轮测试集的正确率(Accuracy):51.8007%,当前轮验证集的正确率为:47.9592%,耗时：1.6599s
2026-07-07 17:17:51,393 - INFO: 当前轮数:14，当前轮的平均损失:0.6924,当前轮测试集的正确率(Accuracy):51.8007%,当前轮验证集的正确率为:47.9592%,耗时：1.6457s
2026-07-07 17:17:52,901 - INFO: 当前轮数:15，当前轮的平均损失:0.6928,当前轮测试集的正确率(Accuracy):51.8007%,当前轮验证集的正确率为:47.9592%,耗时：1.5073s
2026-07-07 17:17:52,901 - INFO: 早停策略触发。当前训练轮数为:15
2026-07-07 17:17:52,901 - INFO: 模型训练结束,当前时间为:2026-07-07 17:17:52
2026-07-07 17:17:54,439 - INFO: 当前轮数:0，当前轮的平均损失:0.6928,当前轮测试集的正确率(Accuracy):50.9958%,当前轮验证集的正确率为:45.9184%,耗时：1.5287s
2026-07-07 17:17:55,886 - INFO: 当前轮数:1，当前轮的平均损失:0.6928,当前轮测试集的正确率(Accuracy):50.2621%,当前轮验证集的正确率为:45.9184%,耗时：1.4467s
2026-07-07 17:17:57,191 - INFO: 当前轮数:2，当前轮的平均损失:0.6927,当前轮测试集的正确率(Accuracy):50.1572%,当前轮验证集的正确率为:45.9184%,耗时：1.3044s
2026-07-07 17:17:58,379 - INFO: 当前轮数:3，当前轮的平均损失:0.6930,当前轮测试集的正确率(Accuracy):49.6331%,当前轮验证集的正确率为:45.9184%,耗时：1.1881s
2026-07-07 17:17:59,538 - INFO: 当前轮数:4，当前轮的平均损失:0.6926,当前轮测试集的正确率(Accuracy):49.9476%,当前轮验证集的正确率为:45.9184%,耗时：1.1594s
2026-07-07 17:18:00,730 - INFO: 当前轮数:5，当前轮的平均损失:0.6931,当前轮测试集的正确率(Accuracy):50.8386%,当前轮验证集的正确率为:45.9184%,耗时：1.1915s
2026-07-07 17:18:01,768 - INFO: 当前轮数:6，当前轮的平均损失:0.6927,当前轮测试集的正确率(Accuracy):50.5241%,当前轮验证集的正确率为:45.9184%,耗时：1.0386s
2026-07-07 17:18:02,889 - INFO: 当前轮数:7，当前轮的平均损失:0.6925,当前轮测试集的正确率(Accuracy):50.5765%,当前轮验证集的正确率为:45.9184%,耗时：1.1201s
2026-07-07 17:18:04,005 - INFO: 当前轮数:8，当前轮的平均损失:0.6933,当前轮测试集的正确率(Accuracy):49.8952%,当前轮验证集的正确率为:45.9184%,耗时：1.1157s
2026-07-07 17:18:05,079 - INFO: 当前轮数:9，当前轮的平均损失:0.6922,当前轮测试集的正确率(Accuracy):50.5765%,当前轮验证集的正确率为:54.0816%,耗时：1.0727s
2026-07-07 17:18:06,086 - INFO: 当前轮数:10，当前轮的平均损失:0.6925,当前轮测试集的正确率(Accuracy):50.8386%,当前轮验证集的正确率为:45.9184%,耗时：1.0052s
2026-07-07 17:18:07,117 - INFO: 当前轮数:11，当前轮的平均损失:0.6928,当前轮测试集的正确率(Accuracy):50.9958%,当前轮验证集的正确率为:54.0816%,耗时：1.0305s
2026-07-07 17:18:08,084 - INFO: 当前轮数:12，当前轮的平均损失:0.6929,当前轮测试集的正确率(Accuracy):50.9958%,当前轮验证集的正确率为:54.0816%,耗时：0.9674s
2026-07-07 17:18:09,024 - INFO: 当前轮数:13，当前轮的平均损失:0.6925,当前轮测试集的正确率(Accuracy):50.1572%,当前轮验证集的正确率为:54.0816%,耗时：0.9387s
2026-07-07 17:18:10,140 - INFO: 当前轮数:14，当前轮的平均损失:0.6918,当前轮测试集的正确率(Accuracy):51.9392%,当前轮验证集的正确率为:54.0816%,耗时：1.1167s
2026-07-07 17:18:11,193 - INFO: 当前轮数:15，当前轮的平均损失:0.6929,当前轮测试集的正确率(Accuracy):49.5283%,当前轮验证集的正确率为:45.9184%,耗时：1.0516s
2026-07-07 17:18:12,303 - INFO: 当前轮数:16，当前轮的平均损失:0.6926,当前轮测试集的正确率(Accuracy):50.5241%,当前轮验证集的正确率为:45.9184%,耗时：1.1105s
2026-07-07 17:18:13,256 - INFO: 当前轮数:17，当前轮的平均损失:0.6934,当前轮测试集的正确率(Accuracy):49.7904%,当前轮验证集的正确率为:45.9184%,耗时：0.9523s
2026-07-07 17:18:14,318 - INFO: 当前轮数:18，当前轮的平均损失:0.6930,当前轮测试集的正确率(Accuracy):50.4193%,当前轮验证集的正确率为:45.9184%,耗时：1.0618s
2026-07-07 17:18:15,336 - INFO: 当前轮数:19，当前轮的平均损失:0.6930,当前轮测试集的正确率(Accuracy):50.8910%,当前轮验证集的正确率为:45.9184%,耗时：1.0183s
2026-07-07 17:18:16,317 - INFO: 当前轮数:20，当前轮的平均损失:0.6935,当前轮测试集的正确率(Accuracy):50.6813%,当前轮验证集的正确率为:45.9184%,耗时：0.9808s
2026-07-07 17:18:17,433 - INFO: 当前轮数:21，当前轮的平均损失:0.6930,当前轮测试集的正确率(Accuracy):50.9958%,当前轮验证集的正确率为:45.9184%,耗时：1.1159s
2026-07-07 17:18:18,589 - INFO: 当前轮数:22，当前轮的平均损失:0.6932,当前轮测试集的正确率(Accuracy):50.9958%,当前轮验证集的正确率为:45.9184%,耗时：1.1562s
2026-07-07 17:18:19,912 - INFO: 当前轮数:23，当前轮的平均损失:0.6933,当前轮测试集的正确率(Accuracy):50.9958%,当前轮验证集的正确率为:45.9184%,耗时：1.3236s
2026-07-07 17:18:21,142 - INFO: 当前轮数:24，当前轮的平均损失:0.6930,当前轮测试集的正确率(Accuracy):50.9958%,当前轮验证集的正确率为:45.9184%,耗时：1.2302s
2026-07-07 17:18:21,142 - INFO: 早停策略触发。当前训练轮数为:24
2026-07-07 17:18:21,142 - INFO: 模型训练结束,当前时间为:2026-07-07 17:18:21
2026-07-07 17:18:22,551 - INFO: 当前轮数:0，当前轮的平均损失:0.6931,当前轮测试集的正确率(Accuracy):50.8837%,当前轮验证集的正确率为:39.7959%,耗时：1.4030s
2026-07-07 17:18:23,809 - INFO: 当前轮数:1，当前轮的平均损失:0.6933,当前轮测试集的正确率(Accuracy):50.7442%,当前轮验证集的正确率为:39.7959%,耗时：1.2568s
2026-07-07 17:18:24,893 - INFO: 当前轮数:2，当前轮的平均损失:0.6929,当前轮测试集的正确率(Accuracy):51.6279%,当前轮验证集的正确率为:60.2041%,耗时：1.0837s
2026-07-07 17:18:26,110 - INFO: 当前轮数:3，当前轮的平均损失:0.6922,当前轮测试集的正确率(Accuracy):52.2326%,当前轮验证集的正确率为:60.2041%,耗时：1.2163s
2026-07-07 17:18:27,225 - INFO: 当前轮数:4，当前轮的平均损失:0.6930,当前轮测试集的正确率(Accuracy):51.5814%,当前轮验证集的正确率为:60.2041%,耗时：1.1152s
2026-07-07 17:18:28,372 - INFO: 当前轮数:5，当前轮的平均损失:0.6931,当前轮测试集的正确率(Accuracy):49.9070%,当前轮验证集的正确率为:60.2041%,耗时：1.1468s
2026-07-07 17:18:29,506 - INFO: 当前轮数:6，当前轮的平均损失:0.6932,当前轮测试集的正确率(Accuracy):49.7674%,当前轮验证集的正确率为:60.2041%,耗时：1.1334s
2026-07-07 17:18:30,588 - INFO: 当前轮数:7，当前轮的平均损失:0.6924,当前轮测试集的正确率(Accuracy):51.9070%,当前轮验证集的正确率为:60.2041%,耗时：1.0825s
2026-07-07 17:18:31,714 - INFO: 当前轮数:8，当前轮的平均损失:0.6920,当前轮测试集的正确率(Accuracy):52.1395%,当前轮验证集的正确率为:60.2041%,耗时：1.1246s
2026-07-07 17:18:33,041 - INFO: 当前轮数:9，当前轮的平均损失:0.6927,当前轮测试集的正确率(Accuracy):51.0233%,当前轮验证集的正确率为:60.2041%,耗时：1.3276s
2026-07-07 17:18:34,178 - INFO: 当前轮数:10，当前轮的平均损失:0.6925,当前轮测试集的正确率(Accuracy):51.0233%,当前轮验证集的正确率为:60.2041%,耗时：1.1364s
2026-07-07 17:18:35,419 - INFO: 当前轮数:11，当前轮的平均损失:0.6933,当前轮测试集的正确率(Accuracy):50.6047%,当前轮验证集的正确率为:60.2041%,耗时：1.2404s
2026-07-07 17:18:36,540 - INFO: 当前轮数:12，当前轮的平均损失:0.6925,当前轮测试集的正确率(Accuracy):51.3953%,当前轮验证集的正确率为:60.2041%,耗时：1.1218s
2026-07-07 17:18:37,764 - INFO: 当前轮数:13，当前轮的平均损失:0.6922,当前轮测试集的正确率(Accuracy):51.3953%,当前轮验证集的正确率为:60.2041%,耗时：1.2235s
2026-07-07 17:18:39,116 - INFO: 当前轮数:14，当前轮的平均损失:0.6934,当前轮测试集的正确率(Accuracy):49.6744%,当前轮验证集的正确率为:60.2041%,耗时：1.3521s
2026-07-07 17:18:40,404 - INFO: 当前轮数:15，当前轮的平均损失:0.6930,当前轮测试集的正确率(Accuracy):51.7674%,当前轮验证集的正确率为:60.2041%,耗时：1.2882s
2026-07-07 17:18:41,684 - INFO: 当前轮数:16，当前轮的平均损失:0.6932,当前轮测试集的正确率(Accuracy):51.3953%,当前轮验证集的正确率为:60.2041%,耗时：1.2799s
2026-07-07 17:18:43,047 - INFO: 当前轮数:17，当前轮的平均损失:0.6925,当前轮测试集的正确率(Accuracy):51.3023%,当前轮验证集的正确率为:60.2041%,耗时：1.3622s
2026-07-07 17:18:43,047 - INFO: 早停策略触发。当前训练轮数为:17
2026-07-07 17:18:43,047 - INFO: 模型训练结束,当前时间为:2026-07-07 17:18:43
2026-07-07 17:18:44,430 - INFO: 当前轮数:0，当前轮的平均损失:0.6923,当前轮测试集的正确率(Accuracy):52.5084%,当前轮验证集的正确率为:52.0408%,耗时：1.3805s
2026-07-07 17:18:45,750 - INFO: 当前轮数:1，当前轮的平均损失:0.6927,当前轮测试集的正确率(Accuracy):52.6756%,当前轮验证集的正确率为:52.0408%,耗时：1.3194s
2026-07-07 17:18:47,190 - INFO: 当前轮数:2，当前轮的平均损失:0.6926,当前轮测试集的正确率(Accuracy):51.8813%,当前轮验证集的正确率为:52.0408%,耗时：1.4401s
2026-07-07 17:18:48,636 - INFO: 当前轮数:3，当前轮的平均损失:0.6934,当前轮测试集的正确率(Accuracy):51.5886%,当前轮验证集的正确率为:52.0408%,耗时：1.4449s
2026-07-07 17:18:50,058 - INFO: 当前轮数:4，当前轮的平均损失:0.6928,当前轮测试集的正确率(Accuracy):50.8779%,当前轮验证集的正确率为:52.0408%,耗时：1.4216s
2026-07-07 17:18:51,308 - INFO: 当前轮数:5，当前轮的平均损失:0.6928,当前轮测试集的正确率(Accuracy):51.9649%,当前轮验证集的正确率为:52.0408%,耗时：1.2495s
2026-07-07 17:18:52,761 - INFO: 当前轮数:6，当前轮的平均损失:0.6926,当前轮测试集的正确率(Accuracy):52.0067%,当前轮验证集的正确率为:52.0408%,耗时：1.4537s
2026-07-07 17:18:54,071 - INFO: 当前轮数:7，当前轮的平均损失:0.6932,当前轮测试集的正确率(Accuracy):52.0067%,当前轮验证集的正确率为:52.0408%,耗时：1.3098s
2026-07-07 17:18:55,468 - INFO: 当前轮数:8，当前轮的平均损失:0.6928,当前轮测试集的正确率(Accuracy):51.0452%,当前轮验证集的正确率为:52.0408%,耗时：1.3973s
2026-07-07 17:18:56,846 - INFO: 当前轮数:9，当前轮的平均损失:0.6927,当前轮测试集的正确率(Accuracy):52.0485%,当前轮验证集的正确率为:52.0408%,耗时：1.3772s
2026-07-07 17:18:58,102 - INFO: 当前轮数:10，当前轮的平均损失:0.6919,当前轮测试集的正确率(Accuracy):52.8428%,当前轮验证集的正确率为:52.0408%,耗时：1.2550s
2026-07-07 17:18:59,390 - INFO: 当前轮数:11，当前轮的平均损失:0.6922,当前轮测试集的正确率(Accuracy):51.7140%,当前轮验证集的正确率为:52.0408%,耗时：1.2888s
2026-07-07 17:19:00,688 - INFO: 当前轮数:12，当前轮的平均损失:0.6933,当前轮测试集的正确率(Accuracy):50.7525%,当前轮验证集的正确率为:52.0408%,耗时：1.2972s
2026-07-07 17:19:02,042 - INFO: 当前轮数:13，当前轮的平均损失:0.6925,当前轮测试集的正确率(Accuracy):52.3411%,当前轮验证集的正确率为:52.0408%,耗时：1.3529s
2026-07-07 17:19:03,372 - INFO: 当前轮数:14，当前轮的平均损失:0.6926,当前轮测试集的正确率(Accuracy):52.4247%,当前轮验证集的正确率为:52.0408%,耗时：1.3307s
2026-07-07 17:19:04,770 - INFO: 当前轮数:15，当前轮的平均损失:0.6928,当前轮测试集的正确率(Accuracy):52.3829%,当前轮验证集的正确率为:52.0408%,耗时：1.3982s
2026-07-07 17:19:04,770 - INFO: 早停策略触发。当前训练轮数为:15
2026-07-07 17:19:04,770 - INFO: 模型训练结束,当前时间为:2026-07-07 17:19:04
2026-07-07 17:19:06,932 - INFO: 当前轮数:0，当前轮的平均损失:0.6927,当前轮测试集的正确率(Accuracy):52.4478%,当前轮验证集的正确率为:61.8557%,耗时：2.1582s
2026-07-07 17:19:08,704 - INFO: 当前轮数:1，当前轮的平均损失:0.6919,当前轮测试集的正确率(Accuracy):52.1442%,当前轮验证集的正确率为:61.8557%,耗时：1.7715s
2026-07-07 17:19:10,296 - INFO: 当前轮数:2，当前轮的平均损失:0.6925,当前轮测试集的正确率(Accuracy):52.2960%,当前轮验证集的正确率为:61.8557%,耗时：1.5915s
2026-07-07 17:19:12,158 - INFO: 当前轮数:3，当前轮的平均损失:0.6922,当前轮测试集的正确率(Accuracy):52.2581%,当前轮验证集的正确率为:61.8557%,耗时：1.8626s
2026-07-07 17:19:14,116 - INFO: 当前轮数:4，当前轮的平均损失:0.6931,当前轮测试集的正确率(Accuracy):51.8786%,当前轮验证集的正确率为:61.8557%,耗时：1.9576s
2026-07-07 17:19:16,042 - INFO: 当前轮数:5，当前轮的平均损失:0.6926,当前轮测试集的正确率(Accuracy):52.2960%,当前轮验证集的正确率为:61.8557%,耗时：1.9267s
2026-07-07 17:19:17,959 - INFO: 当前轮数:6，当前轮的平均损失:0.6923,当前轮测试集的正确率(Accuracy):52.7514%,当前轮验证集的正确率为:61.8557%,耗时：1.9166s
2026-07-07 17:19:19,981 - INFO: 当前轮数:7，当前轮的平均损失:0.6921,当前轮测试集的正确率(Accuracy):52.2960%,当前轮验证集的正确率为:61.8557%,耗时：2.0224s
2026-07-07 17:19:21,699 - INFO: 当前轮数:8，当前轮的平均损失:0.6925,当前轮测试集的正确率(Accuracy):52.1063%,当前轮验证集的正确率为:61.8557%,耗时：1.7175s
2026-07-07 17:19:23,400 - INFO: 当前轮数:9，当前轮的平均损失:0.6928,当前轮测试集的正确率(Accuracy):52.2581%,当前轮验证集的正确率为:61.8557%,耗时：1.7015s
2026-07-07 17:19:25,666 - INFO: 当前轮数:10，当前轮的平均损失:0.6923,当前轮测试集的正确率(Accuracy):52.5617%,当前轮验证集的正确率为:61.8557%,耗时：2.2652s
2026-07-07 17:19:28,876 - INFO: 当前轮数:11，当前轮的平均损失:0.6923,当前轮测试集的正确率(Accuracy):52.8273%,当前轮验证集的正确率为:61.8557%,耗时：3.2097s
2026-07-07 17:19:31,459 - INFO: 当前轮数:12，当前轮的平均损失:0.6919,当前轮测试集的正确率(Accuracy):52.5996%,当前轮验证集的正确率为:61.8557%,耗时：2.5814s
2026-07-07 17:19:32,932 - INFO: 当前轮数:13，当前轮的平均损失:0.6926,当前轮测试集的正确率(Accuracy):51.9924%,当前轮验证集的正确率为:61.8557%,耗时：1.4730s
2026-07-07 17:19:34,393 - INFO: 当前轮数:14，当前轮的平均损失:0.6919,当前轮测试集的正确率(Accuracy):52.4858%,当前轮验证集的正确率为:61.8557%,耗时：1.4609s
2026-07-07 17:19:35,806 - INFO: 当前轮数:15，当前轮的平均损失:0.6921,当前轮测试集的正确率(Accuracy):52.2581%,当前轮验证集的正确率为:61.8557%,耗时：1.4134s
2026-07-07 17:19:35,806 - INFO: 早停策略触发。当前训练轮数为:15
2026-07-07 17:19:35,806 - INFO: 模型训练结束,当前时间为:2026-07-07 17:19:35
2026-07-07 17:23:32,978 - INFO: 开始创建LSTM模型对象:LSTMModel(
  (lstm): LSTM(6, 64, num_layers=2, batch_first=True, dropout=0.3)
  (fc): Sequential(
    (0): Linear(in_features=64, out_features=32, bias=True)
    (1): ReLU()
    (2): Linear(in_features=32, out_features=2, bias=True)
  )
)
2026-07-07 17:23:34,374 - INFO: 当前轮数:0，当前轮的平均损失:0.6935,当前轮训练集的正确率(Accuracy):51.1752%,当前轮测试集的正确率为:47.4747%,耗时：0.2826s
2026-07-07 17:23:34,663 - INFO: 当前轮数:1，当前轮的平均损失:0.6931,当前轮训练集的正确率(Accuracy):51.0684%,当前轮测试集的正确率为:47.4747%,耗时：0.2880s
2026-07-07 17:23:34,895 - INFO: 当前轮数:2，当前轮的平均损失:0.6919,当前轮训练集的正确率(Accuracy):53.2051%,当前轮测试集的正确率为:47.4747%,耗时：0.2321s
2026-07-07 17:23:35,132 - INFO: 当前轮数:3，当前轮的平均损失:0.6913,当前轮训练集的正确率(Accuracy):53.5256%,当前轮测试集的正确率为:47.4747%,耗时：0.2367s
2026-07-07 17:23:35,390 - INFO: 当前轮数:4，当前轮的平均损失:0.6915,当前轮训练集的正确率(Accuracy):53.0983%,当前轮测试集的正确率为:47.4747%,耗时：0.2572s
2026-07-07 17:23:35,681 - INFO: 当前轮数:5，当前轮的平均损失:0.6910,当前轮训练集的正确率(Accuracy):53.3120%,当前轮测试集的正确率为:47.4747%,耗时：0.2903s
2026-07-07 17:23:35,942 - INFO: 当前轮数:6，当前轮的平均损失:0.6912,当前轮训练集的正确率(Accuracy):52.7778%,当前轮测试集的正确率为:47.4747%,耗时：0.2611s
2026-07-07 17:23:36,158 - INFO: 当前轮数:7，当前轮的平均损失:0.6904,当前轮训练集的正确率(Accuracy):52.4573%,当前轮测试集的正确率为:47.4747%,耗时：0.2168s
2026-07-07 17:23:36,412 - INFO: 当前轮数:8，当前轮的平均损失:0.6913,当前轮训练集的正确率(Accuracy):53.5256%,当前轮测试集的正确率为:47.4747%,耗时：0.2522s
2026-07-07 17:23:36,666 - INFO: 当前轮数:9，当前轮的平均损失:0.6900,当前轮训练集的正确率(Accuracy):53.5256%,当前轮测试集的正确率为:47.4747%,耗时：0.2542s
2026-07-07 17:23:36,957 - INFO: 当前轮数:10，当前轮的平均损失:0.6901,当前轮训练集的正确率(Accuracy):53.9530%,当前轮测试集的正确率为:47.4747%,耗时：0.2909s
2026-07-07 17:23:37,185 - INFO: 当前轮数:11，当前轮的平均损失:0.6902,当前轮训练集的正确率(Accuracy):52.7778%,当前轮测试集的正确率为:47.4747%,耗时：0.2288s
2026-07-07 17:23:37,416 - INFO: 当前轮数:12，当前轮的平均损失:0.6889,当前轮训练集的正确率(Accuracy):53.8462%,当前轮测试集的正确率为:47.4747%,耗时：0.2303s
2026-07-07 17:23:37,689 - INFO: 当前轮数:13，当前轮的平均损失:0.6899,当前轮训练集的正确率(Accuracy):53.6325%,当前轮测试集的正确率为:47.4747%,耗时：0.2732s
2026-07-07 17:23:37,934 - INFO: 当前轮数:14，当前轮的平均损失:0.6889,当前轮训练集的正确率(Accuracy):53.7393%,当前轮测试集的正确率为:47.4747%,耗时：0.2452s
2026-07-07 17:23:38,161 - INFO: 当前轮数:15，当前轮的平均损失:0.6881,当前轮训练集的正确率(Accuracy):54.5940%,当前轮测试集的正确率为:47.4747%,耗时：0.2264s
2026-07-07 17:23:38,162 - INFO: 早停策略触发。当前训练轮数为:15
2026-07-07 17:23:38,162 - INFO: 模型训练结束,当前时间为:2026-07-07 17:23:38
2026-07-07 17:23:38,527 - INFO: 当前轮数:0，当前轮的平均损失:0.6951,当前轮训练集的正确率(Accuracy):52.6271%,当前轮测试集的正确率为:38.7755%,耗时：0.3593s
2026-07-07 17:23:38,846 - INFO: 当前轮数:1，当前轮的平均损失:0.6933,当前轮训练集的正确率(Accuracy):52.1186%,当前轮测试集的正确率为:47.9592%,耗时：0.3185s
2026-07-07 17:23:39,128 - INFO: 当前轮数:2，当前轮的平均损失:0.6923,当前轮训练集的正确率(Accuracy):51.6949%,当前轮测试集的正确率为:38.7755%,耗时：0.2792s
2026-07-07 17:23:39,465 - INFO: 当前轮数:3，当前轮的平均损失:0.6917,当前轮训练集的正确率(Accuracy):51.9492%,当前轮测试集的正确率为:35.7143%,耗时：0.3369s
2026-07-07 17:23:39,806 - INFO: 当前轮数:4，当前轮的平均损失:0.6917,当前轮训练集的正确率(Accuracy):52.7119%,当前轮测试集的正确率为:35.7143%,耗时：0.3401s
2026-07-07 17:23:40,107 - INFO: 当前轮数:5，当前轮的平均损失:0.6909,当前轮训练集的正确率(Accuracy):52.2034%,当前轮测试集的正确率为:40.8163%,耗时：0.3003s
2026-07-07 17:23:40,401 - INFO: 当前轮数:6，当前轮的平均损失:0.6912,当前轮训练集的正确率(Accuracy):53.0508%,当前轮测试集的正确率为:46.9388%,耗时：0.2938s
2026-07-07 17:23:40,708 - INFO: 当前轮数:7，当前轮的平均损失:0.6902,当前轮训练集的正确率(Accuracy):52.5424%,当前轮测试集的正确率为:48.9796%,耗时：0.3077s
2026-07-07 17:23:41,017 - INFO: 当前轮数:8，当前轮的平均损失:0.6895,当前轮训练集的正确率(Accuracy):55.0000%,当前轮测试集的正确率为:48.9796%,耗时：0.3080s
2026-07-07 17:23:41,304 - INFO: 当前轮数:9，当前轮的平均损失:0.6895,当前轮训练集的正确率(Accuracy):54.8305%,当前轮测试集的正确率为:47.9592%,耗时：0.2860s
2026-07-07 17:23:41,606 - INFO: 当前轮数:10，当前轮的平均损失:0.6891,当前轮训练集的正确率(Accuracy):54.3220%,当前轮测试集的正确率为:51.0204%,耗时：0.3018s
2026-07-07 17:23:41,911 - INFO: 当前轮数:11，当前轮的平均损失:0.6875,当前轮训练集的正确率(Accuracy):54.8305%,当前轮测试集的正确率为:50.0000%,耗时：0.3049s
2026-07-07 17:23:42,224 - INFO: 当前轮数:12，当前轮的平均损失:0.6898,当前轮训练集的正确率(Accuracy):53.6441%,当前轮测试集的正确率为:50.0000%,耗时：0.3131s
2026-07-07 17:23:42,544 - INFO: 当前轮数:13，当前轮的平均损失:0.6876,当前轮训练集的正确率(Accuracy):54.6610%,当前轮测试集的正确率为:51.0204%,耗时：0.3202s
2026-07-07 17:23:42,879 - INFO: 当前轮数:14，当前轮的平均损失:0.6882,当前轮训练集的正确率(Accuracy):54.4068%,当前轮测试集的正确率为:51.0204%,耗时：0.3351s
2026-07-07 17:23:43,226 - INFO: 当前轮数:15，当前轮的平均损失:0.6873,当前轮训练集的正确率(Accuracy):55.1695%,当前轮测试集的正确率为:50.0000%,耗时：0.3465s
2026-07-07 17:23:43,518 - INFO: 当前轮数:16，当前轮的平均损失:0.6881,当前轮训练集的正确率(Accuracy):53.8136%,当前轮测试集的正确率为:53.0612%,耗时：0.2924s
2026-07-07 17:23:43,842 - INFO: 当前轮数:17，当前轮的平均损失:0.6861,当前轮训练集的正确率(Accuracy):55.5932%,当前轮测试集的正确率为:51.0204%,耗时：0.3225s
2026-07-07 17:23:44,196 - INFO: 当前轮数:18，当前轮的平均损失:0.6865,当前轮训练集的正确率(Accuracy):54.9153%,当前轮测试集的正确率为:52.0408%,耗时：0.3530s
2026-07-07 17:23:44,539 - INFO: 当前轮数:19，当前轮的平均损失:0.6868,当前轮训练集的正确率(Accuracy):54.9153%,当前轮测试集的正确率为:50.0000%,耗时：0.3431s
2026-07-07 17:23:44,836 - INFO: 当前轮数:20，当前轮的平均损失:0.6866,当前轮训练集的正确率(Accuracy):55.5085%,当前轮测试集的正确率为:53.0612%,耗时：0.2970s
2026-07-07 17:23:45,151 - INFO: 当前轮数:21，当前轮的平均损失:0.6882,当前轮训练集的正确率(Accuracy):53.4746%,当前轮测试集的正确率为:54.0816%,耗时：0.3144s
2026-07-07 17:23:45,486 - INFO: 当前轮数:22，当前轮的平均损失:0.6836,当前轮训练集的正确率(Accuracy):56.1864%,当前轮测试集的正确率为:51.0204%,耗时：0.3339s
2026-07-07 17:23:45,845 - INFO: 当前轮数:23，当前轮的平均损失:0.6833,当前轮训练集的正确率(Accuracy):55.9322%,当前轮测试集的正确率为:53.0612%,耗时：0.3587s
2026-07-07 17:23:46,166 - INFO: 当前轮数:24，当前轮的平均损失:0.6843,当前轮训练集的正确率(Accuracy):56.1864%,当前轮测试集的正确率为:52.0408%,耗时：0.3196s
2026-07-07 17:23:46,478 - INFO: 当前轮数:25，当前轮的平均损失:0.6802,当前轮训练集的正确率(Accuracy):56.9492%,当前轮测试集的正确率为:55.1020%,耗时：0.3117s
2026-07-07 17:23:46,816 - INFO: 当前轮数:26，当前轮的平均损失:0.6819,当前轮训练集的正确率(Accuracy):56.5254%,当前轮测试集的正确率为:51.0204%,耗时：0.3370s
2026-07-07 17:23:47,154 - INFO: 当前轮数:27，当前轮的平均损失:0.6772,当前轮训练集的正确率(Accuracy):57.2881%,当前轮测试集的正确率为:52.0408%,耗时：0.3377s
2026-07-07 17:23:47,481 - INFO: 当前轮数:28，当前轮的平均损失:0.6786,当前轮训练集的正确率(Accuracy):57.1186%,当前轮测试集的正确率为:47.9592%,耗时：0.3267s
2026-07-07 17:23:47,816 - INFO: 当前轮数:29，当前轮的平均损失:0.6826,当前轮训练集的正确率(Accuracy):55.3390%,当前轮测试集的正确率为:48.9796%,耗时：0.3352s
2026-07-07 17:23:48,146 - INFO: 当前轮数:30，当前轮的平均损失:0.6813,当前轮训练集的正确率(Accuracy):56.1864%,当前轮测试集的正确率为:53.0612%,耗时：0.3297s
2026-07-07 17:23:48,472 - INFO: 当前轮数:31，当前轮的平均损失:0.6769,当前轮训练集的正确率(Accuracy):57.7119%,当前轮测试集的正确率为:56.1224%,耗时：0.3252s
2026-07-07 17:23:48,812 - INFO: 当前轮数:32，当前轮的平均损失:0.6791,当前轮训练集的正确率(Accuracy):56.6102%,当前轮测试集的正确率为:55.1020%,耗时：0.3405s
2026-07-07 17:23:49,174 - INFO: 当前轮数:33，当前轮的平均损失:0.6754,当前轮训练集的正确率(Accuracy):57.4576%,当前轮测试集的正确率为:51.0204%,耗时：0.3618s
2026-07-07 17:23:49,524 - INFO: 当前轮数:34，当前轮的平均损失:0.6754,当前轮训练集的正确率(Accuracy):56.6102%,当前轮测试集的正确率为:52.0408%,耗时：0.3500s
2026-07-07 17:23:49,882 - INFO: 当前轮数:35，当前轮的平均损失:0.6736,当前轮训练集的正确率(Accuracy):57.2881%,当前轮测试集的正确率为:48.9796%,耗时：0.3576s
2026-07-07 17:23:50,323 - INFO: 当前轮数:36，当前轮的平均损失:0.6718,当前轮训练集的正确率(Accuracy):57.2034%,当前轮测试集的正确率为:53.0612%,耗时：0.4418s
2026-07-07 17:23:50,753 - INFO: 当前轮数:37，当前轮的平均损失:0.6678,当前轮训练集的正确率(Accuracy):57.7119%,当前轮测试集的正确率为:51.0204%,耗时：0.4291s
2026-07-07 17:23:51,216 - INFO: 当前轮数:38，当前轮的平均损失:0.6776,当前轮训练集的正确率(Accuracy):56.7797%,当前轮测试集的正确率为:53.0612%,耗时：0.4621s
2026-07-07 17:23:51,702 - INFO: 当前轮数:39，当前轮的平均损失:0.6698,当前轮训练集的正确率(Accuracy):57.7966%,当前轮测试集的正确率为:54.0816%,耗时：0.4848s
2026-07-07 17:23:52,338 - INFO: 当前轮数:40，当前轮的平均损失:0.6683,当前轮训练集的正确率(Accuracy):57.7966%,当前轮测试集的正确率为:54.0816%,耗时：0.6362s
2026-07-07 17:23:53,137 - INFO: 当前轮数:41，当前轮的平均损失:0.6638,当前轮训练集的正确率(Accuracy):58.6441%,当前轮测试集的正确率为:50.0000%,耗时：0.7990s
2026-07-07 17:23:53,602 - INFO: 当前轮数:42，当前轮的平均损失:0.6674,当前轮训练集的正确率(Accuracy):58.3898%,当前轮测试集的正确率为:47.9592%,耗时：0.4642s
2026-07-07 17:23:54,066 - INFO: 当前轮数:43，当前轮的平均损失:0.6631,当前轮训练集的正确率(Accuracy):58.6441%,当前轮测试集的正确率为:48.9796%,耗时：0.4638s
2026-07-07 17:23:54,620 - INFO: 当前轮数:44，当前轮的平均损失:0.6632,当前轮训练集的正确率(Accuracy):58.7288%,当前轮测试集的正确率为:51.0204%,耗时：0.5534s
2026-07-07 17:23:55,106 - INFO: 当前轮数:45，当前轮的平均损失:0.6600,当前轮训练集的正确率(Accuracy):58.3898%,当前轮测试集的正确率为:46.9388%,耗时：0.4857s
2026-07-07 17:23:55,545 - INFO: 当前轮数:46，当前轮的平均损失:0.6724,当前轮训练集的正确率(Accuracy):58.0508%,当前轮测试集的正确率为:45.9184%,耗时：0.4387s
2026-07-07 17:23:55,546 - INFO: 早停策略触发。当前训练轮数为:46
2026-07-07 17:23:55,546 - INFO: 模型训练结束,当前时间为:2026-07-07 17:23:55
2026-07-07 17:23:56,116 - INFO: 当前轮数:0，当前轮的平均损失:0.6890,当前轮训练集的正确率(Accuracy):53.1272%,当前轮测试集的正确率为:52.5253%,耗时：0.5677s
2026-07-07 17:23:56,685 - INFO: 当前轮数:1，当前轮的平均损失:0.6782,当前轮训练集的正确率(Accuracy):56.0084%,当前轮测试集的正确率为:51.5152%,耗时：0.5672s
2026-07-07 17:23:57,802 - INFO: 当前轮数:2，当前轮的平均损失:0.6707,当前轮训练集的正确率(Accuracy):57.4139%,当前轮测试集的正确率为:50.5051%,耗时：1.1166s
2026-07-07 17:23:58,360 - INFO: 当前轮数:3，当前轮的平均损失:0.6702,当前轮训练集的正确率(Accuracy):57.8356%,当前轮测试集的正确率为:50.5051%,耗时：0.5581s
2026-07-07 17:23:58,866 - INFO: 当前轮数:4，当前轮的平均损失:0.6738,当前轮训练集的正确率(Accuracy):57.6247%,当前轮测试集的正确率为:49.4949%,耗时：0.5062s
2026-07-07 17:23:59,324 - INFO: 当前轮数:5，当前轮的平均损失:0.6658,当前轮训练集的正确率(Accuracy):58.0464%,当前轮测试集的正确率为:50.5051%,耗时：0.4566s
2026-07-07 17:23:59,821 - INFO: 当前轮数:6，当前轮的平均损失:0.6749,当前轮训练集的正确率(Accuracy):56.9220%,当前轮测试集的正确率为:50.5051%,耗时：0.4970s
2026-07-07 17:24:00,340 - INFO: 当前轮数:7，当前轮的平均损失:0.6683,当前轮训练集的正确率(Accuracy):56.9220%,当前轮测试集的正确率为:50.5051%,耗时：0.5187s
2026-07-07 17:24:00,870 - INFO: 当前轮数:8，当前轮的平均损失:0.6637,当前轮训练集的正确率(Accuracy):57.4139%,当前轮测试集的正确率为:50.5051%,耗时：0.5305s
2026-07-07 17:24:01,377 - INFO: 当前轮数:9，当前轮的平均损失:0.6615,当前轮训练集的正确率(Accuracy):57.4842%,当前轮测试集的正确率为:50.5051%,耗时：0.5066s
2026-07-07 17:24:01,891 - INFO: 当前轮数:10，当前轮的平均损失:0.6570,当前轮训练集的正确率(Accuracy):58.1167%,当前轮测试集的正确率为:50.5051%,耗时：0.5132s
2026-07-07 17:24:02,430 - INFO: 当前轮数:11，当前轮的平均损失:0.6561,当前轮训练集的正确率(Accuracy):58.4680%,当前轮测试集的正确率为:51.5152%,耗时：0.5389s
2026-07-07 17:24:02,962 - INFO: 当前轮数:12，当前轮的平均损失:0.6563,当前轮训练集的正确率(Accuracy):58.4680%,当前轮测试集的正确率为:45.4545%,耗时：0.5325s
2026-07-07 17:24:03,486 - INFO: 当前轮数:13，当前轮的平均损失:0.6575,当前轮训练集的正确率(Accuracy):59.0302%,当前轮测试集的正确率为:55.5556%,耗时：0.5226s
2026-07-07 17:24:03,958 - INFO: 当前轮数:14，当前轮的平均损失:0.6550,当前轮训练集的正确率(Accuracy):59.1005%,当前轮测试集的正确率为:49.4949%,耗时：0.4714s
2026-07-07 17:24:04,431 - INFO: 当前轮数:15，当前轮的平均损失:0.6516,当前轮训练集的正确率(Accuracy):59.6627%,当前轮测试集的正确率为:51.5152%,耗时：0.4726s
2026-07-07 17:24:04,937 - INFO: 当前轮数:16，当前轮的平均损失:0.6535,当前轮训练集的正确率(Accuracy):57.9761%,当前轮测试集的正确率为:57.5758%,耗时：0.5063s
2026-07-07 17:24:05,495 - INFO: 当前轮数:17，当前轮的平均损失:0.6529,当前轮训练集的正确率(Accuracy):59.5221%,当前轮测试集的正确率为:53.5354%,耗时：0.5565s
2026-07-07 17:24:06,100 - INFO: 当前轮数:18，当前轮的平均损失:0.6451,当前轮训练集的正确率(Accuracy):60.2249%,当前轮测试集的正确率为:49.4949%,耗时：0.6055s
2026-07-07 17:24:06,649 - INFO: 当前轮数:19，当前轮的平均损失:0.6488,当前轮训练集的正确率(Accuracy):60.9276%,当前轮测试集的正确率为:54.5455%,耗时：0.5493s
2026-07-07 17:24:07,261 - INFO: 当前轮数:20，当前轮的平均损失:0.6469,当前轮训练集的正确率(Accuracy):59.4519%,当前轮测试集的正确率为:55.5556%,耗时：0.6118s
2026-07-07 17:24:07,840 - INFO: 当前轮数:21，当前轮的平均损失:0.6386,当前轮训练集的正确率(Accuracy):61.0682%,当前轮测试集的正确率为:53.5354%,耗时：0.5784s
2026-07-07 17:24:08,308 - INFO: 当前轮数:22，当前轮的平均损失:0.6450,当前轮训练集的正确率(Accuracy):61.6304%,当前轮测试集的正确率为:47.4747%,耗时：0.4677s
2026-07-07 17:24:08,836 - INFO: 当前轮数:23，当前轮的平均损失:0.6439,当前轮训练集的正确率(Accuracy):60.3654%,当前轮测试集的正确率为:55.5556%,耗时：0.5269s
2026-07-07 17:24:09,251 - INFO: 当前轮数:24，当前轮的平均损失:0.6314,当前轮训练集的正确率(Accuracy):61.4195%,当前轮测试集的正确率为:55.5556%,耗时：0.4147s
2026-07-07 17:24:09,754 - INFO: 当前轮数:25，当前轮的平均损失:0.6273,当前轮训练集的正确率(Accuracy):62.8250%,当前轮测试集的正确率为:57.5758%,耗时：0.5029s
2026-07-07 17:24:10,252 - INFO: 当前轮数:26，当前轮的平均损失:0.6320,当前轮训练集的正确率(Accuracy):61.7709%,当前轮测试集的正确率为:50.5051%,耗时：0.4970s
2026-07-07 17:24:10,794 - INFO: 当前轮数:27，当前轮的平均损失:0.6456,当前轮训练集的正确率(Accuracy):60.8573%,当前轮测试集的正确率为:50.5051%,耗时：0.5422s
2026-07-07 17:24:11,303 - INFO: 当前轮数:28，当前轮的平均损失:0.6196,当前轮训练集的正确率(Accuracy):64.5116%,当前轮测试集的正确率为:53.5354%,耗时：0.5082s
2026-07-07 17:24:11,807 - INFO: 当前轮数:29，当前轮的平均损失:0.6066,当前轮训练集的正确率(Accuracy):65.6360%,当前轮测试集的正确率为:53.5354%,耗时：0.5029s
2026-07-07 17:24:12,303 - INFO: 当前轮数:30，当前轮的平均损失:0.6217,当前轮训练集的正确率(Accuracy):64.9332%,当前轮测试集的正确率为:54.5455%,耗时：0.4952s
2026-07-07 17:24:12,805 - INFO: 当前轮数:31，当前轮的平均损失:0.6107,当前轮训练集的正确率(Accuracy):64.0197%,当前轮测试集的正确率为:53.5354%,耗时：0.5005s
2026-07-07 17:24:12,805 - INFO: 早停策略触发。当前训练轮数为:31
2026-07-07 17:24:12,805 - INFO: 模型训练结束,当前时间为:2026-07-07 17:24:12
2026-07-07 17:24:13,388 - INFO: 当前轮数:0，当前轮的平均损失:0.6424,当前轮训练集的正确率(Accuracy):61.4046%,当前轮测试集的正确率为:45.9184%,耗时：0.5799s
2026-07-07 17:24:14,051 - INFO: 当前轮数:1，当前轮的平均损失:0.6404,当前轮训练集的正确率(Accuracy):60.9844%,当前轮测试集的正确率为:51.0204%,耗时：0.6626s
2026-07-07 17:24:14,609 - INFO: 当前轮数:2，当前轮的平均损失:0.6319,当前轮训练集的正确率(Accuracy):62.6050%,当前轮测试集的正确率为:38.7755%,耗时：0.5558s
2026-07-07 17:24:15,163 - INFO: 当前轮数:3，当前轮的平均损失:0.6166,当前轮训练集的正确率(Accuracy):63.8655%,当前轮测试集的正确率为:48.9796%,耗时：0.5529s
2026-07-07 17:24:15,692 - INFO: 当前轮数:4，当前轮的平均损失:0.6196,当前轮训练集的正确率(Accuracy):65.0060%,当前轮测试集的正确率为:43.8776%,耗时：0.5295s
2026-07-07 17:24:16,222 - INFO: 当前轮数:5，当前轮的平均损失:0.6118,当前轮训练集的正确率(Accuracy):63.8655%,当前轮测试集的正确率为:44.8980%,耗时：0.5299s
2026-07-07 17:24:16,785 - INFO: 当前轮数:6，当前轮的平均损失:0.6146,当前轮训练集的正确率(Accuracy):63.5654%,当前轮测试集的正确率为:45.9184%,耗时：0.5619s
2026-07-07 17:24:17,365 - INFO: 当前轮数:7，当前轮的平均损失:0.6127,当前轮训练集的正确率(Accuracy):65.3061%,当前轮测试集的正确率为:44.8980%,耗时：0.5792s
2026-07-07 17:24:18,041 - INFO: 当前轮数:8，当前轮的平均损失:0.6211,当前轮训练集的正确率(Accuracy):64.0456%,当前轮测试集的正确率为:43.8776%,耗时：0.6760s
2026-07-07 17:24:18,585 - INFO: 当前轮数:9，当前轮的平均损失:0.6091,当前轮训练集的正确率(Accuracy):65.0660%,当前轮测试集的正确率为:46.9388%,耗时：0.5446s
2026-07-07 17:24:19,062 - INFO: 当前轮数:10，当前轮的平均损失:0.5973,当前轮训练集的正确率(Accuracy):66.2665%,当前轮测试集的正确率为:45.9184%,耗时：0.4766s
2026-07-07 17:24:19,631 - INFO: 当前轮数:11，当前轮的平均损失:0.5947,当前轮训练集的正确率(Accuracy):66.0864%,当前轮测试集的正确率为:45.9184%,耗时：0.5682s
2026-07-07 17:24:20,147 - INFO: 当前轮数:12，当前轮的平均损失:0.5861,当前轮训练集的正确率(Accuracy):68.1273%,当前轮测试集的正确率为:45.9184%,耗时：0.5150s
2026-07-07 17:24:20,727 - INFO: 当前轮数:13，当前轮的平均损失:0.5763,当前轮训练集的正确率(Accuracy):67.8872%,当前轮测试集的正确率为:41.8367%,耗时：0.5786s
2026-07-07 17:24:21,274 - INFO: 当前轮数:14，当前轮的平均损失:0.5736,当前轮训练集的正确率(Accuracy):67.9472%,当前轮测试集的正确率为:45.9184%,耗时：0.5469s
2026-07-07 17:24:21,877 - INFO: 当前轮数:15，当前轮的平均损失:0.5823,当前轮训练集的正确率(Accuracy):66.8067%,当前轮测试集的正确率为:43.8776%,耗时：0.6031s
2026-07-07 17:24:22,365 - INFO: 当前轮数:16，当前轮的平均损失:0.5743,当前轮训练集的正确率(Accuracy):67.1669%,当前轮测试集的正确率为:48.9796%,耗时：0.4880s
2026-07-07 17:24:22,365 - INFO: 早停策略触发。当前训练轮数为:16
2026-07-07 17:24:22,365 - INFO: 模型训练结束,当前时间为:2026-07-07 17:24:22
2026-07-07 17:24:22,959 - INFO: 当前轮数:0，当前轮的平均损失:0.5964,当前轮训练集的正确率(Accuracy):65.8281%,当前轮测试集的正确率为:55.1020%,耗时：0.5926s
2026-07-07 17:24:23,603 - INFO: 当前轮数:1，当前轮的平均损失:0.5960,当前轮训练集的正确率(Accuracy):65.4088%,当前轮测试集的正确率为:57.1429%,耗时：0.6424s
2026-07-07 17:24:24,214 - INFO: 当前轮数:2，当前轮的平均损失:0.6070,当前轮训练集的正确率(Accuracy):66.0377%,当前轮测试集的正确率为:56.1224%,耗时：0.6100s
2026-07-07 17:24:24,791 - INFO: 当前轮数:3，当前轮的平均损失:0.5973,当前轮训练集的正确率(Accuracy):65.6709%,当前轮测试集的正确率为:53.0612%,耗时：0.5774s
2026-07-07 17:24:25,425 - INFO: 当前轮数:4，当前轮的平均损失:0.5759,当前轮训练集的正确率(Accuracy):67.4528%,当前轮测试集的正确率为:48.9796%,耗时：0.6338s
2026-07-07 17:24:26,077 - INFO: 当前轮数:5，当前轮的平均损失:0.5979,当前轮训练集的正确率(Accuracy):66.0901%,当前轮测试集的正确率为:45.9184%,耗时：0.6517s
2026-07-07 17:24:26,685 - INFO: 当前轮数:6，当前轮的平均损失:0.5769,当前轮训练集的正确率(Accuracy):67.0335%,当前轮测试集的正确率为:45.9184%,耗时：0.6071s
2026-07-07 17:24:27,290 - INFO: 当前轮数:7，当前轮的平均损失:0.5722,当前轮训练集的正确率(Accuracy):67.6625%,当前轮测试集的正确率为:52.0408%,耗时：0.6056s
2026-07-07 17:24:27,899 - INFO: 当前轮数:8，当前轮的平均损失:0.5682,当前轮训练集的正确率(Accuracy):67.6101%,当前轮测试集的正确率为:51.0204%,耗时：0.6083s
2026-07-07 17:24:28,485 - INFO: 当前轮数:9，当前轮的平均损失:0.5654,当前轮训练集的正确率(Accuracy):69.1824%,当前轮测试集的正确率为:48.9796%,耗时：0.5869s
2026-07-07 17:24:29,136 - INFO: 当前轮数:10，当前轮的平均损失:0.5506,当前轮训练集的正确率(Accuracy):69.2872%,当前轮测试集的正确率为:40.8163%,耗时：0.6497s
2026-07-07 17:24:29,796 - INFO: 当前轮数:11，当前轮的平均损失:0.5452,当前轮训练集的正确率(Accuracy):70.2830%,当前轮测试集的正确率为:50.0000%,耗时：0.6602s
2026-07-07 17:24:30,424 - INFO: 当前轮数:12，当前轮的平均损失:0.5358,当前轮训练集的正确率(Accuracy):71.6457%,当前轮测试集的正确率为:47.9592%,耗时：0.6264s
2026-07-07 17:24:31,023 - INFO: 当前轮数:13，当前轮的平均损失:0.5434,当前轮训练集的正确率(Accuracy):70.6499%,当前轮测试集的正确率为:48.9796%,耗时：0.5990s
2026-07-07 17:24:31,607 - INFO: 当前轮数:14，当前轮的平均损失:0.5434,当前轮训练集的正确率(Accuracy):70.3878%,当前轮测试集的正确率为:50.0000%,耗时：0.5847s
2026-07-07 17:24:32,274 - INFO: 当前轮数:15，当前轮的平均损失:0.5816,当前轮训练集的正确率(Accuracy):67.7149%,当前轮测试集的正确率为:55.1020%,耗时：0.6670s
2026-07-07 17:24:32,922 - INFO: 当前轮数:16，当前轮的平均损失:0.5479,当前轮训练集的正确率(Accuracy):69.6017%,当前轮测试集的正确率为:48.9796%,耗时：0.6476s
2026-07-07 17:24:32,923 - INFO: 早停策略触发。当前训练轮数为:16
2026-07-07 17:24:32,923 - INFO: 模型训练结束,当前时间为:2026-07-07 17:24:32
2026-07-07 17:24:33,615 - INFO: 当前轮数:0，当前轮的平均损失:0.5618,当前轮训练集的正确率(Accuracy):68.6047%,当前轮测试集的正确率为:54.0816%,耗时：0.6894s
2026-07-07 17:24:34,363 - INFO: 当前轮数:1，当前轮的平均损失:0.5541,当前轮训练集的正确率(Accuracy):68.6047%,当前轮测试集的正确率为:47.9592%,耗时：0.7474s
2026-07-07 17:24:35,058 - INFO: 当前轮数:2，当前轮的平均损失:0.5317,当前轮训练集的正确率(Accuracy):71.0698%,当前轮测试集的正确率为:47.9592%,耗时：0.6956s
2026-07-07 17:24:35,770 - INFO: 当前轮数:3，当前轮的平均损失:0.5215,当前轮训练集的正确率(Accuracy):71.6744%,当前轮测试集的正确率为:48.9796%,耗时：0.7118s
2026-07-07 17:24:36,417 - INFO: 当前轮数:4，当前轮的平均损失:0.5175,当前轮训练集的正确率(Accuracy):71.7674%,当前轮测试集的正确率为:40.8163%,耗时：0.6473s
2026-07-07 17:24:37,122 - INFO: 当前轮数:5，当前轮的平均损失:0.5017,当前轮训练集的正确率(Accuracy):73.8605%,当前轮测试集的正确率为:43.8776%,耗时：0.7035s
2026-07-07 17:24:37,782 - INFO: 当前轮数:6，当前轮的平均损失:0.4998,当前轮训练集的正确率(Accuracy):73.7674%,当前轮测试集的正确率为:43.8776%,耗时：0.6603s
2026-07-07 17:24:38,418 - INFO: 当前轮数:7，当前轮的平均损失:0.5055,当前轮训练集的正确率(Accuracy):72.6512%,当前轮测试集的正确率为:45.9184%,耗时：0.6357s
2026-07-07 17:24:39,073 - INFO: 当前轮数:8，当前轮的平均损失:0.5018,当前轮训练集的正确率(Accuracy):74.1860%,当前轮测试集的正确率为:48.9796%,耗时：0.6553s
2026-07-07 17:24:39,752 - INFO: 当前轮数:9，当前轮的平均损失:0.4726,当前轮训练集的正确率(Accuracy):76.5116%,当前轮测试集的正确率为:39.7959%,耗时：0.6785s
2026-07-07 17:24:40,438 - INFO: 当前轮数:10，当前轮的平均损失:0.4739,当前轮训练集的正确率(Accuracy):75.6279%,当前轮测试集的正确率为:46.9388%,耗时：0.6866s
2026-07-07 17:24:41,104 - INFO: 当前轮数:11，当前轮的平均损失:0.4481,当前轮训练集的正确率(Accuracy):77.7209%,当前轮测试集的正确率为:43.8776%,耗时：0.6655s
2026-07-07 17:24:41,759 - INFO: 当前轮数:12，当前轮的平均损失:0.4271,当前轮训练集的正确率(Accuracy):78.9302%,当前轮测试集的正确率为:48.9796%,耗时：0.6543s
2026-07-07 17:24:42,376 - INFO: 当前轮数:13，当前轮的平均损失:0.4673,当前轮训练集的正确率(Accuracy):76.3256%,当前轮测试集的正确率为:48.9796%,耗时：0.6170s
2026-07-07 17:24:43,046 - INFO: 当前轮数:14，当前轮的平均损失:0.4477,当前轮训练集的正确率(Accuracy):77.7674%,当前轮测试集的正确率为:44.8980%,耗时：0.6695s
2026-07-07 17:24:43,715 - INFO: 当前轮数:15，当前轮的平均损失:0.4200,当前轮训练集的正确率(Accuracy):80.0465%,当前轮测试集的正确率为:47.9592%,耗时：0.6694s
2026-07-07 17:24:43,716 - INFO: 早停策略触发。当前训练轮数为:15
2026-07-07 17:24:43,716 - INFO: 模型训练结束,当前时间为:2026-07-07 17:24:43
2026-07-07 17:24:44,454 - INFO: 当前轮数:0，当前轮的平均损失:0.4733,当前轮训练集的正确率(Accuracy):76.7977%,当前轮测试集的正确率为:53.0612%,耗时：0.7364s
2026-07-07 17:24:45,150 - INFO: 当前轮数:1，当前轮的平均损失:0.4680,当前轮训练集的正确率(Accuracy):76.0033%,当前轮测试集的正确率为:56.1224%,耗时：0.6957s
2026-07-07 17:24:45,919 - INFO: 当前轮数:2，当前轮的平均损失:0.4393,当前轮训练集的正确率(Accuracy):78.3027%,当前轮测试集的正确率为:50.0000%,耗时：0.7676s
2026-07-07 17:24:46,618 - INFO: 当前轮数:3，当前轮的平均损失:0.4290,当前轮训练集的正确率(Accuracy):79.0552%,当前轮测试集的正确率为:52.0408%,耗时：0.6995s
2026-07-07 17:24:47,395 - INFO: 当前轮数:4，当前轮的平均损失:0.4178,当前轮训练集的正确率(Accuracy):79.3896%,当前轮测试集的正确率为:53.0612%,耗时：0.7768s
2026-07-07 17:24:48,159 - INFO: 当前轮数:5，当前轮的平均损失:0.3975,当前轮训练集的正确率(Accuracy):80.3512%,当前轮测试集的正确率为:57.1429%,耗时：0.7644s
2026-07-07 17:24:48,931 - INFO: 当前轮数:6，当前轮的平均损失:0.4016,当前轮训练集的正确率(Accuracy):80.3512%,当前轮测试集的正确率为:50.0000%,耗时：0.7709s
2026-07-07 17:24:49,691 - INFO: 当前轮数:7，当前轮的平均损失:0.3911,当前轮训练集的正确率(Accuracy):80.8946%,当前轮测试集的正确率为:52.0408%,耗时：0.7595s
2026-07-07 17:24:50,426 - INFO: 当前轮数:8，当前轮的平均损失:0.3991,当前轮训练集的正确率(Accuracy):81.1455%,当前轮测试集的正确率为:53.0612%,耗时：0.7349s
2026-07-07 17:24:51,157 - INFO: 当前轮数:9，当前轮的平均损失:0.3762,当前轮训练集的正确率(Accuracy):82.6087%,当前轮测试集的正确率为:58.1633%,耗时：0.7301s
2026-07-07 17:24:51,901 - INFO: 当前轮数:10，当前轮的平均损失:0.3916,当前轮训练集的正确率(Accuracy):81.4799%,当前轮测试集的正确率为:56.1224%,耗时：0.7437s
2026-07-07 17:24:52,656 - INFO: 当前轮数:11，当前轮的平均损失:0.3856,当前轮训练集的正确率(Accuracy):80.8110%,当前轮测试集的正确率为:60.2041%,耗时：0.7546s
2026-07-07 17:24:53,409 - INFO: 当前轮数:12，当前轮的平均损失:0.3496,当前轮训练集的正确率(Accuracy):83.8211%,当前轮测试集的正确率为:55.1020%,耗时：0.7516s
2026-07-07 17:24:54,133 - INFO: 当前轮数:13，当前轮的平均损失:0.3403,当前轮训练集的正确率(Accuracy):84.7408%,当前轮测试集的正确率为:61.2245%,耗时：0.7243s
2026-07-07 17:24:54,889 - INFO: 当前轮数:14，当前轮的平均损失:0.3340,当前轮训练集的正确率(Accuracy):84.9916%,当前轮测试集的正确率为:50.0000%,耗时：0.7556s
2026-07-07 17:24:55,656 - INFO: 当前轮数:15，当前轮的平均损失:0.3304,当前轮训练集的正确率(Accuracy):84.2391%,当前轮测试集的正确率为:56.1224%,耗时：0.7669s
2026-07-07 17:24:56,344 - INFO: 当前轮数:16，当前轮的平均损失:0.3201,当前轮训练集的正确率(Accuracy):85.9950%,当前轮测试集的正确率为:56.1224%,耗时：0.6881s
2026-07-07 17:24:57,078 - INFO: 当前轮数:17，当前轮的平均损失:0.3112,当前轮训练集的正确率(Accuracy):86.7893%,当前轮测试集的正确率为:48.9796%,耗时：0.7331s
2026-07-07 17:24:57,817 - INFO: 当前轮数:18，当前轮的平均损失:0.3081,当前轮训练集的正确率(Accuracy):86.7475%,当前轮测试集的正确率为:55.1020%,耗时：0.7398s
2026-07-07 17:24:58,552 - INFO: 当前轮数:19，当前轮的平均损失:0.2854,当前轮训练集的正确率(Accuracy):87.5418%,当前轮测试集的正确率为:61.2245%,耗时：0.7343s
2026-07-07 17:24:59,255 - INFO: 当前轮数:20，当前轮的平均损失:0.2964,当前轮训练集的正确率(Accuracy):86.9147%,当前轮测试集的正确率为:52.0408%,耗时：0.7035s
2026-07-07 17:24:59,966 - INFO: 当前轮数:21，当前轮的平均损失:0.2652,当前轮训练集的正确率(Accuracy):88.2107%,当前轮测试集的正确率为:57.1429%,耗时：0.7107s
2026-07-07 17:25:00,749 - INFO: 当前轮数:22，当前轮的平均损失:0.2991,当前轮训练集的正确率(Accuracy):86.4967%,当前轮测试集的正确率为:56.1224%,耗时：0.7819s
2026-07-07 17:25:01,479 - INFO: 当前轮数:23，当前轮的平均损失:0.2612,当前轮训练集的正确率(Accuracy):88.5870%,当前轮测试集的正确率为:57.1429%,耗时：0.7305s
2026-07-07 17:25:02,285 - INFO: 当前轮数:24，当前轮的平均损失:0.2664,当前轮训练集的正确率(Accuracy):87.4164%,当前轮测试集的正确率为:52.0408%,耗时：0.8048s
2026-07-07 17:25:03,062 - INFO: 当前轮数:25，当前轮的平均损失:0.2362,当前轮训练集的正确率(Accuracy):90.3010%,当前轮测试集的正确率为:52.0408%,耗时：0.7769s
2026-07-07 17:25:03,815 - INFO: 当前轮数:26，当前轮的平均损失:0.2465,当前轮训练集的正确率(Accuracy):89.0886%,当前轮测试集的正确率为:55.1020%,耗时：0.7531s
2026-07-07 17:25:04,570 - INFO: 当前轮数:27，当前轮的平均损失:0.2282,当前轮训练集的正确率(Accuracy):90.2174%,当前轮测试集的正确率为:56.1224%,耗时：0.7545s
2026-07-07 17:25:05,294 - INFO: 当前轮数:28，当前轮的平均损失:0.2093,当前轮训练集的正确率(Accuracy):91.5134%,当前轮测试集的正确率为:55.1020%,耗时：0.7243s
2026-07-07 17:25:05,294 - INFO: 早停策略触发。当前训练轮数为:28
2026-07-07 17:25:05,294 - INFO: 模型训练结束,当前时间为:2026-07-07 17:25:05
2026-07-07 17:25:06,214 - INFO: 当前轮数:0，当前轮的平均损失:0.3639,当前轮训练集的正确率(Accuracy):86.1101%,当前轮测试集的正确率为:39.1753%,耗时：0.8915s
2026-07-07 17:25:07,294 - INFO: 当前轮数:1，当前轮的平均损失:0.3844,当前轮训练集的正确率(Accuracy):82.6565%,当前轮测试集的正确率为:46.3918%,耗时：1.0797s
2026-07-07 17:25:08,154 - INFO: 当前轮数:2，当前轮的平均损失:0.3394,当前轮训练集的正确率(Accuracy):85.1613%,当前轮测试集的正确率为:48.4536%,耗时：0.8585s
2026-07-07 17:25:08,964 - INFO: 当前轮数:3，当前轮的平均损失:0.2933,当前轮训练集的正确率(Accuracy):87.8937%,当前轮测试集的正确率为:46.3918%,耗时：0.8093s
2026-07-07 17:25:09,732 - INFO: 当前轮数:4，当前轮的平均损失:0.2768,当前轮训练集的正确率(Accuracy):88.0455%,当前轮测试集的正确率为:44.3299%,耗时：0.7675s
2026-07-07 17:25:10,485 - INFO: 当前轮数:5，当前轮的平均损失:0.2601,当前轮训练集的正确率(Accuracy):88.6528%,当前轮测试集的正确率为:45.3608%,耗时：0.7519s
2026-07-07 17:25:11,292 - INFO: 当前轮数:6，当前轮的平均损失:0.2487,当前轮训练集的正确率(Accuracy):89.2220%,当前轮测试集的正确率为:47.4227%,耗时：0.8076s
2026-07-07 17:25:12,117 - INFO: 当前轮数:7，当前轮的平均损失:0.2410,当前轮训练集的正确率(Accuracy):89.7533%,当前轮测试集的正确率为:42.2680%,耗时：0.8248s
2026-07-07 17:25:12,907 - INFO: 当前轮数:8，当前轮的平均损失:0.2140,当前轮训练集的正确率(Accuracy):91.7268%,当前轮测试集的正确率为:44.3299%,耗时：0.7894s
2026-07-07 17:25:13,716 - INFO: 当前轮数:9，当前轮的平均损失:0.2341,当前轮训练集的正确率(Accuracy):89.2600%,当前轮测试集的正确率为:43.2990%,耗时：0.8083s
2026-07-07 17:25:14,492 - INFO: 当前轮数:10，当前轮的平均损失:0.2130,当前轮训练集的正确率(Accuracy):91.3472%,当前轮测试集的正确率为:47.4227%,耗时：0.7763s
2026-07-07 17:25:15,351 - INFO: 当前轮数:11，当前轮的平均损失:0.2369,当前轮训练集的正确率(Accuracy):90.1328%,当前轮测试集的正确率为:48.4536%,耗时：0.8596s
2026-07-07 17:25:16,179 - INFO: 当前轮数:12，当前轮的平均损失:0.2055,当前轮训练集的正确率(Accuracy):91.9165%,当前轮测试集的正确率为:44.3299%,耗时：0.8205s
2026-07-07 17:25:17,014 - INFO: 当前轮数:13，当前轮的平均损失:0.1813,当前轮训练集的正确率(Accuracy):92.1063%,当前轮测试集的正确率为:47.4227%,耗时：0.8342s
2026-07-07 17:25:17,852 - INFO: 当前轮数:14，当前轮的平均损失:0.1818,当前轮训练集的正确率(Accuracy):92.6755%,当前轮测试集的正确率为:46.3918%,耗时：0.8382s
2026-07-07 17:25:18,652 - INFO: 当前轮数:15，当前轮的平均损失:0.1959,当前轮训练集的正确率(Accuracy):92.6376%,当前轮测试集的正确率为:51.5464%,耗时：0.7993s
2026-07-07 17:25:19,426 - INFO: 当前轮数:16，当前轮的平均损失:0.1868,当前轮训练集的正确率(Accuracy):92.5237%,当前轮测试集的正确率为:42.2680%,耗时：0.7736s
2026-07-07 17:25:20,254 - INFO: 当前轮数:17，当前轮的平均损失:0.2076,当前轮训练集的正确率(Accuracy):91.8027%,当前轮测试集的正确率为:43.2990%,耗时：0.8282s
2026-07-07 17:25:21,047 - INFO: 当前轮数:18，当前轮的平均损失:0.1798,当前轮训练集的正确率(Accuracy):92.3340%,当前轮测试集的正确率为:44.3299%,耗时：0.7925s
2026-07-07 17:25:21,846 - INFO: 当前轮数:19，当前轮的平均损失:0.1890,当前轮训练集的正确率(Accuracy):92.2960%,当前轮测试集的正确率为:45.3608%,耗时：0.7993s
2026-07-07 17:25:22,676 - INFO: 当前轮数:20，当前轮的平均损失:0.1904,当前轮训练集的正确率(Accuracy):91.9165%,当前轮测试集的正确率为:47.4227%,耗时：0.8296s
2026-07-07 17:25:23,551 - INFO: 当前轮数:21，当前轮的平均损失:0.2032,当前轮训练集的正确率(Accuracy):92.2201%,当前轮测试集的正确率为:45.3608%,耗时：0.8753s
2026-07-07 17:25:24,581 - INFO: 当前轮数:22，当前轮的平均损失:0.1867,当前轮训练集的正确率(Accuracy):92.3340%,当前轮测试集的正确率为:46.3918%,耗时：1.0286s
2026-07-07 17:25:25,413 - INFO: 当前轮数:23，当前轮的平均损失:0.1710,当前轮训练集的正确率(Accuracy):93.2448%,当前轮测试集的正确率为:44.3299%,耗时：0.8320s
2026-07-07 17:25:26,298 - INFO: 当前轮数:24，当前轮的平均损失:0.1811,当前轮训练集的正确率(Accuracy):92.7894%,当前轮测试集的正确率为:45.3608%,耗时：0.8846s
2026-07-07 17:25:27,157 - INFO: 当前轮数:25，当前轮的平均损失:0.1483,当前轮训练集的正确率(Accuracy):94.3074%,当前轮测试集的正确率为:42.2680%,耗时：0.8585s
2026-07-07 17:25:28,014 - INFO: 当前轮数:26，当前轮的平均损失:0.1351,当前轮训练集的正确率(Accuracy):94.6869%,当前轮测试集的正确率为:43.2990%,耗时：0.8567s
2026-07-07 17:25:28,937 - INFO: 当前轮数:27，当前轮的平均损失:0.1179,当前轮训练集的正确率(Accuracy):95.5598%,当前轮测试集的正确率为:41.2371%,耗时：0.9221s
2026-07-07 17:25:29,900 - INFO: 当前轮数:28，当前轮的平均损失:0.1126,当前轮训练集的正确率(Accuracy):96.1670%,当前轮测试集的正确率为:45.3608%,耗时：0.9631s
2026-07-07 17:25:30,846 - INFO: 当前轮数:29，当前轮的平均损失:0.1282,当前轮训练集的正确率(Accuracy):95.1044%,当前轮测试集的正确率为:40.2062%,耗时：0.9459s
2026-07-07 17:25:31,819 - INFO: 当前轮数:30，当前轮的平均损失:0.1318,当前轮训练集的正确率(Accuracy):94.6490%,当前轮测试集的正确率为:44.3299%,耗时：0.9722s
2026-07-07 17:25:31,820 - INFO: 早停策略触发。当前训练轮数为:30
2026-07-07 17:25:31,820 - INFO: 模型训练结束,当前时间为:2026-07-07 17:25:31
2026-07-07 17:27:08,632 - INFO: 开始创建LSTM模型对象:LSTMModel(
  (lstm): LSTM(6, 64, num_layers=2, batch_first=True, dropout=0.3)
  (fc): Sequential(
    (0): Linear(in_features=64, out_features=32, bias=True)
    (1): ReLU()
    (2): Dropout(p=0.2, inplace=False)
    (3): Linear(in_features=32, out_features=2, bias=True)
  )
)
2026-07-07 17:27:10,222 - INFO: 当前轮数:0，当前轮的平均损失:0.6934,当前轮训练集的正确率(Accuracy):51.7094%,当前轮测试集的正确率为:52.5253%,耗时：0.3061s
2026-07-07 17:27:10,501 - INFO: 当前轮数:1，当前轮的平均损失:0.6931,当前轮训练集的正确率(Accuracy):50.9615%,当前轮测试集的正确率为:47.4747%,耗时：0.2771s
2026-07-07 17:27:10,847 - INFO: 当前轮数:2，当前轮的平均损失:0.6924,当前轮训练集的正确率(Accuracy):52.4573%,当前轮测试集的正确率为:47.4747%,耗时：0.3457s
2026-07-07 17:27:11,086 - INFO: 当前轮数:3，当前轮的平均损失:0.6923,当前轮训练集的正确率(Accuracy):52.0299%,当前轮测试集的正确率为:47.4747%,耗时：0.2388s
2026-07-07 17:27:11,354 - INFO: 当前轮数:4，当前轮的平均损失:0.6912,当前轮训练集的正确率(Accuracy):53.4188%,当前轮测试集的正确率为:47.4747%,耗时：0.2672s
2026-07-07 17:27:11,612 - INFO: 当前轮数:5，当前轮的平均损失:0.6924,当前轮训练集的正确率(Accuracy):52.8846%,当前轮测试集的正确率为:47.4747%,耗时：0.2557s
2026-07-07 17:27:11,916 - INFO: 当前轮数:6，当前轮的平均损失:0.6907,当前轮训练集的正确率(Accuracy):52.7778%,当前轮测试集的正确率为:47.4747%,耗时：0.3034s
2026-07-07 17:27:12,167 - INFO: 当前轮数:7，当前轮的平均损失:0.6909,当前轮训练集的正确率(Accuracy):52.7778%,当前轮测试集的正确率为:47.4747%,耗时：0.2514s
2026-07-07 17:27:12,437 - INFO: 当前轮数:8，当前轮的平均损失:0.6932,当前轮训练集的正确率(Accuracy):52.3504%,当前轮测试集的正确率为:47.4747%,耗时：0.2699s
2026-07-07 17:27:12,726 - INFO: 当前轮数:9，当前轮的平均损失:0.6904,当前轮训练集的正确率(Accuracy):52.9915%,当前轮测试集的正确率为:47.4747%,耗时：0.2888s
2026-07-07 17:27:12,992 - INFO: 当前轮数:10，当前轮的平均损失:0.6910,当前轮训练集的正确率(Accuracy):53.8462%,当前轮测试集的正确率为:47.4747%,耗时：0.2665s
2026-07-07 17:27:13,294 - INFO: 当前轮数:11，当前轮的平均损失:0.6907,当前轮训练集的正确率(Accuracy):53.6325%,当前轮测试集的正确率为:47.4747%,耗时：0.3017s
2026-07-07 17:27:13,572 - INFO: 当前轮数:12，当前轮的平均损失:0.6914,当前轮训练集的正确率(Accuracy):52.5641%,当前轮测试集的正确率为:47.4747%,耗时：0.2780s
2026-07-07 17:27:13,905 - INFO: 当前轮数:13，当前轮的平均损失:0.6893,当前轮训练集的正确率(Accuracy):53.2051%,当前轮测试集的正确率为:47.4747%,耗时：0.3328s
2026-07-07 17:27:14,166 - INFO: 当前轮数:14，当前轮的平均损失:0.6907,当前轮训练集的正确率(Accuracy):53.0983%,当前轮测试集的正确率为:47.4747%,耗时：0.2614s
2026-07-07 17:27:14,447 - INFO: 当前轮数:15，当前轮的平均损失:0.6901,当前轮训练集的正确率(Accuracy):53.2051%,当前轮测试集的正确率为:47.4747%,耗时：0.2808s
2026-07-07 17:27:14,447 - INFO: 早停策略触发。当前训练轮数为:15
2026-07-07 17:27:14,447 - INFO: 模型训练结束,当前时间为:2026-07-07 17:27:14
2026-07-07 17:27:14,816 - INFO: 当前轮数:0，当前轮的平均损失:0.6931,当前轮训练集的正确率(Accuracy):51.4407%,当前轮测试集的正确率为:43.8776%,耗时：0.3646s
2026-07-07 17:27:15,134 - INFO: 当前轮数:1，当前轮的平均损失:0.6925,当前轮训练集的正确率(Accuracy):52.0339%,当前轮测试集的正确率为:43.8776%,耗时：0.3170s
2026-07-07 17:27:15,494 - INFO: 当前轮数:2，当前轮的平均损失:0.6920,当前轮训练集的正确率(Accuracy):52.8814%,当前轮测试集的正确率为:43.8776%,耗时：0.3591s
2026-07-07 17:27:15,847 - INFO: 当前轮数:3，当前轮的平均损失:0.6921,当前轮训练集的正确率(Accuracy):51.8644%,当前轮测试集的正确率为:43.8776%,耗时：0.3531s
2026-07-07 17:27:16,188 - INFO: 当前轮数:4，当前轮的平均损失:0.6933,当前轮训练集的正确率(Accuracy):51.2712%,当前轮测试集的正确率为:43.8776%,耗时：0.3410s
2026-07-07 17:27:16,530 - INFO: 当前轮数:5，当前轮的平均损失:0.6916,当前轮训练集的正确率(Accuracy):52.1186%,当前轮测试集的正确率为:43.8776%,耗时：0.3420s
2026-07-07 17:27:16,854 - INFO: 当前轮数:6，当前轮的平均损失:0.6919,当前轮训练集的正确率(Accuracy):52.2881%,当前轮测试集的正确率为:43.8776%,耗时：0.3246s
2026-07-07 17:27:17,174 - INFO: 当前轮数:7，当前轮的平均损失:0.6920,当前轮训练集的正确率(Accuracy):52.9661%,当前轮测试集的正确率为:43.8776%,耗时：0.3196s
2026-07-07 17:27:17,483 - INFO: 当前轮数:8，当前轮的平均损失:0.6915,当前轮训练集的正确率(Accuracy):53.1356%,当前轮测试集的正确率为:43.8776%,耗时：0.3078s
2026-07-07 17:27:17,808 - INFO: 当前轮数:9，当前轮的平均损失:0.6926,当前轮训练集的正确率(Accuracy):52.9661%,当前轮测试集的正确率为:43.8776%,耗时：0.3242s
2026-07-07 17:27:18,168 - INFO: 当前轮数:10，当前轮的平均损失:0.6917,当前轮训练集的正确率(Accuracy):52.7966%,当前轮测试集的正确率为:43.8776%,耗时：0.3601s
2026-07-07 17:27:18,505 - INFO: 当前轮数:11，当前轮的平均损失:0.6912,当前轮训练集的正确率(Accuracy):53.3898%,当前轮测试集的正确率为:43.8776%,耗时：0.3374s
2026-07-07 17:27:18,865 - INFO: 当前轮数:12，当前轮的平均损失:0.6903,当前轮训练集的正确率(Accuracy):53.6441%,当前轮测试集的正确率为:43.8776%,耗时：0.3597s
2026-07-07 17:27:19,188 - INFO: 当前轮数:13，当前轮的平均损失:0.6922,当前轮训练集的正确率(Accuracy):53.1356%,当前轮测试集的正确率为:43.8776%,耗时：0.3226s
2026-07-07 17:27:19,510 - INFO: 当前轮数:14，当前轮的平均损失:0.6905,当前轮训练集的正确率(Accuracy):53.6441%,当前轮测试集的正确率为:43.8776%,耗时：0.3222s
2026-07-07 17:27:19,864 - INFO: 当前轮数:15，当前轮的平均损失:0.6909,当前轮训练集的正确率(Accuracy):53.6441%,当前轮测试集的正确率为:43.8776%,耗时：0.3547s
2026-07-07 17:27:19,864 - INFO: 早停策略触发。当前训练轮数为:15
2026-07-07 17:27:19,864 - INFO: 模型训练结束,当前时间为:2026-07-07 17:27:19
2026-07-07 17:27:20,285 - INFO: 当前轮数:0，当前轮的平均损失:0.6936,当前轮训练集的正确率(Accuracy):50.4568%,当前轮测试集的正确率为:49.4949%,耗时：0.4121s
2026-07-07 17:27:20,700 - INFO: 当前轮数:1，当前轮的平均损失:0.6917,当前轮训练集的正确率(Accuracy):50.9487%,当前轮测试集的正确率为:49.4949%,耗时：0.4146s
2026-07-07 17:27:21,119 - INFO: 当前轮数:2，当前轮的平均损失:0.6920,当前轮训练集的正确率(Accuracy):50.6676%,当前轮测试集的正确率为:49.4949%,耗时：0.4195s
2026-07-07 17:27:21,526 - INFO: 当前轮数:3，当前轮的平均损失:0.6919,当前轮训练集的正确率(Accuracy):51.0892%,当前轮测试集的正确率为:50.5051%,耗时：0.4061s
2026-07-07 17:27:21,993 - INFO: 当前轮数:4，当前轮的平均损失:0.6914,当前轮训练集的正确率(Accuracy):51.2298%,当前轮测试集的正确率为:50.5051%,耗时：0.4663s
2026-07-07 17:27:22,395 - INFO: 当前轮数:5，当前轮的平均损失:0.6918,当前轮训练集的正确率(Accuracy):51.6514%,当前轮测试集的正确率为:50.5051%,耗时：0.4026s
2026-07-07 17:27:22,829 - INFO: 当前轮数:6，当前轮的平均损失:0.6910,当前轮训练集的正确率(Accuracy):52.5650%,当前轮测试集的正确率为:50.5051%,耗时：0.4335s
2026-07-07 17:27:23,318 - INFO: 当前轮数:7，当前轮的平均损失:0.6909,当前轮训练集的正确率(Accuracy):51.5812%,当前轮测试集的正确率为:50.5051%,耗时：0.4890s
2026-07-07 17:27:23,843 - INFO: 当前轮数:8，当前轮的平均损失:0.6898,当前轮训练集的正确率(Accuracy):50.8784%,当前轮测试集的正确率为:50.5051%,耗时：0.5250s
2026-07-07 17:27:24,311 - INFO: 当前轮数:9，当前轮的平均损失:0.6907,当前轮训练集的正确率(Accuracy):52.2839%,当前轮测试集的正确率为:50.5051%,耗时：0.4683s
2026-07-07 17:27:24,760 - INFO: 当前轮数:10，当前轮的平均损失:0.6896,当前轮训练集的正确率(Accuracy):51.5812%,当前轮测试集的正确率为:50.5051%,耗时：0.4485s
2026-07-07 17:27:25,193 - INFO: 当前轮数:11，当前轮的平均损失:0.6903,当前轮训练集的正确率(Accuracy):52.3542%,当前轮测试集的正确率为:50.5051%,耗时：0.4332s
2026-07-07 17:27:25,632 - INFO: 当前轮数:12，当前轮的平均损失:0.6887,当前轮训练集的正确率(Accuracy):51.9325%,当前轮测试集的正确率为:50.5051%,耗时：0.4381s
2026-07-07 17:27:26,083 - INFO: 当前轮数:13，当前轮的平均损失:0.6901,当前轮训练集的正确率(Accuracy):52.3542%,当前轮测试集的正确率为:50.5051%,耗时：0.4508s
2026-07-07 17:27:26,464 - INFO: 当前轮数:14，当前轮的平均损失:0.6888,当前轮训练集的正确率(Accuracy):50.8082%,当前轮测试集的正确率为:50.5051%,耗时：0.3812s
2026-07-07 17:27:26,927 - INFO: 当前轮数:15，当前轮的平均损失:0.6880,当前轮训练集的正确率(Accuracy):54.1110%,当前轮测试集的正确率为:50.5051%,耗时：0.4629s
2026-07-07 17:27:27,363 - INFO: 当前轮数:16，当前轮的平均损失:0.6869,当前轮训练集的正确率(Accuracy):53.6894%,当前轮测试集的正确率为:50.5051%,耗时：0.4353s
2026-07-07 17:27:27,823 - INFO: 当前轮数:17，当前轮的平均损失:0.6881,当前轮训练集的正确率(Accuracy):51.4406%,当前轮测试集的正确率为:50.5051%,耗时：0.4591s
2026-07-07 17:27:28,256 - INFO: 当前轮数:18，当前轮的平均损失:0.6872,当前轮训练集的正确率(Accuracy):54.3219%,当前轮测试集的正确率为:50.5051%,耗时：0.4328s
2026-07-07 17:27:28,256 - INFO: 早停策略触发。当前训练轮数为:18
2026-07-07 17:27:28,256 - INFO: 模型训练结束,当前时间为:2026-07-07 17:27:28
2026-07-07 17:27:28,782 - INFO: 当前轮数:0，当前轮的平均损失:0.6897,当前轮训练集的正确率(Accuracy):51.8607%,当前轮测试集的正确率为:47.9592%,耗时：0.5227s
2026-07-07 17:27:29,262 - INFO: 当前轮数:1，当前轮的平均损失:0.6883,当前轮训练集的正确率(Accuracy):53.9616%,当前轮测试集的正确率为:47.9592%,耗时：0.4793s
2026-07-07 17:27:29,790 - INFO: 当前轮数:2，当前轮的平均损失:0.6886,当前轮训练集的正确率(Accuracy):52.5210%,当前轮测试集的正确率为:47.9592%,耗时：0.5284s
2026-07-07 17:27:30,321 - INFO: 当前轮数:3，当前轮的平均损失:0.6871,当前轮训练集的正确率(Accuracy):54.5018%,当前轮测试集的正确率为:47.9592%,耗时：0.5302s
2026-07-07 17:27:30,828 - INFO: 当前轮数:4，当前轮的平均损失:0.6881,当前轮训练集的正确率(Accuracy):52.7011%,当前轮测试集的正确率为:47.9592%,耗时：0.5074s
2026-07-07 17:27:31,305 - INFO: 当前轮数:5，当前轮的平均损失:0.6885,当前轮训练集的正确率(Accuracy):52.5810%,当前轮测试集的正确率为:47.9592%,耗时：0.4763s
2026-07-07 17:27:31,818 - INFO: 当前轮数:6，当前轮的平均损失:0.6859,当前轮训练集的正确率(Accuracy):54.0216%,当前轮测试集的正确率为:47.9592%,耗时：0.5124s
2026-07-07 17:27:32,316 - INFO: 当前轮数:7，当前轮的平均损失:0.6888,当前轮训练集的正确率(Accuracy):53.0012%,当前轮测试集的正确率为:47.9592%,耗时：0.4977s
2026-07-07 17:27:32,809 - INFO: 当前轮数:8，当前轮的平均损失:0.6874,当前轮训练集的正确率(Accuracy):53.4814%,当前轮测试集的正确率为:50.0000%,耗时：0.4928s
2026-07-07 17:27:33,300 - INFO: 当前轮数:9，当前轮的平均损失:0.6864,当前轮训练集的正确率(Accuracy):52.5810%,当前轮测试集的正确率为:46.9388%,耗时：0.4906s
2026-07-07 17:27:33,823 - INFO: 当前轮数:10，当前轮的平均损失:0.6866,当前轮训练集的正确率(Accuracy):52.1008%,当前轮测试集的正确率为:50.0000%,耗时：0.5237s
2026-07-07 17:27:34,297 - INFO: 当前轮数:11，当前轮的平均损失:0.6882,当前轮训练集的正确率(Accuracy):52.6411%,当前轮测试集的正确率为:51.0204%,耗时：0.4732s
2026-07-07 17:27:34,843 - INFO: 当前轮数:12，当前轮的平均损失:0.6851,当前轮训练集的正确率(Accuracy):54.2017%,当前轮测试集的正确率为:51.0204%,耗时：0.5459s
2026-07-07 17:27:35,348 - INFO: 当前轮数:13，当前轮的平均损失:0.6838,当前轮训练集的正确率(Accuracy):54.2017%,当前轮测试集的正确率为:53.0612%,耗时：0.5041s
2026-07-07 17:27:35,852 - INFO: 当前轮数:14，当前轮的平均损失:0.6862,当前轮训练集的正确率(Accuracy):53.8415%,当前轮测试集的正确率为:53.0612%,耗时：0.5035s
2026-07-07 17:27:36,316 - INFO: 当前轮数:15，当前轮的平均损失:0.6864,当前轮训练集的正确率(Accuracy):53.5414%,当前轮测试集的正确率为:54.0816%,耗时：0.4644s
2026-07-07 17:27:36,852 - INFO: 当前轮数:16，当前轮的平均损失:0.6850,当前轮训练集的正确率(Accuracy):54.9220%,当前轮测试集的正确率为:54.0816%,耗时：0.5347s
2026-07-07 17:27:37,338 - INFO: 当前轮数:17，当前轮的平均损失:0.6855,当前轮训练集的正确率(Accuracy):54.3217%,当前轮测试集的正确率为:52.0408%,耗时：0.4849s
2026-07-07 17:27:37,892 - INFO: 当前轮数:18，当前轮的平均损失:0.6875,当前轮训练集的正确率(Accuracy):53.7815%,当前轮测试集的正确率为:51.0204%,耗时：0.5531s
2026-07-07 17:27:38,414 - INFO: 当前轮数:19，当前轮的平均损失:0.6857,当前轮训练集的正确率(Accuracy):53.5414%,当前轮测试集的正确率为:52.0408%,耗时：0.5208s
2026-07-07 17:27:38,907 - INFO: 当前轮数:20，当前轮的平均损失:0.6851,当前轮训练集的正确率(Accuracy):55.2221%,当前轮测试集的正确率为:51.0204%,耗时：0.4921s
2026-07-07 17:27:39,438 - INFO: 当前轮数:21，当前轮的平均损失:0.6822,当前轮训练集的正确率(Accuracy):55.1621%,当前轮测试集的正确率为:54.0816%,耗时：0.5312s
2026-07-07 17:27:40,058 - INFO: 当前轮数:22，当前轮的平均损失:0.6848,当前轮训练集的正确率(Accuracy):52.6411%,当前轮测试集的正确率为:50.0000%,耗时：0.6201s
2026-07-07 17:27:40,652 - INFO: 当前轮数:23，当前轮的平均损失:0.6823,当前轮训练集的正确率(Accuracy):53.1813%,当前轮测试集的正确率为:51.0204%,耗时：0.5925s
2026-07-07 17:27:41,217 - INFO: 当前轮数:24，当前轮的平均损失:0.6848,当前轮训练集的正确率(Accuracy):55.1621%,当前轮测试集的正确率为:54.0816%,耗时：0.5650s
2026-07-07 17:27:41,766 - INFO: 当前轮数:25，当前轮的平均损失:0.6811,当前轮训练集的正确率(Accuracy):55.5822%,当前轮测试集的正确率为:48.9796%,耗时：0.5480s
2026-07-07 17:27:42,332 - INFO: 当前轮数:26，当前轮的平均损失:0.6749,当前轮训练集的正确率(Accuracy):57.0828%,当前轮测试集的正确率为:50.0000%,耗时：0.5665s
2026-07-07 17:27:42,848 - INFO: 当前轮数:27，当前轮的平均损失:0.6824,当前轮训练集的正确率(Accuracy):54.1417%,当前轮测试集的正确率为:53.0612%,耗时：0.5152s
2026-07-07 17:27:43,353 - INFO: 当前轮数:28，当前轮的平均损失:0.6830,当前轮训练集的正确率(Accuracy):54.8019%,当前轮测试集的正确率为:47.9592%,耗时：0.5050s
2026-07-07 17:27:43,976 - INFO: 当前轮数:29，当前轮的平均损失:0.6806,当前轮训练集的正确率(Accuracy):55.1621%,当前轮测试集的正确率为:51.0204%,耗时：0.6229s
2026-07-07 17:27:44,525 - INFO: 当前轮数:30，当前轮的平均损失:0.6768,当前轮训练集的正确率(Accuracy):56.2425%,当前轮测试集的正确率为:51.0204%,耗时：0.5488s
2026-07-07 17:27:44,526 - INFO: 早停策略触发。当前训练轮数为:30
2026-07-07 17:27:44,526 - INFO: 模型训练结束,当前时间为:2026-07-07 17:27:44
2026-07-07 17:27:45,194 - INFO: 当前轮数:0，当前轮的平均损失:0.6798,当前轮训练集的正确率(Accuracy):54.7170%,当前轮测试集的正确率为:55.1020%,耗时：0.6648s
2026-07-07 17:27:45,841 - INFO: 当前轮数:1，当前轮的平均损失:0.6801,当前轮训练集的正确率(Accuracy):56.1845%,当前轮测试集的正确率为:59.1837%,耗时：0.6447s
2026-07-07 17:27:46,426 - INFO: 当前轮数:2，当前轮的平均损失:0.6790,当前轮训练集的正确率(Accuracy):54.9790%,当前轮测试集的正确率为:53.0612%,耗时：0.5853s
2026-07-07 17:27:47,048 - INFO: 当前轮数:3，当前轮的平均损失:0.6809,当前轮训练集的正确率(Accuracy):53.6688%,当前轮测试集的正确率为:41.8367%,耗时：0.6221s
2026-07-07 17:27:47,644 - INFO: 当前轮数:4，当前轮的平均损失:0.6803,当前轮训练集的正确率(Accuracy):54.2453%,当前轮测试集的正确率为:52.0408%,耗时：0.5949s
2026-07-07 17:27:48,252 - INFO: 当前轮数:5，当前轮的平均损失:0.6765,当前轮训练集的正确率(Accuracy):57.1803%,当前轮测试集的正确率为:56.1224%,耗时：0.6070s
2026-07-07 17:27:48,852 - INFO: 当前轮数:6，当前轮的平均损失:0.6754,当前轮训练集的正确率(Accuracy):57.2327%,当前轮测试集的正确率为:55.1020%,耗时：0.5990s
2026-07-07 17:27:49,394 - INFO: 当前轮数:7，当前轮的平均损失:0.6766,当前轮训练集的正确率(Accuracy):55.8700%,当前轮测试集的正确率为:57.1429%,耗时：0.5425s
2026-07-07 17:27:50,017 - INFO: 当前轮数:8，当前轮的平均损失:0.6771,当前轮训练集的正确率(Accuracy):56.6562%,当前轮测试集的正确率为:52.0408%,耗时：0.6224s
2026-07-07 17:27:50,628 - INFO: 当前轮数:9，当前轮的平均损失:0.6718,当前轮训练集的正确率(Accuracy):57.8616%,当前轮测试集的正确率为:51.0204%,耗时：0.6106s
2026-07-07 17:27:51,215 - INFO: 当前轮数:10，当前轮的平均损失:0.6753,当前轮训练集的正确率(Accuracy):57.0231%,当前轮测试集的正确率为:44.8980%,耗时：0.5871s
2026-07-07 17:27:51,795 - INFO: 当前轮数:11，当前轮的平均损失:0.6745,当前轮训练集的正确率(Accuracy):57.0755%,当前轮测试集的正确率为:53.0612%,耗时：0.5799s
2026-07-07 17:27:52,401 - INFO: 当前轮数:12，当前轮的平均损失:0.6763,当前轮训练集的正确率(Accuracy):56.9706%,当前轮测试集的正确率为:55.1020%,耗时：0.6063s
2026-07-07 17:27:52,983 - INFO: 当前轮数:13，当前轮的平均损失:0.6718,当前轮训练集的正确率(Accuracy):56.9706%,当前轮测试集的正确率为:50.0000%,耗时：0.5817s
2026-07-07 17:27:53,565 - INFO: 当前轮数:14，当前轮的平均损失:0.6734,当前轮训练集的正确率(Accuracy):56.9182%,当前轮测试集的正确率为:58.1633%,耗时：0.5818s
2026-07-07 17:27:54,151 - INFO: 当前轮数:15，当前轮的平均损失:0.6711,当前轮训练集的正确率(Accuracy):58.7526%,当前轮测试集的正确率为:58.1633%,耗时：0.5858s
2026-07-07 17:27:54,772 - INFO: 当前轮数:16，当前轮的平均损失:0.6686,当前轮训练集的正确率(Accuracy):58.1237%,当前轮测试集的正确率为:58.1633%,耗时：0.6196s
2026-07-07 17:27:54,773 - INFO: 早停策略触发。当前训练轮数为:16
2026-07-07 17:27:54,773 - INFO: 模型训练结束,当前时间为:2026-07-07 17:27:54
2026-07-07 17:27:55,401 - INFO: 当前轮数:0，当前轮的平均损失:0.6753,当前轮训练集的正确率(Accuracy):57.2093%,当前轮测试集的正确率为:54.0816%,耗时：0.6265s
2026-07-07 17:27:56,076 - INFO: 当前轮数:1，当前轮的平均损失:0.6658,当前轮训练集的正确率(Accuracy):59.5814%,当前轮测试集的正确率为:51.0204%,耗时：0.6741s
2026-07-07 17:27:56,736 - INFO: 当前轮数:2，当前轮的平均损失:0.6647,当前轮训练集的正确率(Accuracy):59.6744%,当前轮测试集的正确率为:53.0612%,耗时：0.6599s
2026-07-07 17:27:57,408 - INFO: 当前轮数:3，当前轮的平均损失:0.6719,当前轮训练集的正确率(Accuracy):58.3256%,当前轮测试集的正确率为:53.0612%,耗时：0.6713s
2026-07-07 17:27:58,085 - INFO: 当前轮数:4，当前轮的平均损失:0.6680,当前轮训练集的正确率(Accuracy):58.5581%,当前轮测试集的正确率为:48.9796%,耗时：0.6773s
2026-07-07 17:27:58,729 - INFO: 当前轮数:5，当前轮的平均损失:0.6689,当前轮训练集的正确率(Accuracy):57.5814%,当前轮测试集的正确率为:53.0612%,耗时：0.6444s
2026-07-07 17:27:59,361 - INFO: 当前轮数:6，当前轮的平均损失:0.6693,当前轮训练集的正确率(Accuracy):57.3953%,当前轮测试集的正确率为:53.0612%,耗时：0.6314s
2026-07-07 17:27:59,997 - INFO: 当前轮数:7，当前轮的平均损失:0.6662,当前轮训练集的正确率(Accuracy):57.6279%,当前轮测试集的正确率为:50.0000%,耗时：0.6364s
2026-07-07 17:28:00,760 - INFO: 当前轮数:8，当前轮的平均损失:0.6649,当前轮训练集的正确率(Accuracy):58.2791%,当前轮测试集的正确率为:46.9388%,耗时：0.7619s
2026-07-07 17:28:01,403 - INFO: 当前轮数:9，当前轮的平均损失:0.6663,当前轮训练集的正确率(Accuracy):56.6977%,当前轮测试集的正确率为:44.8980%,耗时：0.6430s
2026-07-07 17:28:02,075 - INFO: 当前轮数:10，当前轮的平均损失:0.6664,当前轮训练集的正确率(Accuracy):57.5814%,当前轮测试集的正确率为:51.0204%,耗时：0.6711s
2026-07-07 17:28:02,819 - INFO: 当前轮数:11，当前轮的平均损失:0.6615,当前轮训练集的正确率(Accuracy):58.7907%,当前轮测试集的正确率为:53.0612%,耗时：0.7435s
2026-07-07 17:28:03,441 - INFO: 当前轮数:12，当前轮的平均损失:0.6605,当前轮训练集的正确率(Accuracy):59.7674%,当前轮测试集的正确率为:48.9796%,耗时：0.6222s
2026-07-07 17:28:04,122 - INFO: 当前轮数:13，当前轮的平均损失:0.6547,当前轮训练集的正确率(Accuracy):59.0233%,当前轮测试集的正确率为:53.0612%,耗时：0.6815s
2026-07-07 17:28:04,774 - INFO: 当前轮数:14，当前轮的平均损失:0.6570,当前轮训练集的正确率(Accuracy):59.7674%,当前轮测试集的正确率为:52.0408%,耗时：0.6511s
2026-07-07 17:28:05,459 - INFO: 当前轮数:15，当前轮的平均损失:0.6556,当前轮训练集的正确率(Accuracy):60.8372%,当前轮测试集的正确率为:55.1020%,耗时：0.6857s
2026-07-07 17:28:06,115 - INFO: 当前轮数:16，当前轮的平均损失:0.6468,当前轮训练集的正确率(Accuracy):61.1163%,当前轮测试集的正确率为:59.1837%,耗时：0.6547s
2026-07-07 17:28:06,845 - INFO: 当前轮数:17，当前轮的平均损失:0.6438,当前轮训练集的正确率(Accuracy):60.9302%,当前轮测试集的正确率为:43.8776%,耗时：0.7284s
2026-07-07 17:28:07,495 - INFO: 当前轮数:18，当前轮的平均损失:0.6470,当前轮训练集的正确率(Accuracy):60.3256%,当前轮测试集的正确率为:53.0612%,耗时：0.6501s
2026-07-07 17:28:08,212 - INFO: 当前轮数:19，当前轮的平均损失:0.6519,当前轮训练集的正确率(Accuracy):60.9302%,当前轮测试集的正确率为:45.9184%,耗时：0.7168s
2026-07-07 17:28:08,911 - INFO: 当前轮数:20，当前轮的平均损失:0.6436,当前轮训练集的正确率(Accuracy):60.8837%,当前轮测试集的正确率为:44.8980%,耗时：0.6983s
2026-07-07 17:28:09,583 - INFO: 当前轮数:21，当前轮的平均损失:0.6417,当前轮训练集的正确率(Accuracy):60.9767%,当前轮测试集的正确率为:57.1429%,耗时：0.6717s
2026-07-07 17:28:10,244 - INFO: 当前轮数:22，当前轮的平均损失:0.6343,当前轮训练集的正确率(Accuracy):63.3488%,当前轮测试集的正确率为:55.1020%,耗时：0.6599s
2026-07-07 17:28:10,898 - INFO: 当前轮数:23，当前轮的平均损失:0.6329,当前轮训练集的正确率(Accuracy):62.3256%,当前轮测试集的正确率为:51.0204%,耗时：0.6536s
2026-07-07 17:28:11,545 - INFO: 当前轮数:24，当前轮的平均损失:0.6304,当前轮训练集的正确率(Accuracy):62.6512%,当前轮测试集的正确率为:53.0612%,耗时：0.6467s
2026-07-07 17:28:12,208 - INFO: 当前轮数:25，当前轮的平均损失:0.6287,当前轮训练集的正确率(Accuracy):63.0698%,当前轮测试集的正确率为:45.9184%,耗时：0.6632s
2026-07-07 17:28:12,890 - INFO: 当前轮数:26，当前轮的平均损失:0.6179,当前轮训练集的正确率(Accuracy):63.3953%,当前轮测试集的正确率为:50.0000%,耗时：0.6806s
2026-07-07 17:28:13,525 - INFO: 当前轮数:27，当前轮的平均损失:0.6255,当前轮训练集的正确率(Accuracy):62.6977%,当前轮测试集的正确率为:56.1224%,耗时：0.6348s
2026-07-07 17:28:14,229 - INFO: 当前轮数:28，当前轮的平均损失:0.6292,当前轮训练集的正确率(Accuracy):61.1163%,当前轮测试集的正确率为:56.1224%,耗时：0.7043s
2026-07-07 17:28:14,936 - INFO: 当前轮数:29，当前轮的平均损失:0.6210,当前轮训练集的正确率(Accuracy):63.8140%,当前轮测试集的正确率为:45.9184%,耗时：0.7060s
2026-07-07 17:28:15,565 - INFO: 当前轮数:30，当前轮的平均损失:0.6112,当前轮训练集的正确率(Accuracy):64.2326%,当前轮测试集的正确率为:42.8571%,耗时：0.6279s
2026-07-07 17:28:16,310 - INFO: 当前轮数:31，当前轮的平均损失:0.6127,当前轮训练集的正确率(Accuracy):64.4186%,当前轮测试集的正确率为:55.1020%,耗时：0.7446s
2026-07-07 17:28:16,310 - INFO: 早停策略触发。当前训练轮数为:31
2026-07-07 17:28:16,310 - INFO: 模型训练结束,当前时间为:2026-07-07 17:28:16
2026-07-07 17:28:17,035 - INFO: 当前轮数:0，当前轮的平均损失:0.6291,当前轮训练集的正确率(Accuracy):61.8311%,当前轮测试集的正确率为:51.0204%,耗时：0.7212s
2026-07-07 17:28:17,756 - INFO: 当前轮数:1，当前轮的平均损失:0.6141,当前轮训练集的正确率(Accuracy):63.9214%,当前轮测试集的正确率为:55.1020%,耗时：0.7204s
2026-07-07 17:28:18,464 - INFO: 当前轮数:2，当前轮的平均损失:0.6098,当前轮训练集的正确率(Accuracy):62.5000%,当前轮测试集的正确率为:54.0816%,耗时：0.7066s
2026-07-07 17:28:19,191 - INFO: 当前轮数:3，当前轮的平均损失:0.6105,当前轮训练集的正确率(Accuracy):63.9632%,当前轮测试集的正确率为:54.0816%,耗时：0.7267s
2026-07-07 17:28:19,890 - INFO: 当前轮数:4，当前轮的平均损失:0.6081,当前轮训练集的正确率(Accuracy):63.9214%,当前轮测试集的正确率为:57.1429%,耗时：0.6995s
2026-07-07 17:28:20,626 - INFO: 当前轮数:5，当前轮的平均损失:0.6103,当前轮训练集的正确率(Accuracy):63.1689%,当前轮测试集的正确率为:53.0612%,耗时：0.7353s
2026-07-07 17:28:21,407 - INFO: 当前轮数:6，当前轮的平均损失:0.6103,当前轮训练集的正确率(Accuracy):63.9214%,当前轮测试集的正确率为:50.0000%,耗时：0.7798s
2026-07-07 17:28:22,165 - INFO: 当前轮数:7，当前轮的平均损失:0.6144,当前轮训练集的正确率(Accuracy):63.0017%,当前轮测试集的正确率为:51.0204%,耗时：0.7574s
2026-07-07 17:28:22,899 - INFO: 当前轮数:8，当前轮的平均损失:0.6165,当前轮训练集的正确率(Accuracy):63.5452%,当前轮测试集的正确率为:57.1429%,耗时：0.7347s
2026-07-07 17:28:23,641 - INFO: 当前轮数:9，当前轮的平均损失:0.6127,当前轮训练集的正确率(Accuracy):64.2559%,当前轮测试集的正确率为:51.0204%,耗时：0.7416s
2026-07-07 17:28:24,332 - INFO: 当前轮数:10，当前轮的平均损失:0.5916,当前轮训练集的正确率(Accuracy):65.4264%,当前轮测试集的正确率为:52.0408%,耗时：0.6912s
2026-07-07 17:28:25,098 - INFO: 当前轮数:11，当前轮的平均损失:0.5782,当前轮训练集的正确率(Accuracy):66.7224%,当前轮测试集的正确率为:54.0816%,耗时：0.7658s
2026-07-07 17:28:25,883 - INFO: 当前轮数:12，当前轮的平均损失:0.5792,当前轮训练集的正确率(Accuracy):66.5134%,当前轮测试集的正确率为:47.9592%,耗时：0.7851s
2026-07-07 17:28:26,621 - INFO: 当前轮数:13，当前轮的平均损失:0.5983,当前轮训练集的正确率(Accuracy):64.5903%,当前轮测试集的正确率为:51.0204%,耗时：0.7378s
2026-07-07 17:28:27,365 - INFO: 当前轮数:14，当前轮的平均损失:0.5769,当前轮训练集的正确率(Accuracy):66.1789%,当前轮测试集的正确率为:48.9796%,耗时：0.7435s
2026-07-07 17:28:28,100 - INFO: 当前轮数:15，当前轮的平均损失:0.5902,当前轮训练集的正确率(Accuracy):65.3428%,当前轮测试集的正确率为:50.0000%,耗时：0.7354s
2026-07-07 17:28:28,800 - INFO: 当前轮数:16，当前轮的平均损失:0.5854,当前轮训练集的正确率(Accuracy):65.4682%,当前轮测试集的正确率为:51.0204%,耗时：0.6997s
2026-07-07 17:28:29,532 - INFO: 当前轮数:17，当前轮的平均损失:0.5739,当前轮训练集的正确率(Accuracy):66.0535%,当前轮测试集的正确率为:53.0612%,耗时：0.7317s
2026-07-07 17:28:30,229 - INFO: 当前轮数:18，当前轮的平均损失:0.5669,当前轮训练集的正确率(Accuracy):67.1405%,当前轮测试集的正确率为:48.9796%,耗时：0.6966s
2026-07-07 17:28:30,961 - INFO: 当前轮数:19，当前轮的平均损失:0.5577,当前轮训练集的正确率(Accuracy):66.9732%,当前轮测试集的正确率为:54.0816%,耗时：0.7310s
2026-07-07 17:28:30,961 - INFO: 早停策略触发。当前训练轮数为:19
2026-07-07 17:28:30,961 - INFO: 模型训练结束,当前时间为:2026-07-07 17:28:30
2026-07-07 17:28:31,786 - INFO: 当前轮数:0，当前轮的平均损失:0.5842,当前轮训练集的正确率(Accuracy):65.8065%,当前轮测试集的正确率为:48.4536%,耗时：0.8223s
2026-07-07 17:28:32,571 - INFO: 当前轮数:1，当前轮的平均损失:0.5763,当前轮训练集的正确率(Accuracy):66.5275%,当前轮测试集的正确率为:54.6392%,耗时：0.7835s
2026-07-07 17:28:33,394 - INFO: 当前轮数:2，当前轮的平均损失:0.5613,当前轮训练集的正确率(Accuracy):66.7932%,当前轮测试集的正确率为:54.6392%,耗时：0.8225s
2026-07-07 17:28:34,231 - INFO: 当前轮数:3，当前轮的平均损失:0.5752,当前轮训练集的正确率(Accuracy):65.3510%,当前轮测试集的正确率为:56.7010%,耗时：0.8361s
2026-07-07 17:28:35,043 - INFO: 当前轮数:4，当前轮的平均损失:0.5706,当前轮训练集的正确率(Accuracy):66.4896%,当前轮测试集的正确率为:60.8247%,耗时：0.8119s
2026-07-07 17:28:35,879 - INFO: 当前轮数:5，当前轮的平均损失:0.5598,当前轮训练集的正确率(Accuracy):67.8937%,当前轮测试集的正确率为:59.7938%,耗时：0.8345s
2026-07-07 17:28:36,729 - INFO: 当前轮数:6，当前轮的平均损失:0.5543,当前轮训练集的正确率(Accuracy):67.6660%,当前轮测试集的正确率为:53.6082%,耗时：0.8498s
2026-07-07 17:28:37,542 - INFO: 当前轮数:7，当前轮的平均损失:0.5625,当前轮训练集的正确率(Accuracy):66.9450%,当前轮测试集的正确率为:56.7010%,耗时：0.8138s
2026-07-07 17:28:38,382 - INFO: 当前轮数:8，当前轮的平均损失:0.5486,当前轮训练集的正确率(Accuracy):67.8178%,当前轮测试集的正确率为:53.6082%,耗时：0.8400s
2026-07-07 17:28:39,175 - INFO: 当前轮数:9，当前轮的平均损失:0.5591,当前轮训练集的正确率(Accuracy):67.2106%,当前轮测试集的正确率为:62.8866%,耗时：0.7927s
2026-07-07 17:28:40,009 - INFO: 当前轮数:10，当前轮的平均损失:0.5534,当前轮训练集的正确率(Accuracy):67.3245%,当前轮测试集的正确率为:54.6392%,耗时：0.8342s
2026-07-07 17:28:40,808 - INFO: 当前轮数:11，当前轮的平均损失:0.5256,当前轮训练集的正确率(Accuracy):69.3738%,当前轮测试集的正确率为:59.7938%,耗时：0.7992s
2026-07-07 17:28:41,612 - INFO: 当前轮数:12，当前轮的平均损失:0.5397,当前轮训练集的正确率(Accuracy):69.4118%,当前轮测试集的正确率为:59.7938%,耗时：0.8028s
2026-07-07 17:28:42,405 - INFO: 当前轮数:13，当前轮的平均损失:0.5210,当前轮训练集的正确率(Accuracy):69.8672%,当前轮测试集的正确率为:57.7320%,耗时：0.7925s
2026-07-07 17:28:43,235 - INFO: 当前轮数:14，当前轮的平均损失:0.5179,当前轮训练集的正确率(Accuracy):70.1328%,当前轮测试集的正确率为:55.6701%,耗时：0.8290s
2026-07-07 17:28:44,036 - INFO: 当前轮数:15，当前轮的平均损失:0.5336,当前轮训练集的正确率(Accuracy):69.1082%,当前轮测试集的正确率为:61.8557%,耗时：0.7999s
2026-07-07 17:28:44,855 - INFO: 当前轮数:16，当前轮的平均损失:0.5222,当前轮训练集的正确率(Accuracy):69.9810%,当前轮测试集的正确率为:58.7629%,耗时：0.8190s
2026-07-07 17:28:45,718 - INFO: 当前轮数:17，当前轮的平均损失:0.5162,当前轮训练集的正确率(Accuracy):69.7913%,当前轮测试集的正确率为:60.8247%,耗时：0.8628s
2026-07-07 17:28:46,523 - INFO: 当前轮数:18，当前轮的平均损失:0.5066,当前轮训练集的正确率(Accuracy):71.3093%,当前轮测试集的正确率为:58.7629%,耗时：0.8044s
2026-07-07 17:28:47,350 - INFO: 当前轮数:19，当前轮的平均损失:0.4987,当前轮训练集的正确率(Accuracy):72.0304%,当前轮测试集的正确率为:63.9175%,耗时：0.8266s
2026-07-07 17:28:48,200 - INFO: 当前轮数:20，当前轮的平均损失:0.4902,当前轮训练集的正确率(Accuracy):72.2581%,当前轮测试集的正确率为:59.7938%,耗时：0.8484s
2026-07-07 17:28:49,035 - INFO: 当前轮数:21，当前轮的平均损失:0.4907,当前轮训练集的正确率(Accuracy):71.7647%,当前轮测试集的正确率为:60.8247%,耗时：0.8351s
2026-07-07 17:28:49,836 - INFO: 当前轮数:22，当前轮的平均损失:0.4789,当前轮训练集的正确率(Accuracy):72.2201%,当前轮测试集的正确率为:53.6082%,耗时：0.8007s
2026-07-07 17:28:50,577 - INFO: 当前轮数:23，当前轮的平均损失:0.4922,当前轮训练集的正确率(Accuracy):72.5617%,当前轮测试集的正确率为:59.7938%,耗时：0.7405s
2026-07-07 17:28:51,397 - INFO: 当前轮数:24，当前轮的平均损失:0.4891,当前轮训练集的正确率(Accuracy):72.5617%,当前轮测试集的正确率为:55.6701%,耗时：0.8192s
2026-07-07 17:28:52,230 - INFO: 当前轮数:25，当前轮的平均损失:0.5012,当前轮训练集的正确率(Accuracy):71.6509%,当前轮测试集的正确率为:59.7938%,耗时：0.8330s
2026-07-07 17:28:53,037 - INFO: 当前轮数:26，当前轮的平均损失:0.4774,当前轮训练集的正确率(Accuracy):72.3340%,当前轮测试集的正确率为:56.7010%,耗时：0.8066s
2026-07-07 17:28:53,829 - INFO: 当前轮数:27，当前轮的平均损失:0.4641,当前轮训练集的正确率(Accuracy):74.3454%,当前轮测试集的正确率为:61.8557%,耗时：0.7925s
2026-07-07 17:28:54,719 - INFO: 当前轮数:28，当前轮的平均损失:0.4503,当前轮训练集的正确率(Accuracy):74.5351%,当前轮测试集的正确率为:57.7320%,耗时：0.8897s
2026-07-07 17:28:55,474 - INFO: 当前轮数:29，当前轮的平均损失:0.4529,当前轮训练集的正确率(Accuracy):75.4839%,当前轮测试集的正确率为:57.7320%,耗时：0.7553s
2026-07-07 17:28:56,280 - INFO: 当前轮数:30，当前轮的平均损失:0.4332,当前轮训练集的正确率(Accuracy):75.2941%,当前轮测试集的正确率为:58.7629%,耗时：0.8043s
2026-07-07 17:28:57,112 - INFO: 当前轮数:31，当前轮的平均损失:0.4245,当前轮训练集的正确率(Accuracy):76.9260%,当前轮测试集的正确率为:57.7320%,耗时：0.8328s
2026-07-07 17:28:57,978 - INFO: 当前轮数:32，当前轮的平均损失:0.4416,当前轮训练集的正确率(Accuracy):75.7875%,当前轮测试集的正确率为:61.8557%,耗时：0.8653s
2026-07-07 17:28:58,846 - INFO: 当前轮数:33，当前轮的平均损失:0.4497,当前轮训练集的正确率(Accuracy):75.8254%,当前轮测试集的正确率为:55.6701%,耗时：0.8687s
2026-07-07 17:28:59,685 - INFO: 当前轮数:34，当前轮的平均损失:0.4450,当前轮训练集的正确率(Accuracy):75.6736%,当前轮测试集的正确率为:52.5773%,耗时：0.8385s
2026-07-07 17:28:59,685 - INFO: 早停策略触发。当前训练轮数为:34
2026-07-07 17:28:59,685 - INFO: 模型训练结束,当前时间为:2026-07-07 17:28:59
2026-07-07 17:34:12,165 - INFO: LSTM input_size=6, hidden_size=64, layers=2
2026-07-07 17:34:14,008 - INFO: 当前轮数:0，当前轮的平均损失:0.6955,当前轮训练集的正确率(Accuracy):49.6795%,当前轮测试集的正确率为:47.4747%,耗时：0.4097s
2026-07-07 17:34:14,242 - INFO: 当前轮数:1，当前轮的平均损失:0.6954,当前轮训练集的正确率(Accuracy):50.4274%,当前轮测试集的正确率为:47.4747%,耗时：0.2300s
2026-07-07 17:34:14,534 - INFO: 当前轮数:2，当前轮的平均损失:0.6915,当前轮训练集的正确率(Accuracy):52.1368%,当前轮测试集的正确率为:47.4747%,耗时：0.2917s
2026-07-07 17:34:14,803 - INFO: 当前轮数:3，当前轮的平均损失:0.6930,当前轮训练集的正确率(Accuracy):51.3889%,当前轮测试集的正确率为:47.4747%,耗时：0.2691s
2026-07-07 17:34:15,088 - INFO: 当前轮数:4，当前轮的平均损失:0.6913,当前轮训练集的正确率(Accuracy):55.1282%,当前轮测试集的正确率为:47.4747%,耗时：0.2853s
2026-07-07 17:34:15,340 - INFO: 当前轮数:5，当前轮的平均损失:0.6900,当前轮训练集的正确率(Accuracy):52.8846%,当前轮测试集的正确率为:47.4747%,耗时：0.2523s
2026-07-07 17:34:15,598 - INFO: 当前轮数:6，当前轮的平均损失:0.6926,当前轮训练集的正确率(Accuracy):52.2436%,当前轮测试集的正确率为:47.4747%,耗时：0.2570s
2026-07-07 17:34:15,872 - INFO: 当前轮数:7，当前轮的平均损失:0.6920,当前轮训练集的正确率(Accuracy):51.6026%,当前轮测试集的正确率为:47.4747%,耗时：0.2731s
2026-07-07 17:34:16,119 - INFO: 当前轮数:8，当前轮的平均损失:0.6909,当前轮训练集的正确率(Accuracy):52.8846%,当前轮测试集的正确率为:47.4747%,耗时：0.2476s
2026-07-07 17:34:16,380 - INFO: 当前轮数:9，当前轮的平均损失:0.6911,当前轮训练集的正确率(Accuracy):53.4188%,当前轮测试集的正确率为:47.4747%,耗时：0.2612s
2026-07-07 17:34:16,638 - INFO: 当前轮数:10，当前轮的平均损失:0.6913,当前轮训练集的正确率(Accuracy):53.0983%,当前轮测试集的正确率为:47.4747%,耗时：0.2570s
2026-07-07 17:34:16,882 - INFO: 当前轮数:11，当前轮的平均损失:0.6902,当前轮训练集的正确率(Accuracy):53.0983%,当前轮测试集的正确率为:47.4747%,耗时：0.2439s
2026-07-07 17:34:17,146 - INFO: 当前轮数:12，当前轮的平均损失:0.6920,当前轮训练集的正确率(Accuracy):51.8162%,当前轮测试集的正确率为:47.4747%,耗时：0.2635s
2026-07-07 17:34:17,392 - INFO: 当前轮数:13，当前轮的平均损失:0.6895,当前轮训练集的正确率(Accuracy):54.0598%,当前轮测试集的正确率为:47.4747%,耗时：0.2461s
2026-07-07 17:34:17,679 - INFO: 当前轮数:14，当前轮的平均损失:0.6910,当前轮训练集的正确率(Accuracy):54.3803%,当前轮测试集的正确率为:47.4747%,耗时：0.2873s
2026-07-07 17:34:17,922 - INFO: 当前轮数:15，当前轮的平均损失:0.6895,当前轮训练集的正确率(Accuracy):52.6709%,当前轮测试集的正确率为:47.4747%,耗时：0.2434s
2026-07-07 17:34:17,922 - INFO: 早停策略触发。当前训练轮数为:15
2026-07-07 17:34:17,922 - INFO: 模型训练结束,当前时间为:2026-07-07 17:34:17
2026-07-07 17:34:18,270 - INFO: 当前轮数:0，当前轮的平均损失:0.6938,当前轮训练集的正确率(Accuracy):50.1695%,当前轮测试集的正确率为:44.8980%,耗时：0.3307s
2026-07-07 17:34:18,595 - INFO: 当前轮数:1，当前轮的平均损失:0.6933,当前轮训练集的正确率(Accuracy):50.2542%,当前轮测试集的正确率为:43.8776%,耗时：0.3239s
2026-07-07 17:34:18,945 - INFO: 当前轮数:2，当前轮的平均损失:0.6929,当前轮训练集的正确率(Accuracy):51.2712%,当前轮测试集的正确率为:43.8776%,耗时：0.3498s
2026-07-07 17:34:19,266 - INFO: 当前轮数:3，当前轮的平均损失:0.6924,当前轮训练集的正确率(Accuracy):51.3559%,当前轮测试集的正确率为:43.8776%,耗时：0.3212s
2026-07-07 17:34:19,578 - INFO: 当前轮数:4，当前轮的平均损失:0.6930,当前轮训练集的正确率(Accuracy):51.6102%,当前轮测试集的正确率为:43.8776%,耗时：0.3111s
2026-07-07 17:34:19,910 - INFO: 当前轮数:5，当前轮的平均损失:0.6924,当前轮训练集的正确率(Accuracy):51.3559%,当前轮测试集的正确率为:43.8776%,耗时：0.3307s
2026-07-07 17:34:20,253 - INFO: 当前轮数:6，当前轮的平均损失:0.6922,当前轮训练集的正确率(Accuracy):52.7119%,当前轮测试集的正确率为:43.8776%,耗时：0.3427s
2026-07-07 17:34:20,588 - INFO: 当前轮数:7，当前轮的平均损失:0.6923,当前轮训练集的正确率(Accuracy):51.1017%,当前轮测试集的正确率为:43.8776%,耗时：0.3354s
2026-07-07 17:34:20,902 - INFO: 当前轮数:8，当前轮的平均损失:0.6923,当前轮训练集的正确率(Accuracy):51.3559%,当前轮测试集的正确率为:43.8776%,耗时：0.3122s
2026-07-07 17:34:21,255 - INFO: 当前轮数:9，当前轮的平均损失:0.6932,当前轮训练集的正确率(Accuracy):51.1864%,当前轮测试集的正确率为:43.8776%,耗时：0.3529s
2026-07-07 17:34:21,596 - INFO: 当前轮数:10，当前轮的平均损失:0.6924,当前轮训练集的正确率(Accuracy):51.7797%,当前轮测试集的正确率为:43.8776%,耗时：0.3403s
2026-07-07 17:34:21,938 - INFO: 当前轮数:11，当前轮的平均损失:0.6924,当前轮训练集的正确率(Accuracy):51.6102%,当前轮测试集的正确率为:43.8776%,耗时：0.3424s
2026-07-07 17:34:22,277 - INFO: 当前轮数:12，当前轮的平均损失:0.6928,当前轮训练集的正确率(Accuracy):51.1864%,当前轮测试集的正确率为:43.8776%,耗时：0.3389s
2026-07-07 17:34:22,586 - INFO: 当前轮数:13，当前轮的平均损失:0.6925,当前轮训练集的正确率(Accuracy):51.5254%,当前轮测试集的正确率为:43.8776%,耗时：0.3094s
2026-07-07 17:34:22,908 - INFO: 当前轮数:14，当前轮的平均损失:0.6919,当前轮训练集的正确率(Accuracy):52.3729%,当前轮测试集的正确率为:43.8776%,耗时：0.3208s
2026-07-07 17:34:23,243 - INFO: 当前轮数:15，当前轮的平均损失:0.6922,当前轮训练集的正确率(Accuracy):52.0339%,当前轮测试集的正确率为:43.8776%,耗时：0.3347s
2026-07-07 17:34:23,243 - INFO: 早停策略触发。当前训练轮数为:15
2026-07-07 17:34:23,243 - INFO: 模型训练结束,当前时间为:2026-07-07 17:34:23
2026-07-07 17:34:23,649 - INFO: 当前轮数:0，当前轮的平均损失:0.6961,当前轮训练集的正确率(Accuracy):48.4188%,当前轮测试集的正确率为:49.4949%,耗时：0.3981s
2026-07-07 17:34:24,060 - INFO: 当前轮数:1，当前轮的平均损失:0.6927,当前轮训练集的正确率(Accuracy):51.6514%,当前轮测试集的正确率为:50.5051%,耗时：0.4105s
2026-07-07 17:34:24,484 - INFO: 当前轮数:2，当前轮的平均损失:0.6932,当前轮训练集的正确率(Accuracy):52.6353%,当前轮测试集的正确率为:50.5051%,耗时：0.4213s
2026-07-07 17:34:24,880 - INFO: 当前轮数:3，当前轮的平均损失:0.6926,当前轮训练集的正确率(Accuracy):52.1434%,当前轮测试集的正确率为:50.5051%,耗时：0.3961s
2026-07-07 17:34:25,305 - INFO: 当前轮数:4，当前轮的平均损失:0.6928,当前轮训练集的正确率(Accuracy):51.5109%,当前轮测试集的正确率为:50.5051%,耗时：0.4244s
2026-07-07 17:34:25,716 - INFO: 当前轮数:5，当前轮的平均损失:0.6928,当前轮训练集的正确率(Accuracy):51.5812%,当前轮测试集的正确率为:50.5051%,耗时：0.4112s
2026-07-07 17:34:26,080 - INFO: 当前轮数:6，当前轮的平均损失:0.6927,当前轮训练集的正确率(Accuracy):51.5812%,当前轮测试集的正确率为:50.5051%,耗时：0.3644s
2026-07-07 17:34:26,510 - INFO: 当前轮数:7，当前轮的平均损失:0.6932,当前轮训练集的正确率(Accuracy):51.0892%,当前轮测试集的正确率为:50.5051%,耗时：0.4292s
2026-07-07 17:34:26,908 - INFO: 当前轮数:8，当前轮的平均损失:0.6928,当前轮训练集的正确率(Accuracy):51.4406%,当前轮测试集的正确率为:50.5051%,耗时：0.3973s
2026-07-07 17:34:27,287 - INFO: 当前轮数:9，当前轮的平均损失:0.6926,当前轮训练集的正确率(Accuracy):50.7379%,当前轮测试集的正确率为:50.5051%,耗时：0.3789s
2026-07-07 17:34:27,685 - INFO: 当前轮数:10，当前轮的平均损失:0.6920,当前轮训练集的正确率(Accuracy):52.2839%,当前轮测试集的正确率为:50.5051%,耗时：0.3987s
2026-07-07 17:34:28,092 - INFO: 当前轮数:11，当前轮的平均损失:0.6930,当前轮训练集的正确率(Accuracy):51.7920%,当前轮测试集的正确率为:50.5051%,耗时：0.4068s
2026-07-07 17:34:28,480 - INFO: 当前轮数:12，当前轮的平均损失:0.6920,当前轮训练集的正确率(Accuracy):52.4245%,当前轮测试集的正确率为:50.5051%,耗时：0.3882s
2026-07-07 17:34:28,879 - INFO: 当前轮数:13，当前轮的平均损失:0.6925,当前轮训练集的正确率(Accuracy):53.0569%,当前轮测试集的正确率为:50.5051%,耗时：0.3980s
2026-07-07 17:34:29,286 - INFO: 当前轮数:14，当前轮的平均损失:0.6920,当前轮训练集的正确率(Accuracy):52.6353%,当前轮测试集的正确率为:50.5051%,耗时：0.4066s
2026-07-07 17:34:29,697 - INFO: 当前轮数:15，当前轮的平均损失:0.6917,当前轮训练集的正确率(Accuracy):51.8623%,当前轮测试集的正确率为:50.5051%,耗时：0.4108s
2026-07-07 17:34:30,093 - INFO: 当前轮数:16，当前轮的平均损失:0.6923,当前轮训练集的正确率(Accuracy):52.5650%,当前轮测试集的正确率为:50.5051%,耗时：0.3957s
2026-07-07 17:34:30,093 - INFO: 早停策略触发。当前训练轮数为:16
2026-07-07 17:34:30,093 - INFO: 模型训练结束,当前时间为:2026-07-07 17:34:30
2026-07-07 17:34:30,598 - INFO: 当前轮数:0，当前轮的平均损失:0.6944,当前轮训练集的正确率(Accuracy):48.1393%,当前轮测试集的正确率为:47.9592%,耗时：0.5008s
2026-07-07 17:34:31,089 - INFO: 当前轮数:1，当前轮的平均损失:0.6928,当前轮训练集的正确率(Accuracy):51.4406%,当前轮测试集的正确率为:47.9592%,耗时：0.4901s
2026-07-07 17:34:31,598 - INFO: 当前轮数:2，当前轮的平均损失:0.6933,当前轮训练集的正确率(Accuracy):51.4406%,当前轮测试集的正确率为:47.9592%,耗时：0.5091s
2026-07-07 17:34:32,075 - INFO: 当前轮数:3，当前轮的平均损失:0.6933,当前轮训练集的正确率(Accuracy):51.8007%,当前轮测试集的正确率为:47.9592%,耗时：0.4769s
2026-07-07 17:34:32,571 - INFO: 当前轮数:4，当前轮的平均损失:0.6931,当前轮训练集的正确率(Accuracy):51.5006%,当前轮测试集的正确率为:47.9592%,耗时：0.4958s
2026-07-07 17:34:33,083 - INFO: 当前轮数:5，当前轮的平均损失:0.6924,当前轮训练集的正确率(Accuracy):51.6807%,当前轮测试集的正确率为:47.9592%,耗时：0.5122s
2026-07-07 17:34:33,584 - INFO: 当前轮数:6，当前轮的平均损失:0.6929,当前轮训练集的正确率(Accuracy):51.8007%,当前轮测试集的正确率为:47.9592%,耗时：0.5005s
2026-07-07 17:34:34,078 - INFO: 当前轮数:7，当前轮的平均损失:0.6929,当前轮训练集的正确率(Accuracy):51.8607%,当前轮测试集的正确率为:47.9592%,耗时：0.4941s
2026-07-07 17:34:34,558 - INFO: 当前轮数:8，当前轮的平均损失:0.6930,当前轮训练集的正确率(Accuracy):51.8607%,当前轮测试集的正确率为:47.9592%,耗时：0.4796s
2026-07-07 17:34:35,069 - INFO: 当前轮数:9，当前轮的平均损失:0.6927,当前轮训练集的正确率(Accuracy):51.8007%,当前轮测试集的正确率为:47.9592%,耗时：0.5116s
2026-07-07 17:34:35,582 - INFO: 当前轮数:10，当前轮的平均损失:0.6925,当前轮训练集的正确率(Accuracy):51.8607%,当前轮测试集的正确率为:47.9592%,耗时：0.5131s
2026-07-07 17:34:36,050 - INFO: 当前轮数:11，当前轮的平均损失:0.6929,当前轮训练集的正确率(Accuracy):51.8007%,当前轮测试集的正确率为:47.9592%,耗时：0.4676s
2026-07-07 17:34:36,525 - INFO: 当前轮数:12，当前轮的平均损失:0.6930,当前轮训练集的正确率(Accuracy):51.8607%,当前轮测试集的正确率为:47.9592%,耗时：0.4736s
2026-07-07 17:34:36,991 - INFO: 当前轮数:13，当前轮的平均损失:0.6928,当前轮训练集的正确率(Accuracy):51.7407%,当前轮测试集的正确率为:47.9592%,耗时：0.4669s
2026-07-07 17:34:37,550 - INFO: 当前轮数:14，当前轮的平均损失:0.6929,当前轮训练集的正确率(Accuracy):51.6206%,当前轮测试集的正确率为:47.9592%,耗时：0.5581s
2026-07-07 17:34:38,048 - INFO: 当前轮数:15，当前轮的平均损失:0.6926,当前轮训练集的正确率(Accuracy):51.9208%,当前轮测试集的正确率为:47.9592%,耗时：0.4978s
2026-07-07 17:34:38,048 - INFO: 早停策略触发。当前训练轮数为:15
2026-07-07 17:34:38,048 - INFO: 模型训练结束,当前时间为:2026-07-07 17:34:38
2026-07-07 17:34:38,620 - INFO: 当前轮数:0，当前轮的平均损失:0.6947,当前轮训练集的正确率(Accuracy):50.3145%,当前轮测试集的正确率为:54.0816%,耗时：0.5692s
2026-07-07 17:34:39,194 - INFO: 当前轮数:1，当前轮的平均损失:0.6944,当前轮训练集的正确率(Accuracy):48.7945%,当前轮测试集的正确率为:54.0816%,耗时：0.5743s
2026-07-07 17:34:39,773 - INFO: 当前轮数:2，当前轮的平均损失:0.6933,当前轮训练集的正确率(Accuracy):50.9958%,当前轮测试集的正确率为:54.0816%,耗时：0.5779s
2026-07-07 17:34:40,321 - INFO: 当前轮数:3，当前轮的平均损失:0.6931,当前轮训练集的正确率(Accuracy):51.4675%,当前轮测试集的正确率为:55.1020%,耗时：0.5484s
2026-07-07 17:34:40,898 - INFO: 当前轮数:4，当前轮的平均损失:0.6930,当前轮训练集的正确率(Accuracy):51.1006%,当前轮测试集的正确率为:56.1224%,耗时：0.5745s
2026-07-07 17:34:41,461 - INFO: 当前轮数:5，当前轮的平均损失:0.6922,当前轮训练集的正确率(Accuracy):51.0482%,当前轮测试集的正确率为:54.0816%,耗时：0.5632s
2026-07-07 17:34:42,002 - INFO: 当前轮数:6，当前轮的平均损失:0.6931,当前轮训练集的正确率(Accuracy):51.8868%,当前轮测试集的正确率为:54.0816%,耗时：0.5412s
2026-07-07 17:34:42,603 - INFO: 当前轮数:7，当前轮的平均损失:0.6926,当前轮训练集的正确率(Accuracy):52.0440%,当前轮测试集的正确率为:56.1224%,耗时：0.5996s
2026-07-07 17:34:43,146 - INFO: 当前轮数:8，当前轮的平均损失:0.6913,当前轮训练集的正确率(Accuracy):52.2013%,当前轮测试集的正确率为:55.1020%,耗时：0.5429s
2026-07-07 17:34:43,716 - INFO: 当前轮数:9，当前轮的平均损失:0.6922,当前轮训练集的正确率(Accuracy):51.5199%,当前轮测试集的正确率为:56.1224%,耗时：0.5706s
2026-07-07 17:34:44,350 - INFO: 当前轮数:10，当前轮的平均损失:0.6930,当前轮训练集的正确率(Accuracy):51.0482%,当前轮测试集的正确率为:56.1224%,耗时：0.6341s
2026-07-07 17:34:44,919 - INFO: 当前轮数:11，当前轮的平均损失:0.6922,当前轮训练集的正确率(Accuracy):52.0440%,当前轮测试集的正确率为:57.1429%,耗时：0.5690s
2026-07-07 17:34:45,481 - INFO: 当前轮数:12，当前轮的平均损失:0.6924,当前轮训练集的正确率(Accuracy):52.4633%,当前轮测试集的正确率为:56.1224%,耗时：0.5606s
2026-07-07 17:34:46,030 - INFO: 当前轮数:13，当前轮的平均损失:0.6917,当前轮训练集的正确率(Accuracy):52.8302%,当前轮测试集的正确率为:56.1224%,耗时：0.5481s
2026-07-07 17:34:46,665 - INFO: 当前轮数:14，当前轮的平均损失:0.6918,当前轮训练集的正确率(Accuracy):51.8344%,当前轮测试集的正确率为:56.1224%,耗时：0.6352s
2026-07-07 17:34:47,235 - INFO: 当前轮数:15，当前轮的平均损失:0.6917,当前轮训练集的正确率(Accuracy):52.3061%,当前轮测试集的正确率为:56.1224%,耗时：0.5701s
2026-07-07 17:34:47,859 - INFO: 当前轮数:16，当前轮的平均损失:0.6918,当前轮训练集的正确率(Accuracy):52.5681%,当前轮测试集的正确率为:56.1224%,耗时：0.6239s
2026-07-07 17:34:48,494 - INFO: 当前轮数:17，当前轮的平均损失:0.6922,当前轮训练集的正确率(Accuracy):52.4633%,当前轮测试集的正确率为:56.1224%,耗时：0.6338s
2026-07-07 17:34:49,121 - INFO: 当前轮数:18，当前轮的平均损失:0.6919,当前轮训练集的正确率(Accuracy):52.0964%,当前轮测试集的正确率为:56.1224%,耗时：0.6264s
2026-07-07 17:34:49,730 - INFO: 当前轮数:19，当前轮的平均损失:0.6921,当前轮训练集的正确率(Accuracy):51.6247%,当前轮测试集的正确率为:56.1224%,耗时：0.6095s
2026-07-07 17:34:50,330 - INFO: 当前轮数:20，当前轮的平均损失:0.6916,当前轮训练集的正确率(Accuracy):52.7254%,当前轮测试集的正确率为:57.1429%,耗时：0.5996s
2026-07-07 17:34:50,973 - INFO: 当前轮数:21，当前轮的平均损失:0.6920,当前轮训练集的正确率(Accuracy):51.8344%,当前轮测试集的正确率为:56.1224%,耗时：0.6426s
2026-07-07 17:34:51,600 - INFO: 当前轮数:22，当前轮的平均损失:0.6914,当前轮训练集的正确率(Accuracy):53.0922%,当前轮测试集的正确率为:55.1020%,耗时：0.6260s
2026-07-07 17:34:52,191 - INFO: 当前轮数:23，当前轮的平均损失:0.6905,当前轮训练集的正确率(Accuracy):53.0398%,当前轮测试集的正确率为:56.1224%,耗时：0.5909s
2026-07-07 17:34:52,848 - INFO: 当前轮数:24，当前轮的平均损失:0.6915,当前轮训练集的正确率(Accuracy):52.7778%,当前轮测试集的正确率为:54.0816%,耗时：0.6566s
2026-07-07 17:34:53,475 - INFO: 当前轮数:25，当前轮的平均损失:0.6911,当前轮训练集的正确率(Accuracy):52.4109%,当前轮测试集的正确率为:54.0816%,耗时：0.6258s
2026-07-07 17:34:54,068 - INFO: 当前轮数:26，当前轮的平均损失:0.6915,当前轮训练集的正确率(Accuracy):52.8302%,当前轮测试集的正确率为:55.1020%,耗时：0.5924s
2026-07-07 17:34:54,068 - INFO: 早停策略触发。当前训练轮数为:26
2026-07-07 17:34:54,068 - INFO: 模型训练结束,当前时间为:2026-07-07 17:34:54
2026-07-07 17:34:54,720 - INFO: 当前轮数:0，当前轮的平均损失:0.6938,当前轮训练集的正确率(Accuracy):50.1860%,当前轮测试集的正确率为:60.2041%,耗时：0.6484s
2026-07-07 17:34:55,361 - INFO: 当前轮数:1，当前轮的平均损失:0.6934,当前轮训练集的正确率(Accuracy):49.3023%,当前轮测试集的正确率为:60.2041%,耗时：0.6409s
2026-07-07 17:34:56,031 - INFO: 当前轮数:2，当前轮的平均损失:0.6932,当前轮训练集的正确率(Accuracy):50.0000%,当前轮测试集的正确率为:60.2041%,耗时：0.6696s
2026-07-07 17:34:56,660 - INFO: 当前轮数:3，当前轮的平均损失:0.6926,当前轮训练集的正确率(Accuracy):51.2093%,当前轮测试集的正确率为:60.2041%,耗时：0.6292s
2026-07-07 17:34:57,315 - INFO: 当前轮数:4，当前轮的平均损失:0.6936,当前轮训练集的正确率(Accuracy):49.6744%,当前轮测试集的正确率为:60.2041%,耗时：0.6546s
2026-07-07 17:34:57,978 - INFO: 当前轮数:5，当前轮的平均损失:0.6929,当前轮训练集的正确率(Accuracy):50.9302%,当前轮测试集的正确率为:60.2041%,耗时：0.6634s
2026-07-07 17:34:58,632 - INFO: 当前轮数:6，当前轮的平均损失:0.6936,当前轮训练集的正确率(Accuracy):50.1860%,当前轮测试集的正确率为:60.2041%,耗时：0.6544s
2026-07-07 17:34:59,286 - INFO: 当前轮数:7，当前轮的平均损失:0.6931,当前轮训练集的正确率(Accuracy):51.0233%,当前轮测试集的正确率为:60.2041%,耗时：0.6525s
2026-07-07 17:34:59,962 - INFO: 当前轮数:8，当前轮的平均损失:0.6925,当前轮训练集的正确率(Accuracy):51.4884%,当前轮测试集的正确率为:60.2041%,耗时：0.6749s
2026-07-07 17:35:00,688 - INFO: 当前轮数:9，当前轮的平均损失:0.6928,当前轮训练集的正确率(Accuracy):51.4419%,当前轮测试集的正确率为:60.2041%,耗时：0.7265s
2026-07-07 17:35:01,376 - INFO: 当前轮数:10，当前轮的平均损失:0.6931,当前轮训练集的正确率(Accuracy):51.1163%,当前轮测试集的正确率为:60.2041%,耗时：0.6872s
2026-07-07 17:35:02,002 - INFO: 当前轮数:11，当前轮的平均损失:0.6923,当前轮训练集的正确率(Accuracy):51.1163%,当前轮测试集的正确率为:60.2041%,耗时：0.6263s
2026-07-07 17:35:02,677 - INFO: 当前轮数:12，当前轮的平均损失:0.6922,当前轮训练集的正确率(Accuracy):51.9535%,当前轮测试集的正确率为:60.2041%,耗时：0.6749s
2026-07-07 17:35:03,330 - INFO: 当前轮数:13，当前轮的平均损失:0.6930,当前轮训练集的正确率(Accuracy):51.2558%,当前轮测试集的正确率为:60.2041%,耗时：0.6533s
2026-07-07 17:35:03,986 - INFO: 当前轮数:14，当前轮的平均损失:0.6928,当前轮训练集的正确率(Accuracy):51.9535%,当前轮测试集的正确率为:60.2041%,耗时：0.6546s
2026-07-07 17:35:04,645 - INFO: 当前轮数:15，当前轮的平均损失:0.6927,当前轮训练集的正确率(Accuracy):51.2093%,当前轮测试集的正确率为:60.2041%,耗时：0.6595s
2026-07-07 17:35:04,645 - INFO: 早停策略触发。当前训练轮数为:15
2026-07-07 17:35:04,645 - INFO: 模型训练结束,当前时间为:2026-07-07 17:35:04
2026-07-07 17:35:05,413 - INFO: 当前轮数:0，当前轮的平均损失:0.6948,当前轮训练集的正确率(Accuracy):50.8779%,当前轮测试集的正确率为:52.0408%,耗时：0.7590s
2026-07-07 17:35:06,147 - INFO: 当前轮数:1，当前轮的平均损失:0.6936,当前轮训练集的正确率(Accuracy):50.8779%,当前轮测试集的正确率为:52.0408%,耗时：0.7330s
2026-07-07 17:35:06,880 - INFO: 当前轮数:2，当前轮的平均损失:0.6929,当前轮训练集的正确率(Accuracy):51.9231%,当前轮测试集的正确率为:52.0408%,耗时：0.7333s
2026-07-07 17:35:07,589 - INFO: 当前轮数:3，当前轮的平均损失:0.6937,当前轮训练集的正确率(Accuracy):51.4632%,当前轮测试集的正确率为:52.0408%,耗时：0.7090s
2026-07-07 17:35:08,315 - INFO: 当前轮数:4，当前轮的平均损失:0.6933,当前轮训练集的正确率(Accuracy):50.6271%,当前轮测试集的正确率为:52.0408%,耗时：0.7260s
2026-07-07 17:35:09,348 - INFO: 当前轮数:5，当前轮的平均损失:0.6930,当前轮训练集的正确率(Accuracy):51.2960%,当前轮测试集的正确率为:52.0408%,耗时：1.0325s
2026-07-07 17:35:10,091 - INFO: 当前轮数:6，当前轮的平均损失:0.6929,当前轮训练集的正确率(Accuracy):51.2542%,当前轮测试集的正确率为:52.0408%,耗时：0.7418s
2026-07-07 17:35:10,831 - INFO: 当前轮数:7，当前轮的平均损失:0.6922,当前轮训练集的正确率(Accuracy):51.6304%,当前轮测试集的正确率为:52.0408%,耗时：0.7399s
2026-07-07 17:35:11,563 - INFO: 当前轮数:8，当前轮的平均损失:0.6923,当前轮训练集的正确率(Accuracy):51.5886%,当前轮测试集的正确率为:52.0408%,耗时：0.7325s
2026-07-07 17:35:12,297 - INFO: 当前轮数:9，当前轮的平均损失:0.6927,当前轮训练集的正确率(Accuracy):52.0903%,当前轮测试集的正确率为:52.0408%,耗时：0.7324s
2026-07-07 17:35:13,031 - INFO: 当前轮数:10，当前轮的平均损失:0.6928,当前轮训练集的正确率(Accuracy):51.7977%,当前轮测试集的正确率为:52.0408%,耗时：0.7347s
2026-07-07 17:35:13,759 - INFO: 当前轮数:11，当前轮的平均损失:0.6921,当前轮训练集的正确率(Accuracy):51.3796%,当前轮测试集的正确率为:52.0408%,耗时：0.7268s
2026-07-07 17:35:14,527 - INFO: 当前轮数:12，当前轮的平均损失:0.6923,当前轮训练集的正确率(Accuracy):52.8428%,当前轮测试集的正确率为:52.0408%,耗时：0.7665s
2026-07-07 17:35:15,239 - INFO: 当前轮数:13，当前轮的平均损失:0.6921,当前轮训练集的正确率(Accuracy):52.9264%,当前轮测试集的正确率为:52.0408%,耗时：0.7111s
2026-07-07 17:35:16,010 - INFO: 当前轮数:14，当前轮的平均损失:0.6925,当前轮训练集的正确率(Accuracy):50.8779%,当前轮测试集的正确率为:52.0408%,耗时：0.7714s
2026-07-07 17:35:16,809 - INFO: 当前轮数:15，当前轮的平均损失:0.6919,当前轮训练集的正确率(Accuracy):52.0485%,当前轮测试集的正确率为:52.0408%,耗时：0.7988s
2026-07-07 17:35:16,809 - INFO: 早停策略触发。当前训练轮数为:15
2026-07-07 17:35:16,809 - INFO: 模型训练结束,当前时间为:2026-07-07 17:35:16
2026-07-07 17:35:17,711 - INFO: 当前轮数:0，当前轮的平均损失:0.6937,当前轮训练集的正确率(Accuracy):50.7021%,当前轮测试集的正确率为:61.8557%,耗时：0.8999s
2026-07-07 17:35:18,557 - INFO: 当前轮数:1，当前轮的平均损失:0.6930,当前轮训练集的正确率(Accuracy):51.1195%,当前轮测试集的正确率为:61.8557%,耗时：0.8464s
2026-07-07 17:35:19,394 - INFO: 当前轮数:2，当前轮的平均损失:0.6925,当前轮训练集的正确率(Accuracy):51.8786%,当前轮测试集的正确率为:61.8557%,耗时：0.8354s
2026-07-07 17:35:20,198 - INFO: 当前轮数:3，当前轮的平均损失:0.6926,当前轮训练集的正确率(Accuracy):51.6129%,当前轮测试集的正确率为:61.8557%,耗时：0.8043s
2026-07-07 17:35:20,974 - INFO: 当前轮数:4，当前轮的平均损失:0.6929,当前轮训练集的正确率(Accuracy):51.0816%,当前轮测试集的正确率为:61.8557%,耗时：0.7763s
2026-07-07 17:35:21,762 - INFO: 当前轮数:5，当前轮的平均损失:0.6923,当前轮训练集的正确率(Accuracy):52.4099%,当前轮测试集的正确率为:61.8557%,耗时：0.7875s
2026-07-07 17:35:22,588 - INFO: 当前轮数:6，当前轮的平均损失:0.6925,当前轮训练集的正确率(Accuracy):51.8027%,当前轮测试集的正确率为:61.8557%,耗时：0.8261s
2026-07-07 17:35:23,345 - INFO: 当前轮数:7，当前轮的平均损失:0.6934,当前轮训练集的正确率(Accuracy):50.5882%,当前轮测试集的正确率为:61.8557%,耗时：0.7558s
2026-07-07 17:35:24,165 - INFO: 当前轮数:8，当前轮的平均损失:0.6925,当前轮训练集的正确率(Accuracy):52.1822%,当前轮测试集的正确率为:61.8557%,耗时：0.8205s
2026-07-07 17:35:25,024 - INFO: 当前轮数:9，当前轮的平均损失:0.6924,当前轮训练集的正确率(Accuracy):51.9545%,当前轮测试集的正确率为:61.8557%,耗时：0.8586s
2026-07-07 17:35:25,874 - INFO: 当前轮数:10，当前轮的平均损失:0.6924,当前轮训练集的正确率(Accuracy):51.6129%,当前轮测试集的正确率为:61.8557%,耗时：0.8502s
2026-07-07 17:35:26,773 - INFO: 当前轮数:11，当前轮的平均损失:0.6929,当前轮训练集的正确率(Accuracy):51.4611%,当前轮测试集的正确率为:61.8557%,耗时：0.8979s
2026-07-07 17:35:27,681 - INFO: 当前轮数:12，当前轮的平均损失:0.6921,当前轮训练集的正确率(Accuracy):52.4478%,当前轮测试集的正确率为:61.8557%,耗时：0.9081s
2026-07-07 17:35:28,683 - INFO: 当前轮数:13，当前轮的平均损失:0.6936,当前轮训练集的正确率(Accuracy):51.2713%,当前轮测试集的正确率为:61.8557%,耗时：1.0023s
2026-07-07 17:35:29,514 - INFO: 当前轮数:14，当前轮的平均损失:0.6920,当前轮训练集的正确率(Accuracy):52.2201%,当前轮测试集的正确率为:61.8557%,耗时：0.8308s
2026-07-07 17:35:30,333 - INFO: 当前轮数:15，当前轮的平均损失:0.6927,当前轮训练集的正确率(Accuracy):51.9924%,当前轮测试集的正确率为:61.8557%,耗时：0.8193s
2026-07-07 17:35:30,333 - INFO: 早停策略触发。当前训练轮数为:15
2026-07-07 17:35:30,333 - INFO: 模型训练结束,当前时间为:2026-07-07 17:35:30
