2026-07-06 15:51:30,492 - INFO: 当前训练轮数 10 | 训练集损失: 0.992554 | 验证集损失: 1.254369
2026-07-06 15:51:31,525 - INFO: 当前训练轮数 20 | 训练集损失: 0.960297 | 验证集损失: 1.348643
2026-07-06 15:51:32,799 - INFO: 当前训练轮数 30 | 训练集损失: 0.942222 | 验证集损失: 1.257727
2026-07-06 15:51:33,917 - INFO: 当前训练轮数 40 | 训练集损失: 0.880362 | 验证集损失: 1.339163
2026-07-06 15:51:35,042 - INFO: 当前训练轮数 50 | 训练集损失: 0.804469 | 验证集损失: 1.459976
2026-07-06 15:51:35,168 - INFO: IC = -0.0719
2026-07-06 15:51:36,590 - INFO: 当前训练轮数 10 | 训练集损失: 0.991186 | 验证集损失: 0.802363
2026-07-06 15:51:38,047 - INFO: 当前训练轮数 20 | 训练集损失: 0.978015 | 验证集损失: 0.796278
2026-07-06 15:51:39,490 - INFO: 当前训练轮数 30 | 训练集损失: 0.944638 | 验证集损失: 0.848835
2026-07-06 15:51:41,002 - INFO: 当前训练轮数 40 | 训练集损失: 0.903883 | 验证集损失: 0.861706
2026-07-06 15:51:42,565 - INFO: 当前训练轮数 50 | 训练集损失: 0.865305 | 验证集损失: 0.931719
2026-07-06 15:51:42,569 - INFO: IC = -0.0866
2026-07-06 15:51:44,362 - INFO: 当前训练轮数 10 | 训练集损失: 0.990139 | 验证集损失: 1.443235
2026-07-06 15:51:46,114 - INFO: 当前训练轮数 20 | 训练集损失: 0.983485 | 验证集损失: 1.453515
2026-07-06 15:51:47,920 - INFO: 当前训练轮数 30 | 训练集损失: 0.967703 | 验证集损失: 1.387977
2026-07-06 15:51:49,713 - INFO: 当前训练轮数 40 | 训练集损失: 0.945338 | 验证集损失: 1.454621
2026-07-06 15:51:51,494 - INFO: 当前训练轮数 50 | 训练集损失: 0.896579 | 验证集损失: 1.417696
2026-07-06 15:51:51,497 - INFO: IC = 0.0533
2026-07-06 15:51:53,589 - INFO: 当前训练轮数 10 | 训练集损失: 0.972312 | 验证集损失: 0.803122
2026-07-06 15:51:55,674 - INFO: 当前训练轮数 20 | 训练集损失: 0.963868 | 验证集损失: 0.810601
2026-07-06 15:51:57,784 - INFO: 当前训练轮数 30 | 训练集损失: 0.940930 | 验证集损失: 0.821493
2026-07-06 15:51:59,877 - INFO: 当前训练轮数 40 | 训练集损失: 0.913735 | 验证集损失: 0.836818
2026-07-06 15:52:02,049 - INFO: 当前训练轮数 50 | 训练集损失: 0.833744 | 验证集损失: 0.898879
2026-07-06 15:52:02,052 - INFO: IC = -0.0921
2026-07-06 15:52:04,406 - INFO: 当前训练轮数 10 | 训练集损失: 1.001348 | 验证集损失: 0.369923
2026-07-06 15:52:06,802 - INFO: 当前训练轮数 20 | 训练集损失: 0.998148 | 验证集损失: 0.369870
2026-07-06 15:52:09,201 - INFO: 当前训练轮数 30 | 训练集损失: 0.974472 | 验证集损失: 0.369669
2026-07-06 15:52:11,561 - INFO: 当前训练轮数 40 | 训练集损失: 0.946321 | 验证集损失: 0.372166
2026-07-06 15:52:13,948 - INFO: 当前训练轮数 50 | 训练集损失: 0.893602 | 验证集损失: 0.376147
2026-07-06 15:52:13,951 - INFO: IC = -0.0605
2026-07-06 15:52:16,829 - INFO: 当前训练轮数 10 | 训练集损失: 0.989163 | 验证集损失: 0.345103
2026-07-06 15:52:19,666 - INFO: 当前训练轮数 20 | 训练集损失: 0.987034 | 验证集损失: 0.365858
2026-07-06 15:52:23,166 - INFO: 当前训练轮数 30 | 训练集损失: 0.976202 | 验证集损失: 0.367067
2026-07-06 15:52:26,347 - INFO: 当前训练轮数 40 | 训练集损失: 0.949660 | 验证集损失: 0.393741
2026-07-06 15:52:29,161 - INFO: 当前训练轮数 50 | 训练集损失: 0.932500 | 验证集损失: 0.394813
2026-07-06 15:52:29,164 - INFO: IC = -0.0265
2026-07-06 15:52:32,419 - INFO: 当前训练轮数 10 | 训练集损失: 0.986323 | 验证集损失: 0.366870
2026-07-06 15:52:35,590 - INFO: 当前训练轮数 20 | 训练集损失: 0.971570 | 验证集损失: 0.371675
2026-07-06 15:52:38,817 - INFO: 当前训练轮数 30 | 训练集损失: 0.926751 | 验证集损失: 0.380026
2026-07-06 15:52:41,884 - INFO: 当前训练轮数 40 | 训练集损失: 0.868299 | 验证集损失: 0.387979
2026-07-06 15:52:45,147 - INFO: 当前训练轮数 50 | 训练集损失: 0.816530 | 验证集损失: 0.447086
2026-07-06 15:52:45,150 - INFO: IC = -0.0061
2026-07-06 16:00:20,076 - INFO: 当前训练轮数 10 | 训练集损失: 0.993510 | 测试集损失: 1.249273
2026-07-06 16:00:21,104 - INFO: 当前训练轮数 20 | 训练集损失: 0.974857 | 测试集损失: 1.257131
2026-07-06 16:00:22,295 - INFO: 当前训练轮数 30 | 训练集损失: 0.954331 | 测试集损失: 1.234033
2026-07-06 16:00:23,512 - INFO: 当前训练轮数 40 | 训练集损失: 0.900698 | 测试集损失: 1.383863
2026-07-06 16:00:24,597 - INFO: 当前训练轮数 50 | 训练集损失: 0.835297 | 测试集损失: 1.318050
2026-07-06 16:00:25,718 - INFO: 当前训练轮数 60 | 训练集损失: 0.759944 | 测试集损失: 1.289631
2026-07-06 16:00:26,825 - INFO: 当前训练轮数 70 | 训练集损失: 0.686741 | 测试集损失: 1.330982
2026-07-06 16:00:27,912 - INFO: 当前训练轮数 80 | 训练集损失: 0.665479 | 测试集损失: 1.406161
2026-07-06 16:00:29,116 - INFO: 当前训练轮数 90 | 训练集损失: 0.576726 | 测试集损失: 1.462647
2026-07-06 16:00:30,333 - INFO: 当前训练轮数 100 | 训练集损失: 0.547131 | 测试集损失: 1.462782
2026-07-06 16:00:30,345 - INFO: IC = -0.0022
2026-07-06 16:00:31,870 - INFO: 当前训练轮数 10 | 训练集损失: 0.993923 | 测试集损失: 0.802251
2026-07-06 16:00:33,382 - INFO: 当前训练轮数 20 | 训练集损失: 0.979092 | 测试集损失: 0.815854
2026-07-06 16:00:34,810 - INFO: 当前训练轮数 30 | 训练集损失: 0.935669 | 测试集损失: 0.831158
2026-07-06 16:00:36,299 - INFO: 当前训练轮数 40 | 训练集损失: 0.899500 | 测试集损失: 0.824479
2026-07-06 16:00:37,795 - INFO: 当前训练轮数 50 | 训练集损失: 0.863269 | 测试集损失: 0.871744
2026-07-06 16:00:39,274 - INFO: 当前训练轮数 60 | 训练集损失: 0.835416 | 测试集损失: 0.965320
2026-07-06 16:00:40,743 - INFO: 当前训练轮数 70 | 训练集损失: 0.756151 | 测试集损失: 1.067995
2026-07-06 16:00:42,243 - INFO: 当前训练轮数 80 | 训练集损失: 0.689656 | 测试集损失: 0.879309
2026-07-06 16:00:43,742 - INFO: 当前训练轮数 90 | 训练集损失: 0.614994 | 测试集损失: 0.981719
2026-07-06 16:00:45,246 - INFO: 当前训练轮数 100 | 训练集损失: 0.525974 | 测试集损失: 1.047873
2026-07-06 16:00:45,250 - INFO: IC = -0.1205
2026-07-06 16:00:47,094 - INFO: 当前训练轮数 10 | 训练集损失: 0.988822 | 测试集损失: 1.430609
2026-07-06 16:00:48,928 - INFO: 当前训练轮数 20 | 训练集损失: 0.976199 | 测试集损失: 1.458950
2026-07-06 16:00:50,724 - INFO: 当前训练轮数 30 | 训练集损失: 0.947543 | 测试集损失: 1.456640
2026-07-06 16:00:52,558 - INFO: 当前训练轮数 40 | 训练集损失: 0.931431 | 测试集损失: 1.447657
2026-07-06 16:00:54,373 - INFO: 当前训练轮数 50 | 训练集损失: 0.840050 | 测试集损失: 1.581332
2026-07-06 16:00:56,242 - INFO: 当前训练轮数 60 | 训练集损失: 0.803165 | 测试集损失: 1.579915
2026-07-06 16:00:58,073 - INFO: 当前训练轮数 70 | 训练集损失: 0.740028 | 测试集损失: 1.566554
2026-07-06 16:00:59,916 - INFO: 当前训练轮数 80 | 训练集损失: 0.659550 | 测试集损失: 1.530971
2026-07-06 16:01:01,793 - INFO: 当前训练轮数 90 | 训练集损失: 0.621325 | 测试集损失: 1.665519
2026-07-06 16:01:03,633 - INFO: 当前训练轮数 100 | 训练集损失: 0.517341 | 测试集损失: 1.644349
2026-07-06 16:01:03,636 - INFO: IC = -0.0633
2026-07-06 16:01:05,803 - INFO: 当前训练轮数 10 | 训练集损失: 0.969919 | 测试集损失: 0.807408
2026-07-06 16:01:07,888 - INFO: 当前训练轮数 20 | 训练集损失: 0.958560 | 测试集损失: 0.815760
2026-07-06 16:01:10,014 - INFO: 当前训练轮数 30 | 训练集损失: 0.949881 | 测试集损失: 0.816975
2026-07-06 16:01:12,159 - INFO: 当前训练轮数 40 | 训练集损失: 0.915013 | 测试集损失: 0.834752
2026-07-06 16:01:14,322 - INFO: 当前训练轮数 50 | 训练集损失: 0.855047 | 测试集损失: 0.872623
2026-07-06 16:01:16,480 - INFO: 当前训练轮数 60 | 训练集损失: 0.829475 | 测试集损失: 0.915160
2026-07-06 16:01:18,680 - INFO: 当前训练轮数 70 | 训练集损失: 0.727075 | 测试集损失: 0.963355
2026-07-06 16:01:20,838 - INFO: 当前训练轮数 80 | 训练集损失: 0.629841 | 测试集损失: 1.059570
2026-07-06 16:01:23,013 - INFO: 当前训练轮数 90 | 训练集损失: 0.563219 | 测试集损失: 1.140305
2026-07-06 16:01:25,188 - INFO: 当前训练轮数 100 | 训练集损失: 0.465500 | 测试集损失: 1.226906
2026-07-06 16:01:25,191 - INFO: IC = -0.1295
2026-07-06 16:01:27,813 - INFO: 当前训练轮数 10 | 训练集损失: 1.004878 | 测试集损失: 0.373461
2026-07-06 16:01:30,221 - INFO: 当前训练轮数 20 | 训练集损失: 1.002214 | 测试集损失: 0.375238
2026-07-06 16:01:32,637 - INFO: 当前训练轮数 30 | 训练集损失: 0.980923 | 测试集损失: 0.380091
2026-07-06 16:01:35,074 - INFO: 当前训练轮数 40 | 训练集损失: 0.947905 | 测试集损失: 0.368444
2026-07-06 16:01:37,479 - INFO: 当前训练轮数 50 | 训练集损失: 0.891425 | 测试集损失: 0.358389
2026-07-06 16:01:39,956 - INFO: 当前训练轮数 60 | 训练集损失: 0.798467 | 测试集损失: 0.359052
2026-07-06 16:01:42,374 - INFO: 当前训练轮数 70 | 训练集损失: 0.711224 | 测试集损失: 0.351679
2026-07-06 16:01:44,739 - INFO: 当前训练轮数 80 | 训练集损失: 0.651269 | 测试集损失: 0.360053
2026-07-06 16:01:47,156 - INFO: 当前训练轮数 90 | 训练集损失: 0.578572 | 测试集损失: 0.350204
2026-07-06 16:01:49,593 - INFO: 当前训练轮数 100 | 训练集损失: 0.503317 | 测试集损失: 0.377534
2026-07-06 16:01:49,596 - INFO: IC = 0.2368
2026-07-06 16:01:52,441 - INFO: 当前训练轮数 10 | 训练集损失: 1.000935 | 测试集损失: 0.362535
2026-07-06 16:01:55,291 - INFO: 当前训练轮数 20 | 训练集损失: 0.985211 | 测试集损失: 0.360983
2026-07-06 16:01:58,118 - INFO: 当前训练轮数 30 | 训练集损失: 0.989212 | 测试集损失: 0.410630
2026-07-06 16:02:00,952 - INFO: 当前训练轮数 40 | 训练集损失: 0.966553 | 测试集损失: 0.375949
2026-07-06 16:02:03,730 - INFO: 当前训练轮数 50 | 训练集损失: 0.902901 | 测试集损失: 0.420628
2026-07-06 16:02:06,653 - INFO: 当前训练轮数 60 | 训练集损失: 0.873089 | 测试集损失: 0.474505
2026-07-06 16:02:09,473 - INFO: 当前训练轮数 70 | 训练集损失: 0.754831 | 测试集损失: 0.583532
2026-07-06 16:02:12,313 - INFO: 当前训练轮数 80 | 训练集损失: 0.670569 | 测试集损失: 0.590361
2026-07-06 16:02:15,065 - INFO: 当前训练轮数 90 | 训练集损失: 0.573522 | 测试集损失: 0.688348
2026-07-06 16:02:17,847 - INFO: 当前训练轮数 100 | 训练集损失: 0.505421 | 测试集损失: 0.622466
2026-07-06 16:02:17,850 - INFO: IC = -0.0104
2026-07-06 16:02:21,051 - INFO: 当前训练轮数 10 | 训练集损失: 0.986094 | 测试集损失: 0.364663
2026-07-06 16:02:24,236 - INFO: 当前训练轮数 20 | 训练集损失: 0.971760 | 测试集损失: 0.370636
2026-07-06 16:02:27,422 - INFO: 当前训练轮数 30 | 训练集损失: 0.949505 | 测试集损失: 0.365530
2026-07-06 16:02:30,638 - INFO: 当前训练轮数 40 | 训练集损失: 0.908841 | 测试集损失: 0.392171
2026-07-06 16:02:33,857 - INFO: 当前训练轮数 50 | 训练集损失: 0.847876 | 测试集损失: 0.406692
2026-07-06 16:02:37,071 - INFO: 当前训练轮数 60 | 训练集损失: 0.795013 | 测试集损失: 0.471448
2026-07-06 16:02:40,348 - INFO: 当前训练轮数 70 | 训练集损失: 0.723188 | 测试集损失: 0.450781
2026-07-06 16:02:43,633 - INFO: 当前训练轮数 80 | 训练集损失: 0.611891 | 测试集损失: 0.494108
2026-07-06 16:02:46,829 - INFO: 当前训练轮数 90 | 训练集损失: 0.580647 | 测试集损失: 0.464773
2026-07-06 16:02:50,117 - INFO: 当前训练轮数 100 | 训练集损失: 0.494542 | 测试集损失: 0.416320
2026-07-06 16:02:50,120 - INFO: IC = 0.0966
2026-07-06 16:09:11,225 - INFO: 当前训练轮数 10 | 训练集损失: 0.000438 | 测试集损失: 0.000496
2026-07-06 16:09:12,369 - INFO: 当前训练轮数 20 | 训练集损失: 0.000428 | 测试集损失: 0.000507
2026-07-06 16:09:13,583 - INFO: 当前训练轮数 30 | 训练集损失: 0.000503 | 测试集损失: 0.000499
2026-07-06 16:09:14,664 - INFO: 当前训练轮数 40 | 训练集损失: 0.000424 | 测试集损失: 0.000489
2026-07-06 16:09:14,664 - INFO: 早停: 第 40 轮停止，最佳测试损失: 0.000468
2026-07-06 16:09:14,705 - INFO: IC = 0.1248
2026-07-06 16:09:16,044 - INFO: 当前训练轮数 10 | 训练集损失: 0.000419 | 测试集损失: 0.000311
2026-07-06 16:09:17,453 - INFO: 当前训练轮数 20 | 训练集损失: 0.000416 | 测试集损失: 0.000314
2026-07-06 16:09:17,453 - INFO: 早停: 第 20 轮停止，最佳测试损失: 0.000306
2026-07-06 16:09:17,457 - INFO: IC = -0.0536
2026-07-06 16:09:19,214 - INFO: 当前训练轮数 10 | 训练集损失: 0.000403 | 测试集损失: 0.000543
2026-07-06 16:09:20,895 - INFO: 当前训练轮数 20 | 训练集损失: 0.000400 | 测试集损失: 0.000549
2026-07-06 16:09:21,250 - INFO: 早停: 第 22 轮停止，最佳测试损失: 0.000542
2026-07-06 16:09:21,252 - INFO: IC = 0.1917
2026-07-06 16:09:23,359 - INFO: 当前训练轮数 10 | 训练集损失: 0.000450 | 测试集损失: 0.000337
2026-07-06 16:09:25,475 - INFO: 当前训练轮数 20 | 训练集损失: 0.000430 | 测试集损失: 0.000341
2026-07-06 16:09:25,681 - INFO: 早停: 第 21 轮停止，最佳测试损失: 0.000336
2026-07-06 16:09:25,683 - INFO: IC = 0.0151
2026-07-06 16:09:27,996 - INFO: 当前训练轮数 10 | 训练集损失: 0.000437 | 测试集损失: 0.000160
2026-07-06 16:09:30,399 - INFO: 当前训练轮数 20 | 训练集损失: 0.000472 | 测试集损失: 0.000186
2026-07-06 16:09:30,399 - INFO: 早停: 第 20 轮停止，最佳测试损失: 0.000153
2026-07-06 16:09:30,402 - INFO: IC = -0.0541
2026-07-06 16:09:33,122 - INFO: 当前训练轮数 10 | 训练集损失: 0.000398 | 测试集损失: 0.000134
2026-07-06 16:09:35,580 - INFO: 早停: 第 19 轮停止，最佳测试损失: 0.000132
2026-07-06 16:09:35,583 - INFO: IC = 0.1089
2026-07-06 16:09:38,818 - INFO: 当前训练轮数 10 | 训练集损失: 0.000478 | 测试集损失: 0.000132
2026-07-06 16:09:42,088 - INFO: 当前训练轮数 20 | 训练集损失: 0.000402 | 测试集损失: 0.000137
2026-07-06 16:09:43,069 - INFO: 早停: 第 23 轮停止，最佳测试损失: 0.000131
2026-07-06 16:09:43,072 - INFO: IC = 0.1606
2026-07-06 16:14:50,468 - INFO: 当前训练轮数 10 | 训练集损失: 0.000428 | 测试集损失: 0.000487
2026-07-06 16:14:51,602 - INFO: 当前训练轮数 20 | 训练集损失: 0.000426 | 测试集损失: 0.000486
2026-07-06 16:14:52,073 - INFO: 早停: 第 24 轮停止，最佳测试损失: 0.000473
2026-07-06 16:14:52,108 - INFO: IC = 0.0875
2026-07-06 16:14:53,941 - INFO: 当前训练轮数 10 | 训练集损失: 0.000466 | 测试集损失: 0.000318
2026-07-06 16:14:55,433 - INFO: 当前训练轮数 20 | 训练集损失: 0.000413 | 测试集损失: 0.000312
2026-07-06 16:14:56,448 - INFO: 早停: 第 27 轮停止，最佳测试损失: 0.000307
2026-07-06 16:14:56,453 - INFO: IC = 0.0097
2026-07-06 16:14:58,741 - INFO: 当前训练轮数 10 | 训练集损失: 0.000405 | 测试集损失: 0.000560
2026-07-06 16:15:00,567 - INFO: 当前训练轮数 20 | 训练集损失: 0.000401 | 测试集损失: 0.000563
2026-07-06 16:15:00,766 - INFO: 早停: 第 21 轮停止，最佳测试损失: 0.000545
2026-07-06 16:15:00,769 - INFO: IC = 0.0149
2026-07-06 16:15:03,440 - INFO: 当前训练轮数 10 | 训练集损失: 0.000419 | 测试集损失: 0.000338
2026-07-06 16:15:05,697 - INFO: 当前训练轮数 20 | 训练集损失: 0.000447 | 测试集损失: 0.000347
2026-07-06 16:15:06,378 - INFO: 早停: 第 23 轮停止，最佳测试损失: 0.000337
2026-07-06 16:15:06,381 - INFO: IC = -0.0179
2026-07-06 16:15:09,373 - INFO: 当前训练轮数 10 | 训练集损失: 0.000420 | 测试集损失: 0.000156
2026-07-06 16:15:11,863 - INFO: 当前训练轮数 20 | 训练集损失: 0.000439 | 测试集损失: 0.000168
2026-07-06 16:15:12,669 - INFO: 早停: 第 23 轮停止，最佳测试损失: 0.000152
2026-07-06 16:15:12,672 - INFO: IC = -0.0012
2026-07-06 16:15:16,140 - INFO: 当前训练轮数 10 | 训练集损失: 0.000396 | 测试集损失: 0.000131
2026-07-06 16:15:19,077 - INFO: 当前训练轮数 20 | 训练集损失: 0.000414 | 测试集损失: 0.000131
2026-07-06 16:15:22,039 - INFO: 当前训练轮数 30 | 训练集损失: 0.000425 | 测试集损失: 0.000130
2026-07-06 16:15:24,928 - INFO: 当前训练轮数 40 | 训练集损失: 0.000393 | 测试集损失: 0.000141
2026-07-06 16:15:26,388 - INFO: 早停: 第 45 轮停止，最佳测试损失: 0.000130
2026-07-06 16:15:26,391 - INFO: IC = 0.1797
2026-07-06 16:15:30,198 - INFO: 当前训练轮数 10 | 训练集损失: 0.000479 | 测试集损失: 0.000133
2026-07-06 16:15:33,360 - INFO: 当前训练轮数 20 | 训练集损失: 0.000393 | 测试集损失: 0.000137
2026-07-06 16:15:34,632 - INFO: 早停: 第 24 轮停止，最佳测试损失: 0.000131
2026-07-06 16:15:34,635 - INFO: IC = 0.1599
2026-07-06 16:55:02,973 - INFO: 当前训练轮数 10 | 训练集损失: 0.000429 | 测试集损失: 0.000502
2026-07-06 16:55:04,109 - INFO: 当前训练轮数 20 | 训练集损失: 0.000430 | 测试集损失: 0.000502
2026-07-06 16:55:05,301 - INFO: 当前训练轮数 30 | 训练集损失: 0.000432 | 测试集损失: 0.000491
2026-07-06 16:55:06,450 - INFO: 当前训练轮数 40 | 训练集损失: 0.000432 | 测试集损失: 0.000503
2026-07-06 16:55:07,576 - INFO: 当前训练轮数 50 | 训练集损失: 0.000478 | 测试集损失: 0.000477
2026-07-06 16:55:08,360 - INFO: 早停: 第 57 轮停止，最佳测试损失: 0.000471
2026-07-06 16:55:08,402 - INFO: IC = 0.1161
2026-07-06 16:55:11,222 - INFO: 当前训练轮数 10 | 训练集损失: 0.000430 | 测试集损失: 0.000314
2026-07-06 16:55:12,700 - INFO: 当前训练轮数 20 | 训练集损失: 0.000430 | 测试集损失: 0.000322
2026-07-06 16:55:12,845 - INFO: 早停: 第 21 轮停止，最佳测试损失: 0.000307
2026-07-06 16:55:12,848 - INFO: IC = -0.1010
2026-07-06 16:55:16,014 - INFO: 当前训练轮数 10 | 训练集损失: 0.000397 | 测试集损失: 0.000562
2026-07-06 16:55:17,832 - INFO: 当前训练轮数 20 | 训练集损失: 0.000401 | 测试集损失: 0.000564
2026-07-06 16:55:18,240 - INFO: 早停: 第 22 轮停止，最佳测试损失: 0.000558
2026-07-06 16:55:18,244 - INFO: IC = -0.0895
2026-07-06 16:55:22,009 - INFO: 当前训练轮数 10 | 训练集损失: 0.000421 | 测试集损失: 0.000337
2026-07-06 16:55:24,217 - INFO: 当前训练轮数 20 | 训练集损失: 0.000459 | 测试集损失: 0.000348
2026-07-06 16:55:26,565 - INFO: 当前训练轮数 30 | 训练集损失: 0.000417 | 测试集损失: 0.000338
2026-07-06 16:55:26,822 - INFO: 早停: 第 31 轮停止，最佳测试损失: 0.000337
2026-07-06 16:55:26,825 - INFO: IC = 0.0090
2026-07-06 16:55:30,736 - INFO: 当前训练轮数 10 | 训练集损失: 0.000434 | 测试集损失: 0.000162
2026-07-06 16:55:33,247 - INFO: 当前训练轮数 20 | 训练集损失: 0.000474 | 测试集损失: 0.000185
2026-07-06 16:55:35,793 - INFO: 当前训练轮数 30 | 训练集损失: 0.000427 | 测试集损失: 0.000161
2026-07-06 16:55:40,036 - INFO: 当前训练轮数 40 | 训练集损失: 0.000429 | 测试集损失: 0.000162
2026-07-06 16:55:40,861 - INFO: 早停: 第 42 轮停止，最佳测试损失: 0.000159
2026-07-06 16:55:40,864 - INFO: IC = -0.0013
2026-07-06 16:55:45,260 - INFO: 当前训练轮数 10 | 训练集损失: 0.000398 | 测试集损失: 0.000136
2026-07-06 16:55:48,254 - INFO: 当前训练轮数 20 | 训练集损失: 0.000426 | 测试集损失: 0.000132
2026-07-06 16:55:51,330 - INFO: 当前训练轮数 30 | 训练集损失: 0.000401 | 测试集损失: 0.000147
2026-07-06 16:55:53,991 - INFO: 早停: 第 38 轮停止，最佳测试损失: 0.000130
2026-07-06 16:55:53,994 - INFO: IC = 0.1652
2026-07-06 16:55:58,458 - INFO: 当前训练轮数 10 | 训练集损失: 0.000381 | 测试集损失: 0.000136
2026-07-06 16:56:01,576 - INFO: 当前训练轮数 20 | 训练集损失: 0.000378 | 测试集损失: 0.000135
2026-07-06 16:56:04,913 - INFO: 当前训练轮数 30 | 训练集损失: 0.000378 | 测试集损失: 0.000135
2026-07-06 16:56:08,309 - INFO: 当前训练轮数 40 | 训练集损失: 0.000377 | 测试集损失: 0.000135
2026-07-06 16:56:11,153 - INFO: 早停: 第 48 轮停止，最佳测试损失: 0.000134
2026-07-06 16:56:11,156 - INFO: IC = 0.0910
2026-07-06 17:02:58,094 - INFO: 当前训练轮数 10 | 训练集损失: 0.000584 | 测试集损失: 0.000489
2026-07-06 17:02:59,177 - INFO: 早停: 第 18 轮停止，最佳测试损失: 0.000477
2026-07-06 17:02:59,184 - INFO: IC = 0.0958
2026-07-06 17:03:02,988 - INFO: 当前训练轮数 10 | 训练集损失: 0.000419 | 测试集损失: 0.000315
2026-07-06 17:03:04,548 - INFO: 当前训练轮数 20 | 训练集损失: 0.000414 | 测试集损失: 0.000312
2026-07-06 17:03:06,044 - INFO: 当前训练轮数 30 | 训练集损失: 0.000420 | 测试集损失: 0.000307
2026-07-06 17:03:07,605 - INFO: 当前训练轮数 40 | 训练集损失: 0.000423 | 测试集损失: 0.000307
2026-07-06 17:03:09,189 - INFO: 当前训练轮数 50 | 训练集损失: 0.000417 | 测试集损失: 0.000308
2026-07-06 17:03:09,510 - INFO: 早停: 第 52 轮停止，最佳测试损失: 0.000307
2026-07-06 17:03:09,515 - INFO: IC = -0.0190
2026-07-06 17:03:13,449 - INFO: 当前训练轮数 10 | 训练集损失: 0.000416 | 测试集损失: 0.000560
2026-07-06 17:03:15,275 - INFO: 当前训练轮数 20 | 训练集损失: 0.000400 | 测试集损失: 0.000559
2026-07-06 17:03:17,095 - INFO: 当前训练轮数 30 | 训练集损失: 0.000398 | 测试集损失: 0.000566
2026-07-06 17:03:17,849 - INFO: 早停: 第 34 轮停止，最佳测试损失: 0.000558
2026-07-06 17:03:17,852 - INFO: IC = -0.2109
2026-07-06 17:03:22,462 - INFO: 当前训练轮数 10 | 训练集损失: 0.000428 | 测试集损失: 0.000337
2026-07-06 17:03:24,822 - INFO: 当前训练轮数 20 | 训练集损失: 0.000500 | 测试集损失: 0.000345
2026-07-06 17:03:25,732 - INFO: 早停: 第 24 轮停止，最佳测试损失: 0.000337
2026-07-06 17:03:25,735 - INFO: IC = 0.0250
2026-07-06 17:03:30,485 - INFO: 当前训练轮数 10 | 训练集损失: 0.000534 | 测试集损失: 0.000241
2026-07-06 17:03:32,817 - INFO: 早停: 第 19 轮停止，最佳测试损失: 0.000150
2026-07-06 17:03:32,819 - INFO: IC = -0.0255
2026-07-06 17:03:38,042 - INFO: 当前训练轮数 10 | 训练集损失: 0.000476 | 测试集损失: 0.000179
2026-07-06 17:03:41,134 - INFO: 当前训练轮数 20 | 训练集损失: 0.000450 | 测试集损失: 0.000146
2026-07-06 17:03:41,425 - INFO: 早停: 第 21 轮停止，最佳测试损失: 0.000130
2026-07-06 17:03:41,428 - INFO: IC = 0.1435
2026-07-06 17:03:47,205 - INFO: 当前训练轮数 10 | 训练集损失: 0.000619 | 测试集损失: 0.000152
2026-07-06 17:03:50,690 - INFO: 当前训练轮数 20 | 训练集损失: 0.000399 | 测试集损失: 0.000135
2026-07-06 17:03:52,162 - INFO: 早停: 第 24 轮停止，最佳测试损失: 0.000130
2026-07-06 17:03:52,166 - INFO: IC = 0.1665
2026-07-06 17:03:58,569 - INFO: 当前训练轮数 10 | 训练集损失: 0.000354 | 测试集损失: 0.000211
2026-07-06 17:04:02,452 - INFO: 当前训练轮数 20 | 训练集损失: 0.000353 | 测试集损失: 0.000211
2026-07-06 17:04:02,452 - INFO: 早停: 第 20 轮停止，最佳测试损失: 0.000207
2026-07-06 17:04:02,456 - INFO: IC = -0.0756
2026-07-06 17:10:15,664 - INFO: 当前训练轮数 10 | 训练集损失: 0.000436 | 测试集损失: 0.000504
2026-07-06 17:10:16,843 - INFO: 当前训练轮数 20 | 训练集损失: 0.000434 | 测试集损失: 0.000500
2026-07-06 17:10:18,027 - INFO: 当前训练轮数 30 | 训练集损失: 0.000443 | 测试集损失: 0.000475
2026-07-06 17:10:19,180 - INFO: 当前训练轮数 40 | 训练集损失: 0.000499 | 测试集损失: 0.000509
2026-07-06 17:10:20,081 - INFO: 早停: 第 48 轮停止，最佳测试损失: 0.000470
2026-07-06 17:10:20,085 - INFO: IC = 0.1159
2026-07-06 17:10:21,533 - INFO: 当前训练轮数 10 | 训练集损失: 0.000420 | 测试集损失: 0.000325
2026-07-06 17:10:22,964 - INFO: 当前训练轮数 20 | 训练集损失: 0.000420 | 测试集损失: 0.000320
2026-07-06 17:10:23,250 - INFO: 早停: 第 22 轮停止，最佳测试损失: 0.000314
2026-07-06 17:10:23,254 - INFO: IC = -0.0922
2026-07-06 17:10:25,059 - INFO: 当前训练轮数 10 | 训练集损失: 0.000404 | 测试集损失: 0.000580
2026-07-06 17:10:26,821 - INFO: 当前训练轮数 20 | 训练集损失: 0.000400 | 测试集损失: 0.000567
2026-07-06 17:10:27,355 - INFO: 早停: 第 23 轮停止，最佳测试损失: 0.000552
2026-07-06 17:10:27,358 - INFO: IC = -0.2359
2026-07-06 17:10:29,526 - INFO: 当前训练轮数 10 | 训练集损失: 0.000486 | 测试集损失: 0.000341
2026-07-06 17:10:31,679 - INFO: 当前训练轮数 20 | 训练集损失: 0.000444 | 测试集损失: 0.000342
2026-07-06 17:10:31,904 - INFO: 早停: 第 21 轮停止，最佳测试损失: 0.000337
2026-07-06 17:10:31,906 - INFO: IC = 0.0264
2026-07-06 17:10:34,424 - INFO: 当前训练轮数 10 | 训练集损失: 0.000445 | 测试集损失: 0.000152
2026-07-06 17:10:36,677 - INFO: 早停: 第 19 轮停止，最佳测试损失: 0.000151
2026-07-06 17:10:36,680 - INFO: IC = 0.0423
2026-07-06 17:10:39,520 - INFO: 当前训练轮数 10 | 训练集损失: 0.000444 | 测试集损失: 0.000131
2026-07-06 17:10:42,354 - INFO: 当前训练轮数 20 | 训练集损失: 0.000440 | 测试集损失: 0.000159
2026-07-06 17:10:45,159 - INFO: 当前训练轮数 30 | 训练集损失: 0.000393 | 测试集损失: 0.000139
2026-07-06 17:10:45,160 - INFO: 早停: 第 30 轮停止，最佳测试损失: 0.000130
2026-07-06 17:10:45,163 - INFO: IC = 0.1504
2026-07-06 17:10:48,439 - INFO: 当前训练轮数 10 | 训练集损失: 0.000501 | 测试集损失: 0.000169
2026-07-06 17:10:51,669 - INFO: 当前训练轮数 20 | 训练集损失: 0.000421 | 测试集损失: 0.000137
2026-07-06 17:10:52,322 - INFO: 早停: 第 22 轮停止，最佳测试损失: 0.000135
2026-07-06 17:10:52,325 - INFO: IC = 0.1476
2026-07-06 17:10:55,990 - INFO: 当前训练轮数 10 | 训练集损失: 0.000356 | 测试集损失: 0.000212
2026-07-06 17:10:59,569 - INFO: 当前训练轮数 20 | 训练集损失: 0.000355 | 测试集损失: 0.000212
2026-07-06 17:10:59,569 - INFO: 早停: 第 20 轮停止，最佳测试损失: 0.000207
2026-07-06 17:10:59,573 - INFO: IC = -0.0468
2026-07-06 17:18:27,673 - INFO: 当前训练轮数 10 | 训练集损失: 0.690758 | 测试集损失: 0.724535
2026-07-06 17:18:28,343 - INFO: 早停: 第 16 轮停止，最佳测试损失: 0.697862
2026-07-06 17:18:28,350 - INFO: 准确率 = 47.47%
2026-07-06 17:18:29,839 - INFO: 当前训练轮数 10 | 训练集损失: 0.691659 | 测试集损失: 0.702906
2026-07-06 17:18:30,824 - INFO: 早停: 第 17 轮停止，最佳测试损失: 0.698794
2026-07-06 17:18:30,827 - INFO: 准确率 = 43.88%
2026-07-06 17:18:32,545 - INFO: 当前训练轮数 10 | 训练集损失: 0.692267 | 测试集损失: 0.691972
2026-07-06 17:18:34,293 - INFO: 当前训练轮数 20 | 训练集损失: 0.690818 | 测试集损失: 0.691582
2026-07-06 17:18:36,107 - INFO: 当前训练轮数 30 | 训练集损失: 0.689960 | 测试集损失: 0.689899
2026-07-06 17:18:37,927 - INFO: 当前训练轮数 40 | 训练集损失: 0.687818 | 测试集损失: 0.690422
2026-07-06 17:18:38,619 - INFO: 早停: 第 44 轮停止，最佳测试损失: 0.689359
2026-07-06 17:18:38,622 - INFO: 准确率 = 50.51%
2026-07-06 17:18:40,674 - INFO: 当前训练轮数 10 | 训练集损失: 0.691571 | 测试集损失: 0.691922
2026-07-06 17:18:42,844 - INFO: 当前训练轮数 20 | 训练集损失: 0.689686 | 测试集损失: 0.690439
2026-07-06 17:18:44,939 - INFO: 当前训练轮数 30 | 训练集损失: 0.676666 | 测试集损失: 0.697150
2026-07-06 17:18:44,939 - INFO: 早停: 第 30 轮停止，最佳测试损失: 0.689918
2026-07-06 17:18:44,942 - INFO: 准确率 = 57.14%
2026-07-06 17:18:47,318 - INFO: 当前训练轮数 10 | 训练集损失: 0.692171 | 测试集损失: 0.694491
2026-07-06 17:18:48,834 - INFO: 早停: 第 16 轮停止，最佳测试损失: 0.692191
2026-07-06 17:18:48,837 - INFO: 准确率 = 43.88%
2026-07-06 17:18:51,594 - INFO: 当前训练轮数 10 | 训练集损失: 0.692173 | 测试集损失: 0.686797
2026-07-06 17:18:53,244 - INFO: 早停: 第 16 轮停止，最佳测试损失: 0.686307
2026-07-06 17:18:53,246 - INFO: 准确率 = 60.20%
2026-07-06 17:18:56,286 - INFO: 当前训练轮数 10 | 训练集损失: 0.692061 | 测试集损失: 0.690570
2026-07-06 17:18:58,191 - INFO: 早停: 第 16 轮停止，最佳测试损失: 0.688321
2026-07-06 17:18:58,195 - INFO: 准确率 = 52.04%
2026-07-06 17:19:01,762 - INFO: 当前训练轮数 10 | 训练集损失: 0.691473 | 测试集损失: 0.682584
2026-07-06 17:19:03,873 - INFO: 早停: 第 16 轮停止，最佳测试损失: 0.679409
2026-07-06 17:19:03,877 - INFO: 准确率 = 61.86%
